[2023-03-26 04:53:09.128] [Information] () <> Application is starting
[2023-03-26 04:53:09.240] [Information] () <> 
**********************************************************************
**                      HCS Services                                **
**                    [Version 1.0.0]                               **
**  ©2022-2023 Health Care Solutions. All rights reserved           **
**********************************************************************

[2023-03-26 04:53:29.212] [Information] () <HCS.Security.Service.SecurityLogService> Login api method started.

[2023-03-26 04:53:29.400] [Information] () <HCS.Security.Service.SecurityLogService> Login api method request is: 
{
  "UserName": "rohine",
  "Password": "routine"
}

[2023-03-26 04:53:29.483] [Information] () <HCS.Security.Service.SecurityLogService> Authenticate (User service) method request is: 
{
  "UserName": "rohine",
  "Password": "routine"
}

[2023-03-26 04:53:34.043] [Information] () <HCS.Security.Service.SecurityLogService> Authenticate (User service) method response is: 
{
  "Success": true,
  "Message": "Authentation success!",
  "MessageType": 1,
  "ResponseCode": 200,
  "Result": {
    "access_token": "eyJhbGciOiJIUzI1NiIsInR5cCI6IkpXVCJ9.eyJzdWIiOiJKV1RTZXJ2aWNlQWNjZXNzVG9rZW4iLCJqdGkiOiJkNDcxNWY0Yy0xYmM2LTQ1OWItOTNiMy1lYjljYzU4YmIzOTYiLCJpYXQiOjE2Nzk3OTIwMTMsIlVzZXJJZCI6IjgzZDMyMWExLWU1ZTEtNGY3Yy05ZWRlLTczODJiMWVjMjkxNyIsIkZ1bGxOYW1lIjoiQW5hbm55YSBSb2hpbmUxIiwiVXNlck5hbWUiOiJyb2hpbmUiLCJFbWFpbCI6InJvaGluZTIwMDhAZ21haWwuY29tIiwibmJmIjoxNjc5NzkyMDEzLCJleHAiOjE2Nzk4MjgwMTN9.tecMr1QVXTU6jyQc3nhqXoftWLT5WmTRG2PeytHnPE8",
    "expires_in": 36000,
    "token_type": "bearer",
    "error": "",
    "error_description": "",
    "user": {
      "Id": "83d321a1-e5e1-4f7c-9ede-7382b1ec2917",
      "FullName": "rohine",
      "UserName": "rohine",
      "Email": "rohine2008@gmail.com",
      "UserRole": "User"
    }
  }
}

[2023-03-26 04:53:34.045] [Information] () <HCS.Security.Service.SecurityLogService> Login api method response is: 
{
  "Success": true,
  "Message": "Authentation success!",
  "MessageType": 1,
  "ResponseCode": 200,
  "Result": {
    "access_token": "eyJhbGciOiJIUzI1NiIsInR5cCI6IkpXVCJ9.eyJzdWIiOiJKV1RTZXJ2aWNlQWNjZXNzVG9rZW4iLCJqdGkiOiJkNDcxNWY0Yy0xYmM2LTQ1OWItOTNiMy1lYjljYzU4YmIzOTYiLCJpYXQiOjE2Nzk3OTIwMTMsIlVzZXJJZCI6IjgzZDMyMWExLWU1ZTEtNGY3Yy05ZWRlLTczODJiMWVjMjkxNyIsIkZ1bGxOYW1lIjoiQW5hbm55YSBSb2hpbmUxIiwiVXNlck5hbWUiOiJyb2hpbmUiLCJFbWFpbCI6InJvaGluZTIwMDhAZ21haWwuY29tIiwibmJmIjoxNjc5NzkyMDEzLCJleHAiOjE2Nzk4MjgwMTN9.tecMr1QVXTU6jyQc3nhqXoftWLT5WmTRG2PeytHnPE8",
    "expires_in": 36000,
    "token_type": "bearer",
    "error": "",
    "error_description": "",
    "user": {
      "Id": "83d321a1-e5e1-4f7c-9ede-7382b1ec2917",
      "FullName": "rohine",
      "UserName": "rohine",
      "Email": "rohine2008@gmail.com",
      "UserRole": "User"
    }
  }
}

[2023-03-26 04:53:34.102] [Information] () <Serilog.AspNetCore.RequestLoggingMiddleware> HTTP "POST" "/api/User/login" responded 200 in 5821.3220 ms
