[2023-04-10 03:31:26.920] [Information] () <> Application is starting
[2023-04-10 03:31:26.997] [Information] () <> 
**********************************************************************
**                      HCS Services                                **
**                    [Version 1.0.0]                               **
**  ©2022-2023 Health Care Solutions. All rights reserved           **
**********************************************************************

[2023-04-10 03:33:05.645] [Information] () <Serilog.AspNetCore.RequestLoggingMiddleware> HTTP "POST" "/api/User/login" responded 400 in 1106.8653 ms
[2023-04-10 03:47:55.356] [Information] () <> Application is starting
[2023-04-10 03:47:55.494] [Information] () <> 
**********************************************************************
**                      HCS Services                                **
**                    [Version 1.0.0]                               **
**  ©2022-2023 Health Care Solutions. All rights reserved           **
**********************************************************************

[2023-04-10 03:49:11.072] [Information] () <Serilog.AspNetCore.RequestLoggingMiddleware> HTTP "POST" "/api/User/login" responded 400 in 478.3955 ms
[2023-04-10 03:49:37.847] [Information] () <> Application is starting
[2023-04-10 03:49:37.963] [Information] () <> 
**********************************************************************
**                      HCS Services                                **
**                    [Version 1.0.0]                               **
**  ©2022-2023 Health Care Solutions. All rights reserved           **
**********************************************************************

[2023-04-10 03:50:06.783] [Information] () <Serilog.AspNetCore.RequestLoggingMiddleware> HTTP "POST" "/api/User/login" responded 400 in 486.5701 ms
[2023-04-10 03:51:30.718] [Information] () <Serilog.AspNetCore.RequestLoggingMiddleware> HTTP "POST" "/api/User/login" responded 400 in 12.0536 ms
[2023-04-10 03:58:00.293] [Information] () <> Application is starting
[2023-04-10 03:58:00.368] [Information] () <> 
**********************************************************************
**                      HCS Services                                **
**                    [Version 1.0.0]                               **
**  ©2022-2023 Health Care Solutions. All rights reserved           **
**********************************************************************

[2023-04-10 03:58:49.879] [Information] () <Serilog.AspNetCore.RequestLoggingMiddleware> HTTP "POST" "/api/User/login" responded 400 in 646.7309 ms
[2023-04-10 03:59:47.190] [Information] () <> Application is starting
[2023-04-10 03:59:47.341] [Information] () <> 
**********************************************************************
**                      HCS Services                                **
**                    [Version 1.0.0]                               **
**  ©2022-2023 Health Care Solutions. All rights reserved           **
**********************************************************************

[2023-04-10 04:00:14.831] [Information] () <Serilog.AspNetCore.RequestLoggingMiddleware> HTTP "POST" "/api/User/login" responded 400 in 854.7660 ms
[2023-04-10 04:14:31.865] [Information] () <> Application is starting
[2023-04-10 04:14:31.936] [Information] () <> 
**********************************************************************
**                      HCS Services                                **
**                    [Version 1.0.0]                               **
**  ©2022-2023 Health Care Solutions. All rights reserved           **
**********************************************************************

[2023-04-10 04:18:06.795] [Information] () <Serilog.AspNetCore.RequestLoggingMiddleware> HTTP "POST" "/api/User/login" responded 400 in 1430.4550 ms
[2023-04-10 04:32:57.140] [Information] () <> Application is starting
[2023-04-10 04:32:57.270] [Information] () <> 
**********************************************************************
**                      HCS Services                                **
**                    [Version 1.0.0]                               **
**  ©2022-2023 Health Care Solutions. All rights reserved           **
**********************************************************************

[2023-04-10 04:38:56.189] [Information] () <> Application is starting
[2023-04-10 04:38:56.386] [Information] () <> 
**********************************************************************
**                      HCS Services                                **
**                    [Version 1.0.0]                               **
**  ©2022-2023 Health Care Solutions. All rights reserved           **
**********************************************************************

[2023-04-10 04:45:04.863] [Information] () <Serilog.AspNetCore.RequestLoggingMiddleware> HTTP "POST" "/api/User/login" responded 400 in 463.3258 ms
[2023-04-10 05:03:42.091] [Information] () <> Application is starting
[2023-04-10 05:03:42.180] [Information] () <> 
**********************************************************************
**                      HCS Services                                **
**                    [Version 1.0.0]                               **
**  ©2022-2023 Health Care Solutions. All rights reserved           **
**********************************************************************

[2023-04-10 05:04:25.662] [Information] () <Serilog.AspNetCore.RequestLoggingMiddleware> HTTP "POST" "/api/User/login" responded 400 in 985.7330 ms
[2023-04-10 05:54:36.266] [Information] () <> Application is starting
[2023-04-10 05:54:36.414] [Information] () <> 
**********************************************************************
**                      HCS Services                                **
**                    [Version 1.0.0]                               **
**  ©2022-2023 Health Care Solutions. All rights reserved           **
**********************************************************************

[2023-04-10 05:56:03.657] [Information] () <Serilog.AspNetCore.RequestLoggingMiddleware> HTTP "POST" "/api/User/login" responded 400 in 495.8466 ms
[2023-04-10 05:57:24.289] [Information] () <Serilog.AspNetCore.RequestLoggingMiddleware> HTTP "POST" "/api/User/login" responded 400 in 11707.2898 ms
[2023-04-10 05:59:20.643] [Information] () <Serilog.AspNetCore.RequestLoggingMiddleware> HTTP "POST" "/api/User/login" responded 400 in 6255.4287 ms
[2023-04-10 06:01:31.562] [Information] () <Serilog.AspNetCore.RequestLoggingMiddleware> HTTP "POST" "/api/User/login" responded 400 in 1662.6402 ms
[2023-04-10 06:12:50.286] [Information] () <Serilog.AspNetCore.RequestLoggingMiddleware> HTTP "POST" "/api/User/login" responded 400 in 1520.2587 ms
[2023-04-10 06:17:40.331] [Information] () <Serilog.AspNetCore.RequestLoggingMiddleware> HTTP "POST" "/api/User/login" responded 400 in 2228.0530 ms
[2023-04-10 06:23:17.696] [Information] () <Serilog.AspNetCore.RequestLoggingMiddleware> HTTP "POST" "/api/User/login" responded 400 in 907.3394 ms
[2023-04-10 06:26:28.209] [Information] () <> Application is starting
[2023-04-10 06:26:28.362] [Information] () <> 
**********************************************************************
**                      HCS Services                                **
**                    [Version 1.0.0]                               **
**  ©2022-2023 Health Care Solutions. All rights reserved           **
**********************************************************************

[2023-04-10 06:27:29.954] [Information] () <Serilog.AspNetCore.RequestLoggingMiddleware> HTTP "POST" "/api/User/login" responded 400 in 2847.5804 ms
[2023-04-10 06:28:50.444] [Information] () <> Application is starting
[2023-04-10 06:28:50.581] [Information] () <> 
**********************************************************************
**                      HCS Services                                **
**                    [Version 1.0.0]                               **
**  ©2022-2023 Health Care Solutions. All rights reserved           **
**********************************************************************

[2023-04-10 06:30:07.134] [Information] () <Serilog.AspNetCore.RequestLoggingMiddleware> HTTP "POST" "/api/User/login" responded 400 in 2553.4396 ms
[2023-04-10 06:41:07.716] [Information] () <Serilog.AspNetCore.RequestLoggingMiddleware> HTTP "POST" "/api/User/login" responded 400 in 6730.9455 ms
[2023-04-10 06:45:00.309] [Information] () <> Application is starting
[2023-04-10 06:45:00.380] [Information] () <> 
**********************************************************************
**                      HCS Services                                **
**                    [Version 1.0.0]                               **
**  ©2022-2023 Health Care Solutions. All rights reserved           **
**********************************************************************

[2023-04-10 06:45:48.714] [Information] () <Serilog.AspNetCore.RequestLoggingMiddleware> HTTP "POST" "/api/User/login" responded 400 in 3512.6470 ms
[2023-04-10 06:48:25.821] [Information] () <> Application is starting
[2023-04-10 06:48:26.011] [Information] () <> 
**********************************************************************
**                      HCS Services                                **
**                    [Version 1.0.0]                               **
**  ©2022-2023 Health Care Solutions. All rights reserved           **
**********************************************************************

[2023-04-10 06:49:24.025] [Information] () <Serilog.AspNetCore.RequestLoggingMiddleware> HTTP "POST" "/api/User/login" responded 400 in 11924.1326 ms
[2023-04-10 06:51:51.933] [Information] () <> Application is starting
[2023-04-10 06:51:52.077] [Information] () <> 
**********************************************************************
**                      HCS Services                                **
**                    [Version 1.0.0]                               **
**  ©2022-2023 Health Care Solutions. All rights reserved           **
**********************************************************************

[2023-04-10 06:52:37.024] [Information] () <Serilog.AspNetCore.RequestLoggingMiddleware> HTTP "POST" "/api/User/login" responded 400 in 1900.4934 ms
[2023-04-10 06:58:28.323] [Information] () <> Application is starting
[2023-04-10 06:58:28.457] [Information] () <> 
**********************************************************************
**                      HCS Services                                **
**                    [Version 1.0.0]                               **
**  ©2022-2023 Health Care Solutions. All rights reserved           **
**********************************************************************

[2023-04-10 06:59:24.122] [Information] () <Serilog.AspNetCore.RequestLoggingMiddleware> HTTP "POST" "/api/User/login" responded 400 in 1599.4144 ms
[2023-04-10 07:27:52.752] [Information] () <> Application is starting
[2023-04-10 07:27:52.822] [Information] () <> 
**********************************************************************
**                      HCS Services                                **
**                    [Version 1.0.0]                               **
**  ©2022-2023 Health Care Solutions. All rights reserved           **
**********************************************************************

[2023-04-10 07:28:37.474] [Information] () <HCS.Security.Service.SecurityLogService> Login api method started.

[2023-04-10 07:28:37.528] [Information] () <HCS.Security.Service.SecurityLogService> Login api method request is: 
{
  "UserName": "sree",
  "Password": "password"
}

[2023-04-10 07:28:38.515] [Information] () <HCS.Security.Service.SecurityLogService> Authenticate (User service) method request is: 
{
  "UserName": "sree",
  "Password": "password"
}

[2023-04-10 07:28:41.902] [Information] () <HCS.Security.Service.SecurityLogService> Authenticate (User service) method response is: 
{
  "Success": true,
  "Message": "Authentation success!",
  "MessageType": 1,
  "ResponseCode": 200,
  "Result": {
    "access_token": "eyJhbGciOiJIUzI1NiIsInR5cCI6IkpXVCJ9.eyJzdWIiOiJKV1RTZXJ2aWNlQWNjZXNzVG9rZW4iLCJqdGkiOiIxYmE2MjZjYS02OTY5LTQ4NDQtOWNiZi00OTM4NWE2NDEyMDMiLCJpYXQiOjE2ODEwOTczMjEsIlVzZXJJZCI6ImMxYzkzYTgzLTljN2YtNDMyMC1iOTZiLTEzM2VmNDAxOTkwZCIsIkZ1bGxOYW1lIjoiU3JlZW1vbnRhIEJob3dtaWsiLCJVc2VyTmFtZSI6InNyZWUiLCJFbWFpbCI6InNiaG93bWlrY3NlMDhAZ21haWwuY29tIiwibmJmIjoxNjgxMDk3MzIxLCJleHAiOjE2ODExMzMzMjF9.kIVWotdsCxZCGfChdE9yCL7_7zzOa6T9bPs5CwNormM",
    "expires_in": 36000,
    "token_type": "bearer",
    "error": "",
    "error_description": "",
    "user": {
      "Id": "c1c93a83-9c7f-4320-b96b-133ef401990d",
      "FullName": "sree",
      "UserName": "sree",
      "Email": "sbhowmikcse08@gmail.com",
      "UserRole": "Admin"
    }
  }
}

[2023-04-10 07:28:41.904] [Information] () <HCS.Security.Service.SecurityLogService> Login api method response is: 
{
  "Success": true,
  "Message": "Authentation success!",
  "MessageType": 1,
  "ResponseCode": 200,
  "Result": {
    "access_token": "eyJhbGciOiJIUzI1NiIsInR5cCI6IkpXVCJ9.eyJzdWIiOiJKV1RTZXJ2aWNlQWNjZXNzVG9rZW4iLCJqdGkiOiIxYmE2MjZjYS02OTY5LTQ4NDQtOWNiZi00OTM4NWE2NDEyMDMiLCJpYXQiOjE2ODEwOTczMjEsIlVzZXJJZCI6ImMxYzkzYTgzLTljN2YtNDMyMC1iOTZiLTEzM2VmNDAxOTkwZCIsIkZ1bGxOYW1lIjoiU3JlZW1vbnRhIEJob3dtaWsiLCJVc2VyTmFtZSI6InNyZWUiLCJFbWFpbCI6InNiaG93bWlrY3NlMDhAZ21haWwuY29tIiwibmJmIjoxNjgxMDk3MzIxLCJleHAiOjE2ODExMzMzMjF9.kIVWotdsCxZCGfChdE9yCL7_7zzOa6T9bPs5CwNormM",
    "expires_in": 36000,
    "token_type": "bearer",
    "error": "",
    "error_description": "",
    "user": {
      "Id": "c1c93a83-9c7f-4320-b96b-133ef401990d",
      "FullName": "sree",
      "UserName": "sree",
      "Email": "sbhowmikcse08@gmail.com",
      "UserRole": "Admin"
    }
  }
}

[2023-04-10 07:28:41.947] [Information] () <Serilog.AspNetCore.RequestLoggingMiddleware> HTTP "POST" "/api/User/login" responded 200 in 12660.7183 ms
