[2023-04-06 00:17:15.203] [Information] () <HCS.Security.Service.SecurityLogService> Login api method started.

[2023-04-06 00:17:15.368] [Information] () <HCS.Security.Service.SecurityLogService> Login api method request is: 
{
  "UserName": "sree",
  "Password": "password"
}

[2023-04-06 00:17:15.434] [Information] () <HCS.Security.Service.SecurityLogService> Authenticate (User service) method request is: 
{
  "UserName": "sree",
  "Password": "password"
}

[2023-04-06 00:17:19.141] [Information] () <HCS.Security.Service.SecurityLogService> Authenticate (User service) method response is: 
{
  "Success": true,
  "Message": "Authentation success!",
  "MessageType": 1,
  "ResponseCode": 200,
  "Result": {
    "access_token": "eyJhbGciOiJIUzI1NiIsInR5cCI6IkpXVCJ9.eyJzdWIiOiJKV1RTZXJ2aWNlQWNjZXNzVG9rZW4iLCJqdGkiOiJjMzcyYjExYS1hYjg4LTRjNWItOGY1NS0wN2U3MDk0ZDBjODYiLCJpYXQiOjE2ODA3MjU4MzgsIlVzZXJJZCI6ImMxYzkzYTgzLTljN2YtNDMyMC1iOTZiLTEzM2VmNDAxOTkwZCIsIkZ1bGxOYW1lIjoiU3JlZW1vbnRhIEJob3dtaWsiLCJVc2VyTmFtZSI6InNyZWUiLCJFbWFpbCI6InNiaG93bWlrY3NlMDhAZ21haWwuY29tIiwibmJmIjoxNjgwNzI1ODM4LCJleHAiOjE2ODA3NjE4Mzh9.9nRnNSZYGEcYosdDjYxeXHwlnQvE2fxc7lC8zvSvIF0",
    "expires_in": 36000,
    "token_type": "bearer",
    "error": "",
    "error_description": "",
    "user": {
      "Id": "c1c93a83-9c7f-4320-b96b-133ef401990d",
      "FullName": "sree",
      "UserName": "sree",
      "Email": "sbhowmikcse08@gmail.com",
      "UserRole": "Admin"
    }
  }
}

[2023-04-06 00:17:19.144] [Information] () <HCS.Security.Service.SecurityLogService> Login api method response is: 
{
  "Success": true,
  "Message": "Authentation success!",
  "MessageType": 1,
  "ResponseCode": 200,
  "Result": {
    "access_token": "eyJhbGciOiJIUzI1NiIsInR5cCI6IkpXVCJ9.eyJzdWIiOiJKV1RTZXJ2aWNlQWNjZXNzVG9rZW4iLCJqdGkiOiJjMzcyYjExYS1hYjg4LTRjNWItOGY1NS0wN2U3MDk0ZDBjODYiLCJpYXQiOjE2ODA3MjU4MzgsIlVzZXJJZCI6ImMxYzkzYTgzLTljN2YtNDMyMC1iOTZiLTEzM2VmNDAxOTkwZCIsIkZ1bGxOYW1lIjoiU3JlZW1vbnRhIEJob3dtaWsiLCJVc2VyTmFtZSI6InNyZWUiLCJFbWFpbCI6InNiaG93bWlrY3NlMDhAZ21haWwuY29tIiwibmJmIjoxNjgwNzI1ODM4LCJleHAiOjE2ODA3NjE4Mzh9.9nRnNSZYGEcYosdDjYxeXHwlnQvE2fxc7lC8zvSvIF0",
    "expires_in": 36000,
    "token_type": "bearer",
    "error": "",
    "error_description": "",
    "user": {
      "Id": "c1c93a83-9c7f-4320-b96b-133ef401990d",
      "FullName": "sree",
      "UserName": "sree",
      "Email": "sbhowmikcse08@gmail.com",
      "UserRole": "Admin"
    }
  }
}

[2023-04-06 00:17:19.196] [Information] () <Serilog.AspNetCore.RequestLoggingMiddleware> HTTP "POST" "/api/User/login" responded 200 in 5069.9752 ms
[2023-04-06 00:18:21.420] [Information] () <HCS.Security.Service.SecurityLogService> Login api method started.

[2023-04-06 00:18:21.420] [Information] () <HCS.Security.Service.SecurityLogService> Login api method request is: 
{
  "UserName": "sree",
  "Password": "password"
}

[2023-04-06 00:18:21.422] [Information] () <HCS.Security.Service.SecurityLogService> Authenticate (User service) method request is: 
{
  "UserName": "sree",
  "Password": "password"
}

[2023-04-06 00:18:21.548] [Information] () <HCS.Security.Service.SecurityLogService> Authenticate (User service) method response is: 
{
  "Success": true,
  "Message": "Authentation success!",
  "MessageType": 1,
  "ResponseCode": 200,
  "Result": {
    "access_token": "eyJhbGciOiJIUzI1NiIsInR5cCI6IkpXVCJ9.eyJzdWIiOiJKV1RTZXJ2aWNlQWNjZXNzVG9rZW4iLCJqdGkiOiI5YTE2M2E0YS05NWI1LTQ2YzUtOTQxYy1jYjMxMDMyNzcyNDgiLCJpYXQiOjE2ODA3MjU5MDEsIlVzZXJJZCI6ImMxYzkzYTgzLTljN2YtNDMyMC1iOTZiLTEzM2VmNDAxOTkwZCIsIkZ1bGxOYW1lIjoiU3JlZW1vbnRhIEJob3dtaWsiLCJVc2VyTmFtZSI6InNyZWUiLCJFbWFpbCI6InNiaG93bWlrY3NlMDhAZ21haWwuY29tIiwibmJmIjoxNjgwNzI1OTAxLCJleHAiOjE2ODA3NjE5MDF9.ZRNe5nj4GRVnW0Hr6VvlS5sZAi05bW52FoSi1hWYkRA",
    "expires_in": 36000,
    "token_type": "bearer",
    "error": "",
    "error_description": "",
    "user": {
      "Id": "c1c93a83-9c7f-4320-b96b-133ef401990d",
      "FullName": "sree",
      "UserName": "sree",
      "Email": "sbhowmikcse08@gmail.com",
      "UserRole": "Admin"
    }
  }
}

[2023-04-06 00:18:21.551] [Information] () <HCS.Security.Service.SecurityLogService> Login api method response is: 
{
  "Success": true,
  "Message": "Authentation success!",
  "MessageType": 1,
  "ResponseCode": 200,
  "Result": {
    "access_token": "eyJhbGciOiJIUzI1NiIsInR5cCI6IkpXVCJ9.eyJzdWIiOiJKV1RTZXJ2aWNlQWNjZXNzVG9rZW4iLCJqdGkiOiI5YTE2M2E0YS05NWI1LTQ2YzUtOTQxYy1jYjMxMDMyNzcyNDgiLCJpYXQiOjE2ODA3MjU5MDEsIlVzZXJJZCI6ImMxYzkzYTgzLTljN2YtNDMyMC1iOTZiLTEzM2VmNDAxOTkwZCIsIkZ1bGxOYW1lIjoiU3JlZW1vbnRhIEJob3dtaWsiLCJVc2VyTmFtZSI6InNyZWUiLCJFbWFpbCI6InNiaG93bWlrY3NlMDhAZ21haWwuY29tIiwibmJmIjoxNjgwNzI1OTAxLCJleHAiOjE2ODA3NjE5MDF9.ZRNe5nj4GRVnW0Hr6VvlS5sZAi05bW52FoSi1hWYkRA",
    "expires_in": 36000,
    "token_type": "bearer",
    "error": "",
    "error_description": "",
    "user": {
      "Id": "c1c93a83-9c7f-4320-b96b-133ef401990d",
      "FullName": "sree",
      "UserName": "sree",
      "Email": "sbhowmikcse08@gmail.com",
      "UserRole": "Admin"
    }
  }
}

[2023-04-06 00:18:21.554] [Information] () <Serilog.AspNetCore.RequestLoggingMiddleware> HTTP "POST" "/api/User/login" responded 200 in 137.9797 ms
[2023-04-06 00:21:23.300] [Information] () <HCS.Security.Service.SecurityLogService> Login api method started.

[2023-04-06 00:21:23.300] [Information] () <HCS.Security.Service.SecurityLogService> Login api method request is: 
{
  "UserName": "sree",
  "Password": "password"
}

[2023-04-06 00:21:23.302] [Information] () <HCS.Security.Service.SecurityLogService> Authenticate (User service) method request is: 
{
  "UserName": "sree",
  "Password": "password"
}

[2023-04-06 00:21:23.511] [Information] () <HCS.Security.Service.SecurityLogService> Authenticate (User service) method response is: 
{
  "Success": true,
  "Message": "Authentation success!",
  "MessageType": 1,
  "ResponseCode": 200,
  "Result": {
    "access_token": "eyJhbGciOiJIUzI1NiIsInR5cCI6IkpXVCJ9.eyJzdWIiOiJKV1RTZXJ2aWNlQWNjZXNzVG9rZW4iLCJqdGkiOiJiMWRhMGE5My0yYmQ0LTQzNjMtOTAwYS04YWU5MGJjODVkMTkiLCJpYXQiOjE2ODA3MjYwODMsIlVzZXJJZCI6ImMxYzkzYTgzLTljN2YtNDMyMC1iOTZiLTEzM2VmNDAxOTkwZCIsIkZ1bGxOYW1lIjoiU3JlZW1vbnRhIEJob3dtaWsiLCJVc2VyTmFtZSI6InNyZWUiLCJFbWFpbCI6InNiaG93bWlrY3NlMDhAZ21haWwuY29tIiwibmJmIjoxNjgwNzI2MDgzLCJleHAiOjE2ODA3NjIwODN9.DGJCc2lxIQ1Td3rB5eR4fAanU_mn23rG0SkUAZ2HrTM",
    "expires_in": 36000,
    "token_type": "bearer",
    "error": "",
    "error_description": "",
    "user": {
      "Id": "c1c93a83-9c7f-4320-b96b-133ef401990d",
      "FullName": "sree",
      "UserName": "sree",
      "Email": "sbhowmikcse08@gmail.com",
      "UserRole": "Admin"
    }
  }
}

[2023-04-06 00:21:23.515] [Information] () <HCS.Security.Service.SecurityLogService> Login api method response is: 
{
  "Success": true,
  "Message": "Authentation success!",
  "MessageType": 1,
  "ResponseCode": 200,
  "Result": {
    "access_token": "eyJhbGciOiJIUzI1NiIsInR5cCI6IkpXVCJ9.eyJzdWIiOiJKV1RTZXJ2aWNlQWNjZXNzVG9rZW4iLCJqdGkiOiJiMWRhMGE5My0yYmQ0LTQzNjMtOTAwYS04YWU5MGJjODVkMTkiLCJpYXQiOjE2ODA3MjYwODMsIlVzZXJJZCI6ImMxYzkzYTgzLTljN2YtNDMyMC1iOTZiLTEzM2VmNDAxOTkwZCIsIkZ1bGxOYW1lIjoiU3JlZW1vbnRhIEJob3dtaWsiLCJVc2VyTmFtZSI6InNyZWUiLCJFbWFpbCI6InNiaG93bWlrY3NlMDhAZ21haWwuY29tIiwibmJmIjoxNjgwNzI2MDgzLCJleHAiOjE2ODA3NjIwODN9.DGJCc2lxIQ1Td3rB5eR4fAanU_mn23rG0SkUAZ2HrTM",
    "expires_in": 36000,
    "token_type": "bearer",
    "error": "",
    "error_description": "",
    "user": {
      "Id": "c1c93a83-9c7f-4320-b96b-133ef401990d",
      "FullName": "sree",
      "UserName": "sree",
      "Email": "sbhowmikcse08@gmail.com",
      "UserRole": "Admin"
    }
  }
}

[2023-04-06 00:21:23.519] [Information] () <Serilog.AspNetCore.RequestLoggingMiddleware> HTTP "POST" "/api/User/login" responded 200 in 222.1340 ms
[2023-04-06 00:22:10.726] [Information] () <HCS.Security.Service.SecurityLogService> Login api method started.

[2023-04-06 00:22:10.726] [Information] () <HCS.Security.Service.SecurityLogService> Login api method request is: 
{
  "UserName": "sree",
  "Password": "password"
}

[2023-04-06 00:22:10.727] [Information] () <HCS.Security.Service.SecurityLogService> Authenticate (User service) method request is: 
{
  "UserName": "sree",
  "Password": "password"
}

[2023-04-06 00:22:10.835] [Information] () <HCS.Security.Service.SecurityLogService> Authenticate (User service) method response is: 
{
  "Success": true,
  "Message": "Authentation success!",
  "MessageType": 1,
  "ResponseCode": 200,
  "Result": {
    "access_token": "eyJhbGciOiJIUzI1NiIsInR5cCI6IkpXVCJ9.eyJzdWIiOiJKV1RTZXJ2aWNlQWNjZXNzVG9rZW4iLCJqdGkiOiJiYWE4OWZlNS0wZmUxLTQ3MmItOGJhOS0yZTQwYWMwZjUzN2UiLCJpYXQiOjE2ODA3MjYxMzAsIlVzZXJJZCI6ImMxYzkzYTgzLTljN2YtNDMyMC1iOTZiLTEzM2VmNDAxOTkwZCIsIkZ1bGxOYW1lIjoiU3JlZW1vbnRhIEJob3dtaWsiLCJVc2VyTmFtZSI6InNyZWUiLCJFbWFpbCI6InNiaG93bWlrY3NlMDhAZ21haWwuY29tIiwibmJmIjoxNjgwNzI2MTMwLCJleHAiOjE2ODA3NjIxMzB9.4vH5MHp77FFFSsnRBj8tDQZsFwfmRHJGv5Z3EL_WYYk",
    "expires_in": 36000,
    "token_type": "bearer",
    "error": "",
    "error_description": "",
    "user": {
      "Id": "c1c93a83-9c7f-4320-b96b-133ef401990d",
      "FullName": "sree",
      "UserName": "sree",
      "Email": "sbhowmikcse08@gmail.com",
      "UserRole": "Admin"
    }
  }
}

[2023-04-06 00:22:10.838] [Information] () <HCS.Security.Service.SecurityLogService> Login api method response is: 
{
  "Success": true,
  "Message": "Authentation success!",
  "MessageType": 1,
  "ResponseCode": 200,
  "Result": {
    "access_token": "eyJhbGciOiJIUzI1NiIsInR5cCI6IkpXVCJ9.eyJzdWIiOiJKV1RTZXJ2aWNlQWNjZXNzVG9rZW4iLCJqdGkiOiJiYWE4OWZlNS0wZmUxLTQ3MmItOGJhOS0yZTQwYWMwZjUzN2UiLCJpYXQiOjE2ODA3MjYxMzAsIlVzZXJJZCI6ImMxYzkzYTgzLTljN2YtNDMyMC1iOTZiLTEzM2VmNDAxOTkwZCIsIkZ1bGxOYW1lIjoiU3JlZW1vbnRhIEJob3dtaWsiLCJVc2VyTmFtZSI6InNyZWUiLCJFbWFpbCI6InNiaG93bWlrY3NlMDhAZ21haWwuY29tIiwibmJmIjoxNjgwNzI2MTMwLCJleHAiOjE2ODA3NjIxMzB9.4vH5MHp77FFFSsnRBj8tDQZsFwfmRHJGv5Z3EL_WYYk",
    "expires_in": 36000,
    "token_type": "bearer",
    "error": "",
    "error_description": "",
    "user": {
      "Id": "c1c93a83-9c7f-4320-b96b-133ef401990d",
      "FullName": "sree",
      "UserName": "sree",
      "Email": "sbhowmikcse08@gmail.com",
      "UserRole": "Admin"
    }
  }
}

[2023-04-06 00:22:10.840] [Information] () <Serilog.AspNetCore.RequestLoggingMiddleware> HTTP "POST" "/api/User/login" responded 200 in 114.8527 ms
[2023-04-06 00:22:42.534] [Information] () <HCS.Security.Service.SecurityLogService> Login api method started.

[2023-04-06 00:22:42.535] [Information] () <HCS.Security.Service.SecurityLogService> Login api method request is: 
{
  "UserName": "sree",
  "Password": "password"
}

[2023-04-06 00:22:42.536] [Information] () <HCS.Security.Service.SecurityLogService> Authenticate (User service) method request is: 
{
  "UserName": "sree",
  "Password": "password"
}

[2023-04-06 00:22:42.641] [Information] () <HCS.Security.Service.SecurityLogService> Authenticate (User service) method response is: 
{
  "Success": true,
  "Message": "Authentation success!",
  "MessageType": 1,
  "ResponseCode": 200,
  "Result": {
    "access_token": "eyJhbGciOiJIUzI1NiIsInR5cCI6IkpXVCJ9.eyJzdWIiOiJKV1RTZXJ2aWNlQWNjZXNzVG9rZW4iLCJqdGkiOiJiZWY4NjZlMS1iNzhjLTQ2NjctOWQ4MS02M2QzZWEzMGEzODkiLCJpYXQiOjE2ODA3MjYxNjIsIlVzZXJJZCI6ImMxYzkzYTgzLTljN2YtNDMyMC1iOTZiLTEzM2VmNDAxOTkwZCIsIkZ1bGxOYW1lIjoiU3JlZW1vbnRhIEJob3dtaWsiLCJVc2VyTmFtZSI6InNyZWUiLCJFbWFpbCI6InNiaG93bWlrY3NlMDhAZ21haWwuY29tIiwibmJmIjoxNjgwNzI2MTYyLCJleHAiOjE2ODA3NjIxNjJ9.VhHhG2e2akMAJnsJOtj-Vcfu4tNKeLhkqrjPHswnVT8",
    "expires_in": 36000,
    "token_type": "bearer",
    "error": "",
    "error_description": "",
    "user": {
      "Id": "c1c93a83-9c7f-4320-b96b-133ef401990d",
      "FullName": "sree",
      "UserName": "sree",
      "Email": "sbhowmikcse08@gmail.com",
      "UserRole": "Admin"
    }
  }
}

[2023-04-06 00:22:42.644] [Information] () <HCS.Security.Service.SecurityLogService> Login api method response is: 
{
  "Success": true,
  "Message": "Authentation success!",
  "MessageType": 1,
  "ResponseCode": 200,
  "Result": {
    "access_token": "eyJhbGciOiJIUzI1NiIsInR5cCI6IkpXVCJ9.eyJzdWIiOiJKV1RTZXJ2aWNlQWNjZXNzVG9rZW4iLCJqdGkiOiJiZWY4NjZlMS1iNzhjLTQ2NjctOWQ4MS02M2QzZWEzMGEzODkiLCJpYXQiOjE2ODA3MjYxNjIsIlVzZXJJZCI6ImMxYzkzYTgzLTljN2YtNDMyMC1iOTZiLTEzM2VmNDAxOTkwZCIsIkZ1bGxOYW1lIjoiU3JlZW1vbnRhIEJob3dtaWsiLCJVc2VyTmFtZSI6InNyZWUiLCJFbWFpbCI6InNiaG93bWlrY3NlMDhAZ21haWwuY29tIiwibmJmIjoxNjgwNzI2MTYyLCJleHAiOjE2ODA3NjIxNjJ9.VhHhG2e2akMAJnsJOtj-Vcfu4tNKeLhkqrjPHswnVT8",
    "expires_in": 36000,
    "token_type": "bearer",
    "error": "",
    "error_description": "",
    "user": {
      "Id": "c1c93a83-9c7f-4320-b96b-133ef401990d",
      "FullName": "sree",
      "UserName": "sree",
      "Email": "sbhowmikcse08@gmail.com",
      "UserRole": "Admin"
    }
  }
}

[2023-04-06 00:22:42.647] [Information] () <Serilog.AspNetCore.RequestLoggingMiddleware> HTTP "POST" "/api/User/login" responded 200 in 112.5776 ms
[2023-04-06 00:23:08.140] [Information] () <HCS.Security.Service.SecurityLogService> Login api method started.

[2023-04-06 00:23:08.140] [Information] () <HCS.Security.Service.SecurityLogService> Login api method request is: 
{
  "UserName": "sree",
  "Password": "password"
}

[2023-04-06 00:23:08.141] [Information] () <HCS.Security.Service.SecurityLogService> Authenticate (User service) method request is: 
{
  "UserName": "sree",
  "Password": "password"
}

[2023-04-06 00:23:08.250] [Information] () <HCS.Security.Service.SecurityLogService> Authenticate (User service) method response is: 
{
  "Success": true,
  "Message": "Authentation success!",
  "MessageType": 1,
  "ResponseCode": 200,
  "Result": {
    "access_token": "eyJhbGciOiJIUzI1NiIsInR5cCI6IkpXVCJ9.eyJzdWIiOiJKV1RTZXJ2aWNlQWNjZXNzVG9rZW4iLCJqdGkiOiI2YzNiYzBmNy1lYjE3LTQzZDYtOTJmYi00NjEwMDUyZWQ3MjIiLCJpYXQiOjE2ODA3MjYxODgsIlVzZXJJZCI6ImMxYzkzYTgzLTljN2YtNDMyMC1iOTZiLTEzM2VmNDAxOTkwZCIsIkZ1bGxOYW1lIjoiU3JlZW1vbnRhIEJob3dtaWsiLCJVc2VyTmFtZSI6InNyZWUiLCJFbWFpbCI6InNiaG93bWlrY3NlMDhAZ21haWwuY29tIiwibmJmIjoxNjgwNzI2MTg4LCJleHAiOjE2ODA3NjIxODh9.aL8HstOQoTY4lDVN8-RqP15Kcgo_T9BNHkcY41wiyEI",
    "expires_in": 36000,
    "token_type": "bearer",
    "error": "",
    "error_description": "",
    "user": {
      "Id": "c1c93a83-9c7f-4320-b96b-133ef401990d",
      "FullName": "sree",
      "UserName": "sree",
      "Email": "sbhowmikcse08@gmail.com",
      "UserRole": "Admin"
    }
  }
}

[2023-04-06 00:23:08.253] [Information] () <HCS.Security.Service.SecurityLogService> Login api method response is: 
{
  "Success": true,
  "Message": "Authentation success!",
  "MessageType": 1,
  "ResponseCode": 200,
  "Result": {
    "access_token": "eyJhbGciOiJIUzI1NiIsInR5cCI6IkpXVCJ9.eyJzdWIiOiJKV1RTZXJ2aWNlQWNjZXNzVG9rZW4iLCJqdGkiOiI2YzNiYzBmNy1lYjE3LTQzZDYtOTJmYi00NjEwMDUyZWQ3MjIiLCJpYXQiOjE2ODA3MjYxODgsIlVzZXJJZCI6ImMxYzkzYTgzLTljN2YtNDMyMC1iOTZiLTEzM2VmNDAxOTkwZCIsIkZ1bGxOYW1lIjoiU3JlZW1vbnRhIEJob3dtaWsiLCJVc2VyTmFtZSI6InNyZWUiLCJFbWFpbCI6InNiaG93bWlrY3NlMDhAZ21haWwuY29tIiwibmJmIjoxNjgwNzI2MTg4LCJleHAiOjE2ODA3NjIxODh9.aL8HstOQoTY4lDVN8-RqP15Kcgo_T9BNHkcY41wiyEI",
    "expires_in": 36000,
    "token_type": "bearer",
    "error": "",
    "error_description": "",
    "user": {
      "Id": "c1c93a83-9c7f-4320-b96b-133ef401990d",
      "FullName": "sree",
      "UserName": "sree",
      "Email": "sbhowmikcse08@gmail.com",
      "UserRole": "Admin"
    }
  }
}

[2023-04-06 00:23:08.256] [Information] () <Serilog.AspNetCore.RequestLoggingMiddleware> HTTP "POST" "/api/User/login" responded 200 in 116.4262 ms
[2023-04-06 00:33:17.219] [Information] () <HCS.Security.Service.SecurityLogService> Login api method started.

[2023-04-06 00:33:17.220] [Information] () <HCS.Security.Service.SecurityLogService> Login api method request is: 
{
  "UserName": "sree",
  "Password": "password"
}

[2023-04-06 00:33:17.221] [Information] () <HCS.Security.Service.SecurityLogService> Authenticate (User service) method request is: 
{
  "UserName": "sree",
  "Password": "password"
}

[2023-04-06 00:33:17.337] [Information] () <HCS.Security.Service.SecurityLogService> Authenticate (User service) method response is: 
{
  "Success": true,
  "Message": "Authentation success!",
  "MessageType": 1,
  "ResponseCode": 200,
  "Result": {
    "access_token": "eyJhbGciOiJIUzI1NiIsInR5cCI6IkpXVCJ9.eyJzdWIiOiJKV1RTZXJ2aWNlQWNjZXNzVG9rZW4iLCJqdGkiOiI3MDU5NzVhZC1iNWNjLTQwYjgtOWEyOS01Nzc4ODU3NDczNDUiLCJpYXQiOjE2ODA3MjY3OTcsIlVzZXJJZCI6ImMxYzkzYTgzLTljN2YtNDMyMC1iOTZiLTEzM2VmNDAxOTkwZCIsIkZ1bGxOYW1lIjoiU3JlZW1vbnRhIEJob3dtaWsiLCJVc2VyTmFtZSI6InNyZWUiLCJFbWFpbCI6InNiaG93bWlrY3NlMDhAZ21haWwuY29tIiwibmJmIjoxNjgwNzI2Nzk3LCJleHAiOjE2ODA3NjI3OTd9.bll5xKRSIQoMLSLoz43Zqm9YAtVtxwGIlg5LE7GKhk8",
    "expires_in": 36000,
    "token_type": "bearer",
    "error": "",
    "error_description": "",
    "user": {
      "Id": "c1c93a83-9c7f-4320-b96b-133ef401990d",
      "FullName": "sree",
      "UserName": "sree",
      "Email": "sbhowmikcse08@gmail.com",
      "UserRole": "Admin"
    }
  }
}

[2023-04-06 00:33:17.339] [Information] () <HCS.Security.Service.SecurityLogService> Login api method response is: 
{
  "Success": true,
  "Message": "Authentation success!",
  "MessageType": 1,
  "ResponseCode": 200,
  "Result": {
    "access_token": "eyJhbGciOiJIUzI1NiIsInR5cCI6IkpXVCJ9.eyJzdWIiOiJKV1RTZXJ2aWNlQWNjZXNzVG9rZW4iLCJqdGkiOiI3MDU5NzVhZC1iNWNjLTQwYjgtOWEyOS01Nzc4ODU3NDczNDUiLCJpYXQiOjE2ODA3MjY3OTcsIlVzZXJJZCI6ImMxYzkzYTgzLTljN2YtNDMyMC1iOTZiLTEzM2VmNDAxOTkwZCIsIkZ1bGxOYW1lIjoiU3JlZW1vbnRhIEJob3dtaWsiLCJVc2VyTmFtZSI6InNyZWUiLCJFbWFpbCI6InNiaG93bWlrY3NlMDhAZ21haWwuY29tIiwibmJmIjoxNjgwNzI2Nzk3LCJleHAiOjE2ODA3NjI3OTd9.bll5xKRSIQoMLSLoz43Zqm9YAtVtxwGIlg5LE7GKhk8",
    "expires_in": 36000,
    "token_type": "bearer",
    "error": "",
    "error_description": "",
    "user": {
      "Id": "c1c93a83-9c7f-4320-b96b-133ef401990d",
      "FullName": "sree",
      "UserName": "sree",
      "Email": "sbhowmikcse08@gmail.com",
      "UserRole": "Admin"
    }
  }
}

[2023-04-06 00:33:17.342] [Information] () <Serilog.AspNetCore.RequestLoggingMiddleware> HTTP "POST" "/api/User/login" responded 200 in 122.8987 ms
[2023-04-06 00:33:23.732] [Information] () <HCS.Security.Service.SecurityLogService> Login api method started.

[2023-04-06 00:33:23.733] [Information] () <HCS.Security.Service.SecurityLogService> Login api method request is: 
{
  "UserName": "sree",
  "Password": "password"
}

[2023-04-06 00:33:23.735] [Information] () <HCS.Security.Service.SecurityLogService> Authenticate (User service) method request is: 
{
  "UserName": "sree",
  "Password": "password"
}

[2023-04-06 00:33:23.839] [Information] () <HCS.Security.Service.SecurityLogService> Authenticate (User service) method response is: 
{
  "Success": true,
  "Message": "Authentation success!",
  "MessageType": 1,
  "ResponseCode": 200,
  "Result": {
    "access_token": "eyJhbGciOiJIUzI1NiIsInR5cCI6IkpXVCJ9.eyJzdWIiOiJKV1RTZXJ2aWNlQWNjZXNzVG9rZW4iLCJqdGkiOiJhZTY0MjRlZi1kZTZkLTRmZWYtOTNhNi0xZjVhNzUzYWRjMjUiLCJpYXQiOjE2ODA3MjY4MDMsIlVzZXJJZCI6ImMxYzkzYTgzLTljN2YtNDMyMC1iOTZiLTEzM2VmNDAxOTkwZCIsIkZ1bGxOYW1lIjoiU3JlZW1vbnRhIEJob3dtaWsiLCJVc2VyTmFtZSI6InNyZWUiLCJFbWFpbCI6InNiaG93bWlrY3NlMDhAZ21haWwuY29tIiwibmJmIjoxNjgwNzI2ODAzLCJleHAiOjE2ODA3NjI4MDN9.LpjYxLPne9RUPapLbRvrMmpFYYSL0bRIZRUQQOSDrd0",
    "expires_in": 36000,
    "token_type": "bearer",
    "error": "",
    "error_description": "",
    "user": {
      "Id": "c1c93a83-9c7f-4320-b96b-133ef401990d",
      "FullName": "sree",
      "UserName": "sree",
      "Email": "sbhowmikcse08@gmail.com",
      "UserRole": "Admin"
    }
  }
}

[2023-04-06 00:33:23.840] [Information] () <HCS.Security.Service.SecurityLogService> Login api method response is: 
{
  "Success": true,
  "Message": "Authentation success!",
  "MessageType": 1,
  "ResponseCode": 200,
  "Result": {
    "access_token": "eyJhbGciOiJIUzI1NiIsInR5cCI6IkpXVCJ9.eyJzdWIiOiJKV1RTZXJ2aWNlQWNjZXNzVG9rZW4iLCJqdGkiOiJhZTY0MjRlZi1kZTZkLTRmZWYtOTNhNi0xZjVhNzUzYWRjMjUiLCJpYXQiOjE2ODA3MjY4MDMsIlVzZXJJZCI6ImMxYzkzYTgzLTljN2YtNDMyMC1iOTZiLTEzM2VmNDAxOTkwZCIsIkZ1bGxOYW1lIjoiU3JlZW1vbnRhIEJob3dtaWsiLCJVc2VyTmFtZSI6InNyZWUiLCJFbWFpbCI6InNiaG93bWlrY3NlMDhAZ21haWwuY29tIiwibmJmIjoxNjgwNzI2ODAzLCJleHAiOjE2ODA3NjI4MDN9.LpjYxLPne9RUPapLbRvrMmpFYYSL0bRIZRUQQOSDrd0",
    "expires_in": 36000,
    "token_type": "bearer",
    "error": "",
    "error_description": "",
    "user": {
      "Id": "c1c93a83-9c7f-4320-b96b-133ef401990d",
      "FullName": "sree",
      "UserName": "sree",
      "Email": "sbhowmikcse08@gmail.com",
      "UserRole": "Admin"
    }
  }
}

[2023-04-06 00:33:23.843] [Information] () <Serilog.AspNetCore.RequestLoggingMiddleware> HTTP "POST" "/api/User/login" responded 200 in 112.4523 ms
[2023-04-06 00:36:12.178] [Information] () <HCS.Security.Service.SecurityLogService> Login api method started.

[2023-04-06 00:36:12.179] [Information] () <HCS.Security.Service.SecurityLogService> Login api method request is: 
{
  "UserName": "sree",
  "Password": "password"
}

[2023-04-06 00:36:12.180] [Information] () <HCS.Security.Service.SecurityLogService> Authenticate (User service) method request is: 
{
  "UserName": "sree",
  "Password": "password"
}

[2023-04-06 00:36:12.284] [Information] () <HCS.Security.Service.SecurityLogService> Authenticate (User service) method response is: 
{
  "Success": true,
  "Message": "Authentation success!",
  "MessageType": 1,
  "ResponseCode": 200,
  "Result": {
    "access_token": "eyJhbGciOiJIUzI1NiIsInR5cCI6IkpXVCJ9.eyJzdWIiOiJKV1RTZXJ2aWNlQWNjZXNzVG9rZW4iLCJqdGkiOiIxNDc2ZTRhNC0xYjc3LTQ0YjktOTdjOC04NWEyMjFiNzI0OWIiLCJpYXQiOjE2ODA3MjY5NzIsIlVzZXJJZCI6ImMxYzkzYTgzLTljN2YtNDMyMC1iOTZiLTEzM2VmNDAxOTkwZCIsIkZ1bGxOYW1lIjoiU3JlZW1vbnRhIEJob3dtaWsiLCJVc2VyTmFtZSI6InNyZWUiLCJFbWFpbCI6InNiaG93bWlrY3NlMDhAZ21haWwuY29tIiwibmJmIjoxNjgwNzI2OTcyLCJleHAiOjE2ODA3NjI5NzJ9.dsbL7oGpUVONCJyZfqAV_BBeonntup7F9utcIiwRv-k",
    "expires_in": 36000,
    "token_type": "bearer",
    "error": "",
    "error_description": "",
    "user": {
      "Id": "c1c93a83-9c7f-4320-b96b-133ef401990d",
      "FullName": "sree",
      "UserName": "sree",
      "Email": "sbhowmikcse08@gmail.com",
      "UserRole": "Admin"
    }
  }
}

[2023-04-06 00:36:12.288] [Information] () <HCS.Security.Service.SecurityLogService> Login api method response is: 
{
  "Success": true,
  "Message": "Authentation success!",
  "MessageType": 1,
  "ResponseCode": 200,
  "Result": {
    "access_token": "eyJhbGciOiJIUzI1NiIsInR5cCI6IkpXVCJ9.eyJzdWIiOiJKV1RTZXJ2aWNlQWNjZXNzVG9rZW4iLCJqdGkiOiIxNDc2ZTRhNC0xYjc3LTQ0YjktOTdjOC04NWEyMjFiNzI0OWIiLCJpYXQiOjE2ODA3MjY5NzIsIlVzZXJJZCI6ImMxYzkzYTgzLTljN2YtNDMyMC1iOTZiLTEzM2VmNDAxOTkwZCIsIkZ1bGxOYW1lIjoiU3JlZW1vbnRhIEJob3dtaWsiLCJVc2VyTmFtZSI6InNyZWUiLCJFbWFpbCI6InNiaG93bWlrY3NlMDhAZ21haWwuY29tIiwibmJmIjoxNjgwNzI2OTcyLCJleHAiOjE2ODA3NjI5NzJ9.dsbL7oGpUVONCJyZfqAV_BBeonntup7F9utcIiwRv-k",
    "expires_in": 36000,
    "token_type": "bearer",
    "error": "",
    "error_description": "",
    "user": {
      "Id": "c1c93a83-9c7f-4320-b96b-133ef401990d",
      "FullName": "sree",
      "UserName": "sree",
      "Email": "sbhowmikcse08@gmail.com",
      "UserRole": "Admin"
    }
  }
}

[2023-04-06 00:36:12.292] [Information] () <Serilog.AspNetCore.RequestLoggingMiddleware> HTTP "POST" "/api/User/login" responded 200 in 113.7059 ms
[2023-04-06 06:06:08.236] [Information] () <Serilog.AspNetCore.RequestLoggingMiddleware> HTTP "POST" "//api/User/login" responded 404 in 0.1957 ms
[2023-04-06 06:08:27.861] [Information] () <HCS.Security.Service.SecurityLogService> Login api method started.

[2023-04-06 06:08:27.863] [Information] () <HCS.Security.Service.SecurityLogService> Login api method request is: 
{
  "UserName": "sree",
  "Password": "password"
}

[2023-04-06 06:08:27.867] [Information] () <HCS.Security.Service.SecurityLogService> Authenticate (User service) method request is: 
{
  "UserName": "sree",
  "Password": "password"
}

[2023-04-06 06:08:28.088] [Information] () <HCS.Security.Service.SecurityLogService> Authenticate (User service) method response is: 
{
  "Success": true,
  "Message": "Authentation success!",
  "MessageType": 1,
  "ResponseCode": 200,
  "Result": {
    "access_token": "eyJhbGciOiJIUzI1NiIsInR5cCI6IkpXVCJ9.eyJzdWIiOiJKV1RTZXJ2aWNlQWNjZXNzVG9rZW4iLCJqdGkiOiJiZjY3ZTM0ZS1kYjIwLTQyYWUtOTdmYi1mOGI3YmVlODQ0ODAiLCJpYXQiOjE2ODA3NDY5MDgsIlVzZXJJZCI6ImMxYzkzYTgzLTljN2YtNDMyMC1iOTZiLTEzM2VmNDAxOTkwZCIsIkZ1bGxOYW1lIjoiU3JlZW1vbnRhIEJob3dtaWsiLCJVc2VyTmFtZSI6InNyZWUiLCJFbWFpbCI6InNiaG93bWlrY3NlMDhAZ21haWwuY29tIiwibmJmIjoxNjgwNzQ2OTA4LCJleHAiOjE2ODA3ODI5MDh9.TTpU0nFnHeY7YYj-YRS7FKWWfJ1Bhzr2H4wtpog-XV4",
    "expires_in": 36000,
    "token_type": "bearer",
    "error": "",
    "error_description": "",
    "user": {
      "Id": "c1c93a83-9c7f-4320-b96b-133ef401990d",
      "FullName": "sree",
      "UserName": "sree",
      "Email": "sbhowmikcse08@gmail.com",
      "UserRole": "Admin"
    }
  }
}

[2023-04-06 06:08:28.095] [Information] () <HCS.Security.Service.SecurityLogService> Login api method response is: 
{
  "Success": true,
  "Message": "Authentation success!",
  "MessageType": 1,
  "ResponseCode": 200,
  "Result": {
    "access_token": "eyJhbGciOiJIUzI1NiIsInR5cCI6IkpXVCJ9.eyJzdWIiOiJKV1RTZXJ2aWNlQWNjZXNzVG9rZW4iLCJqdGkiOiJiZjY3ZTM0ZS1kYjIwLTQyYWUtOTdmYi1mOGI3YmVlODQ0ODAiLCJpYXQiOjE2ODA3NDY5MDgsIlVzZXJJZCI6ImMxYzkzYTgzLTljN2YtNDMyMC1iOTZiLTEzM2VmNDAxOTkwZCIsIkZ1bGxOYW1lIjoiU3JlZW1vbnRhIEJob3dtaWsiLCJVc2VyTmFtZSI6InNyZWUiLCJFbWFpbCI6InNiaG93bWlrY3NlMDhAZ21haWwuY29tIiwibmJmIjoxNjgwNzQ2OTA4LCJleHAiOjE2ODA3ODI5MDh9.TTpU0nFnHeY7YYj-YRS7FKWWfJ1Bhzr2H4wtpog-XV4",
    "expires_in": 36000,
    "token_type": "bearer",
    "error": "",
    "error_description": "",
    "user": {
      "Id": "c1c93a83-9c7f-4320-b96b-133ef401990d",
      "FullName": "sree",
      "UserName": "sree",
      "Email": "sbhowmikcse08@gmail.com",
      "UserRole": "Admin"
    }
  }
}

[2023-04-06 06:08:28.098] [Information] () <Serilog.AspNetCore.RequestLoggingMiddleware> HTTP "POST" "/api/User/login" responded 200 in 237.5512 ms
