[2023-04-08 04:55:57.833] [Information] () <> Application is starting
[2023-04-08 04:55:57.992] [Information] () <> 
**********************************************************************
**                      HCS Services                                **
**                    [Version 1.0.0]                               **
**  ©2022-2023 Health Care Solutions. All rights reserved           **
**********************************************************************

[2023-04-08 04:56:39.420] [Information] () <Serilog.AspNetCore.RequestLoggingMiddleware> HTTP "GET" "/" responded 404 in 1.0815 ms
[2023-04-08 04:56:49.321] [Information] () <Serilog.AspNetCore.RequestLoggingMiddleware> HTTP "GET" "/" responded 404 in 0.0157 ms
[2023-04-08 04:57:12.825] [Information] () <> Application is starting
[2023-04-08 04:57:13.054] [Information] () <> 
**********************************************************************
**                      HCS Services                                **
**                    [Version 1.0.0]                               **
**  ©2022-2023 Health Care Solutions. All rights reserved           **
**********************************************************************

[2023-04-08 04:58:39.080] [Information] () <> Application is starting
[2023-04-08 04:58:39.247] [Information] () <> 
**********************************************************************
**                      HCS Services                                **
**                    [Version 1.0.0]                               **
**  ©2022-2023 Health Care Solutions. All rights reserved           **
**********************************************************************

[2023-04-08 05:00:32.524] [Error] () <Microsoft.AspNetCore.Server.Kestrel> Connection id ""0HMPNPHLJUMLH"", Request id ""0HMPNPHLJUMLH:00000001"": An unhandled exception was thrown by the application.
System.InvalidOperationException: Writing to the response body is invalid for responses with status code 204.
   at Microsoft.AspNetCore.Server.Kestrel.Core.Internal.Http.HttpProtocol.FirstWriteAsyncInternal(ReadOnlyMemory`1 data, CancellationToken cancellationToken)
   at Microsoft.AspNetCore.Server.Kestrel.Core.Internal.Http.HttpProtocol.WritePipeAsync(ReadOnlyMemory`1 data, CancellationToken cancellationToken)
   at Microsoft.AspNetCore.Server.Kestrel.Core.Internal.Http.HttpResponseStream.WriteAsync(ReadOnlyMemory`1 source, CancellationToken cancellationToken)
   at System.Security.Cryptography.CryptoStream.WriteAsyncCore(ReadOnlyMemory`1 buffer, CancellationToken cancellationToken, Boolean useAsync)
   at System.Security.Cryptography.CryptoStream.WriteAsyncInternal(ReadOnlyMemory`1 buffer, CancellationToken cancellationToken)
   at System.Security.Cryptography.CryptoStream.FlushFinalBlockAsync(Boolean useAsync, CancellationToken cancellationToken)
   at System.Security.Cryptography.CryptoStream.DisposeAsyncCore()
   at HCS.Security.Helper.EncryptDecryptMiddleware.Invoke(HttpContext httpContext) in D:\Personal Work\Personal Projects\GitRepo\hcs_microservice\HCS.Services\HCS.Security\Helper\EncryptDecryptMiddleware.cs:line 43
   at Microsoft.AspNetCore.Watch.BrowserRefresh.BrowserRefreshMiddleware.InvokeAsync(HttpContext context)
   at Microsoft.AspNetCore.Server.Kestrel.Core.Internal.Http.HttpProtocol.ProcessRequests[TContext](IHttpApplication`1 application)
[2023-04-08 05:00:38.354] [Information] () <Serilog.AspNetCore.RequestLoggingMiddleware> HTTP "POST" "/api/User/login" responded 400 in 1243.5829 ms
[2023-04-08 05:01:09.984] [Information] () <Serilog.AspNetCore.RequestLoggingMiddleware> HTTP "POST" "/api/User/login" responded 400 in 24.8218 ms
[2023-04-08 05:01:40.114] [Information] () <Serilog.AspNetCore.RequestLoggingMiddleware> HTTP "POST" "/api/User/login" responded 400 in 4.9460 ms
[2023-04-08 05:05:59.259] [Information] () <> Application is starting
[2023-04-08 05:05:59.604] [Information] () <> 
**********************************************************************
**                      HCS Services                                **
**                    [Version 1.0.0]                               **
**  ©2022-2023 Health Care Solutions. All rights reserved           **
**********************************************************************

[2023-04-08 05:07:26.406] [Information] () <Serilog.AspNetCore.RequestLoggingMiddleware> HTTP "POST" "/api/User/login" responded 400 in 1219.1500 ms
[2023-04-08 05:25:14.129] [Information] () <> Application is starting
[2023-04-08 05:25:14.211] [Information] () <> 
**********************************************************************
**                      HCS Services                                **
**                    [Version 1.0.0]                               **
**  ©2022-2023 Health Care Solutions. All rights reserved           **
**********************************************************************

[2023-04-08 05:25:36.446] [Information] () <Serilog.AspNetCore.RequestLoggingMiddleware> HTTP "POST" "/api/User/login" responded 400 in 584.3813 ms
[2023-04-08 06:28:09.687] [Information] () <> Application is starting
[2023-04-08 06:28:09.757] [Information] () <> 
**********************************************************************
**                      HCS Services                                **
**                    [Version 1.0.0]                               **
**  ©2022-2023 Health Care Solutions. All rights reserved           **
**********************************************************************

[2023-04-08 06:28:13.169] [Fatal] () <Microsoft.AspNetCore.Hosting.Diagnostics> Application startup exception
System.InvalidOperationException: No public 'Invoke' or 'InvokeAsync' method found for middleware of type 'HCS.Security.Helper.EncryptDecryptMiddleware'.
   at Microsoft.AspNetCore.Builder.UseMiddlewareExtensions.<>c__DisplayClass5_0.<UseMiddleware>b__0(RequestDelegate next)
   at Microsoft.AspNetCore.Builder.ApplicationBuilder.Build()
   at Microsoft.AspNetCore.Hosting.GenericWebHostService.StartAsync(CancellationToken cancellationToken)
[2023-04-08 06:28:13.265] [Fatal] () <> Fatal: Application error
System.InvalidOperationException: No public 'Invoke' or 'InvokeAsync' method found for middleware of type 'HCS.Security.Helper.EncryptDecryptMiddleware'.
   at Microsoft.AspNetCore.Builder.UseMiddlewareExtensions.<>c__DisplayClass5_0.<UseMiddleware>b__0(RequestDelegate next)
   at Microsoft.AspNetCore.Builder.ApplicationBuilder.Build()
   at Microsoft.AspNetCore.Hosting.GenericWebHostService.StartAsync(CancellationToken cancellationToken)
   at Microsoft.Extensions.Hosting.Internal.Host.StartAsync(CancellationToken cancellationToken)
   at Microsoft.Extensions.Hosting.HostingAbstractionsHostExtensions.RunAsync(IHost host, CancellationToken token)
   at Microsoft.Extensions.Hosting.HostingAbstractionsHostExtensions.RunAsync(IHost host, CancellationToken token)
   at Microsoft.Extensions.Hosting.HostingAbstractionsHostExtensions.Run(IHost host)
   at HCS.Security.Program.Main(String[] args) in D:\Personal Work\Personal Projects\GitRepo\hcs_microservice\HCS.Services\HCS.Security\Program.cs:line 85
[2023-04-08 07:00:24.813] [Information] () <> Application is starting
[2023-04-08 07:00:24.913] [Information] () <> 
**********************************************************************
**                      HCS Services                                **
**                    [Version 1.0.0]                               **
**  ©2022-2023 Health Care Solutions. All rights reserved           **
**********************************************************************

[2023-04-08 07:01:05.095] [Information] () <Serilog.AspNetCore.RequestLoggingMiddleware> HTTP "POST" "/api/User/login" responded 400 in 781.3300 ms
[2023-04-08 07:13:47.227] [Information] () <> Application is starting
[2023-04-08 07:13:47.298] [Information] () <> 
**********************************************************************
**                      HCS Services                                **
**                    [Version 1.0.0]                               **
**  ©2022-2023 Health Care Solutions. All rights reserved           **
**********************************************************************

[2023-04-08 07:14:23.933] [Information] () <Serilog.AspNetCore.RequestLoggingMiddleware> HTTP "POST" "/api/User/login" responded 400 in 835.4566 ms
[2023-04-08 07:17:52.741] [Information] () <> Application is starting
[2023-04-08 07:17:52.899] [Information] () <> 
**********************************************************************
**                      HCS Services                                **
**                    [Version 1.0.0]                               **
**  ©2022-2023 Health Care Solutions. All rights reserved           **
**********************************************************************

[2023-04-08 07:18:02.456] [Information] () <Serilog.AspNetCore.RequestLoggingMiddleware> HTTP "POST" "/api/User/login" responded 400 in 300.3133 ms
[2023-04-08 07:19:00.721] [Information] () <Serilog.AspNetCore.RequestLoggingMiddleware> HTTP "POST" "/api/User/login" responded 400 in 18.1605 ms
[2023-04-08 07:25:21.517] [Information] () <> Application is starting
[2023-04-08 07:25:21.587] [Information] () <> 
**********************************************************************
**                      HCS Services                                **
**                    [Version 1.0.0]                               **
**  ©2022-2023 Health Care Solutions. All rights reserved           **
**********************************************************************

[2023-04-08 07:25:23.882] [Fatal] () <> Fatal: Application error
System.AggregateException: Some services are not able to be constructed (Error while validating the service descriptor 'ServiceType: HCS.Security.Helper.EncryptDecryptMiddleware Lifetime: Transient ImplementationType: HCS.Security.Helper.EncryptDecryptMiddleware': Unable to resolve service for type 'Microsoft.AspNetCore.Http.RequestDelegate' while attempting to activate 'HCS.Security.Helper.EncryptDecryptMiddleware'.)
 ---> System.InvalidOperationException: Error while validating the service descriptor 'ServiceType: HCS.Security.Helper.EncryptDecryptMiddleware Lifetime: Transient ImplementationType: HCS.Security.Helper.EncryptDecryptMiddleware': Unable to resolve service for type 'Microsoft.AspNetCore.Http.RequestDelegate' while attempting to activate 'HCS.Security.Helper.EncryptDecryptMiddleware'.
 ---> System.InvalidOperationException: Unable to resolve service for type 'Microsoft.AspNetCore.Http.RequestDelegate' while attempting to activate 'HCS.Security.Helper.EncryptDecryptMiddleware'.
   at Microsoft.Extensions.DependencyInjection.ServiceLookup.CallSiteFactory.CreateArgumentCallSites(Type implementationType, CallSiteChain callSiteChain, ParameterInfo[] parameters, Boolean throwIfCallSiteNotFound)
   at Microsoft.Extensions.DependencyInjection.ServiceLookup.CallSiteFactory.CreateConstructorCallSite(ResultCache lifetime, Type serviceType, Type implementationType, CallSiteChain callSiteChain)
   at Microsoft.Extensions.DependencyInjection.ServiceLookup.CallSiteFactory.TryCreateExact(ServiceDescriptor descriptor, Type serviceType, CallSiteChain callSiteChain, Int32 slot)
   at Microsoft.Extensions.DependencyInjection.ServiceLookup.CallSiteFactory.GetCallSite(ServiceDescriptor serviceDescriptor, CallSiteChain callSiteChain)
   at Microsoft.Extensions.DependencyInjection.ServiceProvider.ValidateService(ServiceDescriptor descriptor)
   --- End of inner exception stack trace ---
   at Microsoft.Extensions.DependencyInjection.ServiceProvider.ValidateService(ServiceDescriptor descriptor)
   at Microsoft.Extensions.DependencyInjection.ServiceProvider..ctor(ICollection`1 serviceDescriptors, ServiceProviderOptions options)
   --- End of inner exception stack trace ---
   at Microsoft.Extensions.DependencyInjection.ServiceProvider..ctor(ICollection`1 serviceDescriptors, ServiceProviderOptions options)
   at Microsoft.Extensions.DependencyInjection.ServiceCollectionContainerBuilderExtensions.BuildServiceProvider(IServiceCollection services, ServiceProviderOptions options)
   at Microsoft.Extensions.Hosting.HostBuilder.InitializeServiceProvider()
   at Microsoft.Extensions.Hosting.HostBuilder.Build()
   at HCS.Security.Program.Main(String[] args) in D:\Personal Work\Personal Projects\GitRepo\hcs_microservice\HCS.Services\HCS.Security\Program.cs:line 85
[2023-04-08 07:28:27.785] [Information] () <> Application is starting
[2023-04-08 07:28:27.962] [Information] () <> 
**********************************************************************
**                      HCS Services                                **
**                    [Version 1.0.0]                               **
**  ©2022-2023 Health Care Solutions. All rights reserved           **
**********************************************************************

[2023-04-08 07:28:28.981] [Fatal] () <> Fatal: Application error
System.AggregateException: Some services are not able to be constructed (Error while validating the service descriptor 'ServiceType: HCS.Security.Helper.EncryptDecryptMiddleware Lifetime: Scoped ImplementationType: HCS.Security.Helper.EncryptDecryptMiddleware': Unable to resolve service for type 'Microsoft.AspNetCore.Http.RequestDelegate' while attempting to activate 'HCS.Security.Helper.EncryptDecryptMiddleware'.)
 ---> System.InvalidOperationException: Error while validating the service descriptor 'ServiceType: HCS.Security.Helper.EncryptDecryptMiddleware Lifetime: Scoped ImplementationType: HCS.Security.Helper.EncryptDecryptMiddleware': Unable to resolve service for type 'Microsoft.AspNetCore.Http.RequestDelegate' while attempting to activate 'HCS.Security.Helper.EncryptDecryptMiddleware'.
 ---> System.InvalidOperationException: Unable to resolve service for type 'Microsoft.AspNetCore.Http.RequestDelegate' while attempting to activate 'HCS.Security.Helper.EncryptDecryptMiddleware'.
   at Microsoft.Extensions.DependencyInjection.ServiceLookup.CallSiteFactory.CreateArgumentCallSites(Type implementationType, CallSiteChain callSiteChain, ParameterInfo[] parameters, Boolean throwIfCallSiteNotFound)
   at Microsoft.Extensions.DependencyInjection.ServiceLookup.CallSiteFactory.CreateConstructorCallSite(ResultCache lifetime, Type serviceType, Type implementationType, CallSiteChain callSiteChain)
   at Microsoft.Extensions.DependencyInjection.ServiceLookup.CallSiteFactory.TryCreateExact(ServiceDescriptor descriptor, Type serviceType, CallSiteChain callSiteChain, Int32 slot)
   at Microsoft.Extensions.DependencyInjection.ServiceLookup.CallSiteFactory.GetCallSite(ServiceDescriptor serviceDescriptor, CallSiteChain callSiteChain)
   at Microsoft.Extensions.DependencyInjection.ServiceProvider.ValidateService(ServiceDescriptor descriptor)
   --- End of inner exception stack trace ---
   at Microsoft.Extensions.DependencyInjection.ServiceProvider.ValidateService(ServiceDescriptor descriptor)
   at Microsoft.Extensions.DependencyInjection.ServiceProvider..ctor(ICollection`1 serviceDescriptors, ServiceProviderOptions options)
   --- End of inner exception stack trace ---
   at Microsoft.Extensions.DependencyInjection.ServiceProvider..ctor(ICollection`1 serviceDescriptors, ServiceProviderOptions options)
   at Microsoft.Extensions.DependencyInjection.ServiceCollectionContainerBuilderExtensions.BuildServiceProvider(IServiceCollection services, ServiceProviderOptions options)
   at Microsoft.Extensions.Hosting.HostBuilder.InitializeServiceProvider()
   at Microsoft.Extensions.Hosting.HostBuilder.Build()
   at HCS.Security.Program.Main(String[] args) in D:\Personal Work\Personal Projects\GitRepo\hcs_microservice\HCS.Services\HCS.Security\Program.cs:line 85
[2023-04-08 07:35:13.759] [Information] () <> Application is starting
[2023-04-08 07:35:13.849] [Information] () <> 
**********************************************************************
**                      HCS Services                                **
**                    [Version 1.0.0]                               **
**  ©2022-2023 Health Care Solutions. All rights reserved           **
**********************************************************************

[2023-04-08 07:35:59.955] [Information] () <Serilog.AspNetCore.RequestLoggingMiddleware> HTTP "POST" "/api/User/login" responded 400 in 1181.7446 ms
[2023-04-08 07:46:17.945] [Information] () <> Application is starting
[2023-04-08 07:46:18.077] [Information] () <> 
**********************************************************************
**                      HCS Services                                **
**                    [Version 1.0.0]                               **
**  ©2022-2023 Health Care Solutions. All rights reserved           **
**********************************************************************

[2023-04-08 07:46:51.182] [Information] () <Serilog.AspNetCore.RequestLoggingMiddleware> HTTP "POST" "/api/User/login" responded 400 in 362.8914 ms
[2023-04-08 07:57:22.146] [Information] () <> Application is starting
[2023-04-08 07:57:22.218] [Information] () <> 
**********************************************************************
**                      HCS Services                                **
**                    [Version 1.0.0]                               **
**  ©2022-2023 Health Care Solutions. All rights reserved           **
**********************************************************************

[2023-04-08 07:57:25.515] [Fatal] () <> Fatal: Application error
System.AggregateException: Some services are not able to be constructed (Error while validating the service descriptor 'ServiceType: HCS.Security.Helper.EncryptDecryptMiddleware Lifetime: Transient ImplementationType: HCS.Security.Helper.EncryptDecryptMiddleware': Unable to resolve service for type 'Microsoft.AspNetCore.Http.RequestDelegate' while attempting to activate 'HCS.Security.Helper.EncryptDecryptMiddleware'.)
 ---> System.InvalidOperationException: Error while validating the service descriptor 'ServiceType: HCS.Security.Helper.EncryptDecryptMiddleware Lifetime: Transient ImplementationType: HCS.Security.Helper.EncryptDecryptMiddleware': Unable to resolve service for type 'Microsoft.AspNetCore.Http.RequestDelegate' while attempting to activate 'HCS.Security.Helper.EncryptDecryptMiddleware'.
 ---> System.InvalidOperationException: Unable to resolve service for type 'Microsoft.AspNetCore.Http.RequestDelegate' while attempting to activate 'HCS.Security.Helper.EncryptDecryptMiddleware'.
   at Microsoft.Extensions.DependencyInjection.ServiceLookup.CallSiteFactory.CreateArgumentCallSites(Type implementationType, CallSiteChain callSiteChain, ParameterInfo[] parameters, Boolean throwIfCallSiteNotFound)
   at Microsoft.Extensions.DependencyInjection.ServiceLookup.CallSiteFactory.CreateConstructorCallSite(ResultCache lifetime, Type serviceType, Type implementationType, CallSiteChain callSiteChain)
   at Microsoft.Extensions.DependencyInjection.ServiceLookup.CallSiteFactory.TryCreateExact(ServiceDescriptor descriptor, Type serviceType, CallSiteChain callSiteChain, Int32 slot)
   at Microsoft.Extensions.DependencyInjection.ServiceLookup.CallSiteFactory.GetCallSite(ServiceDescriptor serviceDescriptor, CallSiteChain callSiteChain)
   at Microsoft.Extensions.DependencyInjection.ServiceProvider.ValidateService(ServiceDescriptor descriptor)
   --- End of inner exception stack trace ---
   at Microsoft.Extensions.DependencyInjection.ServiceProvider.ValidateService(ServiceDescriptor descriptor)
   at Microsoft.Extensions.DependencyInjection.ServiceProvider..ctor(ICollection`1 serviceDescriptors, ServiceProviderOptions options)
   --- End of inner exception stack trace ---
   at Microsoft.Extensions.DependencyInjection.ServiceProvider..ctor(ICollection`1 serviceDescriptors, ServiceProviderOptions options)
   at Microsoft.Extensions.DependencyInjection.ServiceCollectionContainerBuilderExtensions.BuildServiceProvider(IServiceCollection services, ServiceProviderOptions options)
   at Microsoft.Extensions.Hosting.HostBuilder.InitializeServiceProvider()
   at Microsoft.Extensions.Hosting.HostBuilder.Build()
   at HCS.Security.Program.Main(String[] args) in D:\Personal Work\Personal Projects\GitRepo\hcs_microservice\HCS.Services\HCS.Security\Program.cs:line 85
[2023-04-08 07:57:57.592] [Information] () <> Application is starting
[2023-04-08 07:57:57.745] [Information] () <> 
**********************************************************************
**                      HCS Services                                **
**                    [Version 1.0.0]                               **
**  ©2022-2023 Health Care Solutions. All rights reserved           **
**********************************************************************

[2023-04-08 07:59:01.938] [Information] () <Serilog.AspNetCore.RequestLoggingMiddleware> HTTP "POST" "/api/User/login" responded 400 in 1208.3721 ms
[2023-04-08 08:04:55.000] [Information] () <> Application is starting
[2023-04-08 08:04:55.089] [Information] () <> 
**********************************************************************
**                      HCS Services                                **
**                    [Version 1.0.0]                               **
**  ©2022-2023 Health Care Solutions. All rights reserved           **
**********************************************************************

[2023-04-08 08:05:22.283] [Information] () <Serilog.AspNetCore.RequestLoggingMiddleware> HTTP "POST" "/api/User/login" responded 400 in 485.1361 ms
[2023-04-08 08:11:05.388] [Information] () <> Application is starting
[2023-04-08 08:11:05.566] [Information] () <> 
**********************************************************************
**                      HCS Services                                **
**                    [Version 1.0.0]                               **
**  ©2022-2023 Health Care Solutions. All rights reserved           **
**********************************************************************

[2023-04-08 08:11:42.233] [Information] () <Serilog.AspNetCore.RequestLoggingMiddleware> HTTP "POST" "/api/User/login" responded 400 in 350.1437 ms
[2023-04-08 23:36:37.367] [Information] () <> Application is starting
[2023-04-08 23:36:37.463] [Information] () <> 
**********************************************************************
**                      HCS Services                                **
**                    [Version 1.0.0]                               **
**  ©2022-2023 Health Care Solutions. All rights reserved           **
**********************************************************************

[2023-04-08 23:36:40.057] [Fatal] () <> Fatal: Application error
System.AggregateException: Some services are not able to be constructed (Error while validating the service descriptor 'ServiceType: HCS.Security.Service.IEncryptDecryptService Lifetime: Transient ImplementationType: HCS.Security.Service.EncryptDecryptService': Unable to resolve service for type 'System.String' while attempting to activate 'HCS.Security.Service.EncryptDecryptService'.)
 ---> System.InvalidOperationException: Error while validating the service descriptor 'ServiceType: HCS.Security.Service.IEncryptDecryptService Lifetime: Transient ImplementationType: HCS.Security.Service.EncryptDecryptService': Unable to resolve service for type 'System.String' while attempting to activate 'HCS.Security.Service.EncryptDecryptService'.
 ---> System.InvalidOperationException: Unable to resolve service for type 'System.String' while attempting to activate 'HCS.Security.Service.EncryptDecryptService'.
   at Microsoft.Extensions.DependencyInjection.ServiceLookup.CallSiteFactory.CreateArgumentCallSites(Type implementationType, CallSiteChain callSiteChain, ParameterInfo[] parameters, Boolean throwIfCallSiteNotFound)
   at Microsoft.Extensions.DependencyInjection.ServiceLookup.CallSiteFactory.CreateConstructorCallSite(ResultCache lifetime, Type serviceType, Type implementationType, CallSiteChain callSiteChain)
   at Microsoft.Extensions.DependencyInjection.ServiceLookup.CallSiteFactory.TryCreateExact(ServiceDescriptor descriptor, Type serviceType, CallSiteChain callSiteChain, Int32 slot)
   at Microsoft.Extensions.DependencyInjection.ServiceLookup.CallSiteFactory.GetCallSite(ServiceDescriptor serviceDescriptor, CallSiteChain callSiteChain)
   at Microsoft.Extensions.DependencyInjection.ServiceProvider.ValidateService(ServiceDescriptor descriptor)
   --- End of inner exception stack trace ---
   at Microsoft.Extensions.DependencyInjection.ServiceProvider.ValidateService(ServiceDescriptor descriptor)
   at Microsoft.Extensions.DependencyInjection.ServiceProvider..ctor(ICollection`1 serviceDescriptors, ServiceProviderOptions options)
   --- End of inner exception stack trace ---
   at Microsoft.Extensions.DependencyInjection.ServiceProvider..ctor(ICollection`1 serviceDescriptors, ServiceProviderOptions options)
   at Microsoft.Extensions.DependencyInjection.ServiceCollectionContainerBuilderExtensions.BuildServiceProvider(IServiceCollection services, ServiceProviderOptions options)
   at Microsoft.Extensions.Hosting.HostBuilder.InitializeServiceProvider()
   at Microsoft.Extensions.Hosting.HostBuilder.Build()
   at HCS.Security.Program.Main(String[] args) in D:\Personal Work\Personal Projects\GitRepo\hcs_microservice\HCS.Services\HCS.Security\Program.cs:line 85
[2023-04-08 23:38:31.847] [Information] () <> Application is starting
[2023-04-08 23:38:31.973] [Information] () <> 
**********************************************************************
**                      HCS Services                                **
**                    [Version 1.0.0]                               **
**  ©2022-2023 Health Care Solutions. All rights reserved           **
**********************************************************************

[2023-04-08 23:41:19.396] [Error] () <Microsoft.AspNetCore.Diagnostics.DeveloperExceptionPageMiddleware> An unhandled exception has occurred while executing the request.
System.InvalidOperationException: No service for type 'HCS.Security.Helper.EncryptDecryptMiddleware' has been registered.
   at Microsoft.Extensions.DependencyInjection.ServiceProviderServiceExtensions.GetRequiredService(IServiceProvider provider, Type serviceType)
   at Microsoft.AspNetCore.Http.MiddlewareFactory.Create(Type middlewareType)
   at Microsoft.AspNetCore.Builder.UseMiddlewareExtensions.<>c__DisplayClass6_1.<<UseMiddlewareInterface>b__1>d.MoveNext()
--- End of stack trace from previous location ---
   at Swashbuckle.AspNetCore.SwaggerUI.SwaggerUIMiddleware.Invoke(HttpContext httpContext)
   at Swashbuckle.AspNetCore.Swagger.SwaggerMiddleware.Invoke(HttpContext httpContext, ISwaggerProvider swaggerProvider)
   at Microsoft.AspNetCore.Diagnostics.DeveloperExceptionPageMiddleware.Invoke(HttpContext context)
[2023-04-08 23:42:06.316] [Information] () <> Application is starting
[2023-04-08 23:42:06.428] [Information] () <> 
**********************************************************************
**                      HCS Services                                **
**                    [Version 1.0.0]                               **
**  ©2022-2023 Health Care Solutions. All rights reserved           **
**********************************************************************

[2023-04-08 23:42:45.615] [Error] () <Microsoft.AspNetCore.Diagnostics.DeveloperExceptionPageMiddleware> An unhandled exception has occurred while executing the request.
System.InvalidOperationException: No service for type 'HCS.Security.Helper.EncryptDecryptMiddleware' has been registered.
   at Microsoft.Extensions.DependencyInjection.ServiceProviderServiceExtensions.GetRequiredService(IServiceProvider provider, Type serviceType)
   at Microsoft.AspNetCore.Http.MiddlewareFactory.Create(Type middlewareType)
   at Microsoft.AspNetCore.Builder.UseMiddlewareExtensions.<>c__DisplayClass6_1.<<UseMiddlewareInterface>b__1>d.MoveNext()
--- End of stack trace from previous location ---
   at Microsoft.AspNetCore.ResponseCompression.ResponseCompressionMiddleware.InvokeCore(HttpContext context)
   at Microsoft.AspNetCore.Authorization.AuthorizationMiddleware.Invoke(HttpContext context)
   at Microsoft.AspNetCore.Authentication.AuthenticationMiddleware.Invoke(HttpContext context)
   at Swashbuckle.AspNetCore.SwaggerUI.SwaggerUIMiddleware.Invoke(HttpContext httpContext)
   at Swashbuckle.AspNetCore.Swagger.SwaggerMiddleware.Invoke(HttpContext httpContext, ISwaggerProvider swaggerProvider)
   at Microsoft.AspNetCore.Diagnostics.DeveloperExceptionPageMiddleware.Invoke(HttpContext context)
[2023-04-08 23:43:50.060] [Information] () <> Application is starting
[2023-04-08 23:43:50.200] [Information] () <> 
**********************************************************************
**                      HCS Services                                **
**                    [Version 1.0.0]                               **
**  ©2022-2023 Health Care Solutions. All rights reserved           **
**********************************************************************

[2023-04-08 23:44:25.819] [Information] () <Serilog.AspNetCore.RequestLoggingMiddleware> HTTP "POST" "/api/User/login" responded 400 in 1137.9136 ms
[2023-04-08 23:51:52.168] [Information] () <Serilog.AspNetCore.RequestLoggingMiddleware> HTTP "POST" "/api/User/login" responded 400 in 12.9797 ms
[2023-04-08 23:58:20.006] [Information] () <> Application is starting
[2023-04-08 23:58:20.082] [Information] () <> 
**********************************************************************
**                      HCS Services                                **
**                    [Version 1.0.0]                               **
**  ©2022-2023 Health Care Solutions. All rights reserved           **
**********************************************************************

[2023-04-08 23:59:07.357] [Information] () <Serilog.AspNetCore.RequestLoggingMiddleware> HTTP "POST" "/api/User/login" responded 400 in 1097.8602 ms
