[2023-04-07 15:29:25.394] [Information] () <> Application is starting
[2023-04-07 15:29:25.556] [Information] () <> 
**********************************************************************
**                      HCS Services                                **
**                    [Version 1.0.0]                               **
**  ©2022-2023 Health Care Solutions. All rights reserved           **
**********************************************************************

[2023-04-07 15:34:19.762] [Information] () <Serilog.AspNetCore.RequestLoggingMiddleware> HTTP "POST" "/api/User/login" responded 400 in 1581.7399 ms
[2023-04-07 15:36:02.465] [Information] () <Serilog.AspNetCore.RequestLoggingMiddleware> HTTP "POST" "/api/User/login" responded 400 in 36.3131 ms
[2023-04-07 15:36:55.135] [Information] () <Serilog.AspNetCore.RequestLoggingMiddleware> HTTP "POST" "/api/User/login" responded 400 in 19.6752 ms
[2023-04-07 15:39:19.212] [Information] () <Serilog.AspNetCore.RequestLoggingMiddleware> HTTP "POST" "/api/User/login" responded 400 in 2.5409 ms
[2023-04-07 15:43:32.020] [Information] () <Serilog.AspNetCore.RequestLoggingMiddleware> HTTP "POST" "/api/User/login" responded 400 in 16.7683 ms
[2023-04-07 15:56:50.687] [Information] () <Serilog.AspNetCore.RequestLoggingMiddleware> HTTP "POST" "/api/User/login" responded 400 in 26.1748 ms
[2023-04-07 16:02:58.049] [Information] () <> Application is starting
[2023-04-07 16:02:58.244] [Information] () <> 
**********************************************************************
**                      HCS Services                                **
**                    [Version 1.0.0]                               **
**  ©2022-2023 Health Care Solutions. All rights reserved           **
**********************************************************************

[2023-04-07 16:03:48.090] [Information] () <Serilog.AspNetCore.RequestLoggingMiddleware> HTTP "POST" "/api/User/login" responded 400 in 1349.4406 ms
[2023-04-07 19:05:19.854] [Information] () <Serilog.AspNetCore.RequestLoggingMiddleware> HTTP "POST" "/api/User/login" responded 400 in 20.7117 ms
[2023-04-07 19:05:43.485] [Information] () <Serilog.AspNetCore.RequestLoggingMiddleware> HTTP "GET" "/api/User/login" responded 405 in 0.5882 ms
[2023-04-07 19:44:25.089] [Information] () <> Application is starting
[2023-04-07 19:44:25.274] [Information] () <> 
**********************************************************************
**                      HCS Services                                **
**                    [Version 1.0.0]                               **
**  ©2022-2023 Health Care Solutions. All rights reserved           **
**********************************************************************

[2023-04-07 19:44:44.150] [Information] () <Serilog.AspNetCore.RequestLoggingMiddleware> HTTP "POST" "/api/User/login" responded 400 in 679.3246 ms
[2023-04-07 20:37:07.899] [Information] () <> Application is starting
[2023-04-07 20:37:08.192] [Information] () <> 
**********************************************************************
**                      HCS Services                                **
**                    [Version 1.0.0]                               **
**  ©2022-2023 Health Care Solutions. All rights reserved           **
**********************************************************************

[2023-04-07 20:37:54.811] [Information] () <Serilog.AspNetCore.RequestLoggingMiddleware> HTTP "GET" "/favicon.ico" responded 404 in 0.9083 ms
[2023-04-07 20:38:43.200] [Error] () <Microsoft.AspNetCore.Server.Kestrel> Connection id ""0HMPNGPE2HI2H"", Request id ""0HMPNGPE2HI2H:00000001"": An unhandled exception was thrown by the application.
System.InvalidOperationException: Writing to the response body is invalid for responses with status code 204.
   at Microsoft.AspNetCore.Server.Kestrel.Core.Internal.Http.HttpProtocol.FirstWriteAsyncInternal(ReadOnlyMemory`1 data, CancellationToken cancellationToken)
   at Microsoft.AspNetCore.Server.Kestrel.Core.Internal.Http.HttpProtocol.WritePipeAsync(ReadOnlyMemory`1 data, CancellationToken cancellationToken)
   at Microsoft.AspNetCore.Server.Kestrel.Core.Internal.Http.HttpResponseStream.WriteAsync(ReadOnlyMemory`1 source, CancellationToken cancellationToken)
   at System.Security.Cryptography.CryptoStream.WriteAsyncCore(ReadOnlyMemory`1 buffer, CancellationToken cancellationToken, Boolean useAsync)
   at System.Security.Cryptography.CryptoStream.WriteAsyncInternal(ReadOnlyMemory`1 buffer, CancellationToken cancellationToken)
   at System.Security.Cryptography.CryptoStream.FlushFinalBlockAsync(Boolean useAsync, CancellationToken cancellationToken)
   at System.Security.Cryptography.CryptoStream.DisposeAsyncCore()
   at HCS.Security.Helper.EncryptDecryptMiddleware.Invoke(HttpContext httpContext) in D:\Personal Work\Personal Projects\GitRepo\hcs_microservice\HCS.Services\HCS.Security\Helper\EncryptDecryptMiddleware.cs:line 43
   at Microsoft.AspNetCore.Watch.BrowserRefresh.BrowserRefreshMiddleware.InvokeAsync(HttpContext context)
   at Microsoft.AspNetCore.Server.Kestrel.Core.Internal.Http.HttpProtocol.ProcessRequests[TContext](IHttpApplication`1 application)
[2023-04-07 20:38:49.537] [Information] () <Serilog.AspNetCore.RequestLoggingMiddleware> HTTP "POST" "/api/User/login" responded 400 in 1688.9734 ms
[2023-04-07 20:39:18.705] [Information] () <Serilog.AspNetCore.RequestLoggingMiddleware> HTTP "GET" "/api/User/login" responded 405 in 0.5500 ms
[2023-04-07 20:41:34.982] [Error] () <Microsoft.AspNetCore.Server.Kestrel> Connection id ""0HMPNGPE2HI2J"", Request id ""0HMPNGPE2HI2J:00000001"": An unhandled exception was thrown by the application.
System.InvalidOperationException: Writing to the response body is invalid for responses with status code 204.
   at Microsoft.AspNetCore.Server.Kestrel.Core.Internal.Http.HttpProtocol.FirstWriteAsyncInternal(ReadOnlyMemory`1 data, CancellationToken cancellationToken)
   at Microsoft.AspNetCore.Server.Kestrel.Core.Internal.Http.HttpProtocol.WritePipeAsync(ReadOnlyMemory`1 data, CancellationToken cancellationToken)
   at Microsoft.AspNetCore.Server.Kestrel.Core.Internal.Http.HttpResponseStream.WriteAsync(ReadOnlyMemory`1 source, CancellationToken cancellationToken)
   at System.Security.Cryptography.CryptoStream.WriteAsyncCore(ReadOnlyMemory`1 buffer, CancellationToken cancellationToken, Boolean useAsync)
   at System.Security.Cryptography.CryptoStream.WriteAsyncInternal(ReadOnlyMemory`1 buffer, CancellationToken cancellationToken)
   at System.Security.Cryptography.CryptoStream.FlushFinalBlockAsync(Boolean useAsync, CancellationToken cancellationToken)
   at System.Security.Cryptography.CryptoStream.DisposeAsyncCore()
   at HCS.Security.Helper.EncryptDecryptMiddleware.Invoke(HttpContext httpContext) in D:\Personal Work\Personal Projects\GitRepo\hcs_microservice\HCS.Services\HCS.Security\Helper\EncryptDecryptMiddleware.cs:line 43
   at Microsoft.AspNetCore.Watch.BrowserRefresh.BrowserRefreshMiddleware.InvokeAsync(HttpContext context)
   at Microsoft.AspNetCore.Server.Kestrel.Core.Internal.Http.HttpProtocol.ProcessRequests[TContext](IHttpApplication`1 application)
[2023-04-07 20:41:38.804] [Information] () <Serilog.AspNetCore.RequestLoggingMiddleware> HTTP "POST" "/api/User/login" responded 400 in 57.1166 ms
[2023-04-07 20:42:53.757] [Information] () <> Application is starting
[2023-04-07 20:42:53.930] [Information] () <> 
**********************************************************************
**                      HCS Services                                **
**                    [Version 1.0.0]                               **
**  ©2022-2023 Health Care Solutions. All rights reserved           **
**********************************************************************

[2023-04-07 20:43:45.617] [Error] () <Microsoft.AspNetCore.Server.Kestrel> Connection id ""0HMPNGSLCVAK8"", Request id ""0HMPNGSLCVAK8:00000001"": An unhandled exception was thrown by the application.
System.InvalidOperationException: Writing to the response body is invalid for responses with status code 204.
   at Microsoft.AspNetCore.Server.Kestrel.Core.Internal.Http.HttpProtocol.FirstWriteAsyncInternal(ReadOnlyMemory`1 data, CancellationToken cancellationToken)
   at Microsoft.AspNetCore.Server.Kestrel.Core.Internal.Http.HttpProtocol.WritePipeAsync(ReadOnlyMemory`1 data, CancellationToken cancellationToken)
   at Microsoft.AspNetCore.Server.Kestrel.Core.Internal.Http.HttpResponseStream.WriteAsync(ReadOnlyMemory`1 source, CancellationToken cancellationToken)
   at System.Security.Cryptography.CryptoStream.WriteAsyncCore(ReadOnlyMemory`1 buffer, CancellationToken cancellationToken, Boolean useAsync)
   at System.Security.Cryptography.CryptoStream.WriteAsyncInternal(ReadOnlyMemory`1 buffer, CancellationToken cancellationToken)
   at System.Security.Cryptography.CryptoStream.FlushFinalBlockAsync(Boolean useAsync, CancellationToken cancellationToken)
   at System.Security.Cryptography.CryptoStream.DisposeAsyncCore()
   at HCS.Security.Helper.EncryptDecryptMiddleware.Invoke(HttpContext httpContext) in D:\Personal Work\Personal Projects\GitRepo\hcs_microservice\HCS.Services\HCS.Security\Helper\EncryptDecryptMiddleware.cs:line 43
   at Microsoft.AspNetCore.Watch.BrowserRefresh.BrowserRefreshMiddleware.InvokeAsync(HttpContext context)
   at Microsoft.AspNetCore.Server.Kestrel.Core.Internal.Http.HttpProtocol.ProcessRequests[TContext](IHttpApplication`1 application)
[2023-04-07 20:43:50.035] [Information] () <Serilog.AspNetCore.RequestLoggingMiddleware> HTTP "POST" "/api/User/login" responded 400 in 822.0308 ms
