[2023-04-09 00:02:49.431] [Information] () <> Application is starting
[2023-04-09 00:02:49.583] [Information] () <> 
**********************************************************************
**                      HCS Services                                **
**                    [Version 1.0.0]                               **
**  ©2022-2023 Health Care Solutions. All rights reserved           **
**********************************************************************

[2023-04-09 00:03:40.116] [Information] () <> Application is starting
[2023-04-09 00:03:40.239] [Information] () <> 
**********************************************************************
**                      HCS Services                                **
**                    [Version 1.0.0]                               **
**  ©2022-2023 Health Care Solutions. All rights reserved           **
**********************************************************************

[2023-04-09 00:04:18.212] [Information] () <Serilog.AspNetCore.RequestLoggingMiddleware> HTTP "POST" "/api/User/login" responded 400 in 519.5819 ms
[2023-04-09 00:05:45.118] [Information] () <> Application is starting
[2023-04-09 00:05:45.257] [Information] () <> 
**********************************************************************
**                      HCS Services                                **
**                    [Version 1.0.0]                               **
**  ©2022-2023 Health Care Solutions. All rights reserved           **
**********************************************************************

[2023-04-09 00:05:58.315] [Information] () <> Application is starting
[2023-04-09 00:05:58.448] [Information] () <> 
**********************************************************************
**                      HCS Services                                **
**                    [Version 1.0.0]                               **
**  ©2022-2023 Health Care Solutions. All rights reserved           **
**********************************************************************

[2023-04-09 00:06:20.063] [Information] () <Serilog.AspNetCore.RequestLoggingMiddleware> HTTP "POST" "/api/User/login" responded 400 in 799.3154 ms
[2023-04-09 00:32:09.738] [Information] () <> Application is starting
[2023-04-09 00:32:09.857] [Information] () <> 
**********************************************************************
**                      HCS Services                                **
**                    [Version 1.0.0]                               **
**  ©2022-2023 Health Care Solutions. All rights reserved           **
**********************************************************************

[2023-04-09 00:32:49.017] [Information] () <Serilog.AspNetCore.RequestLoggingMiddleware> HTTP "POST" "/api/User/login" responded 400 in 1400.5747 ms
[2023-04-09 00:36:38.977] [Information] () <> Application is starting
[2023-04-09 00:36:39.114] [Information] () <> 
**********************************************************************
**                      HCS Services                                **
**                    [Version 1.0.0]                               **
**  ©2022-2023 Health Care Solutions. All rights reserved           **
**********************************************************************

[2023-04-09 00:36:57.083] [Error] () <Serilog.AspNetCore.RequestLoggingMiddleware> HTTP "POST" "/api/User/login" responded 500 in 8.0792 ms
System.InvalidOperationException: No service for type 'HCS.Security.Filter.ValidateModelAttribute' has been registered.
   at Microsoft.Extensions.DependencyInjection.ServiceProviderServiceExtensions.GetRequiredService(IServiceProvider provider, Type serviceType)
   at Microsoft.AspNetCore.Mvc.ServiceFilterAttribute.CreateInstance(IServiceProvider serviceProvider)
   at Microsoft.AspNetCore.Mvc.Filters.DefaultFilterProvider.ProvideFilter(FilterProviderContext context, FilterItem filterItem)
   at Microsoft.AspNetCore.Mvc.Filters.DefaultFilterProvider.OnProvidersExecuting(FilterProviderContext context)
   at Microsoft.AspNetCore.Mvc.Filters.FilterFactory.CreateUncachedFiltersCore(IFilterProvider[] filterProviders, ActionContext actionContext, List`1 filterItems)
   at Microsoft.AspNetCore.Mvc.Filters.FilterFactory.GetAllFilters(IFilterProvider[] filterProviders, ActionContext actionContext)
   at Microsoft.AspNetCore.Mvc.Infrastructure.ControllerActionInvokerCache.GetCachedResult(ControllerContext controllerContext)
   at Microsoft.AspNetCore.Mvc.Routing.ControllerRequestDelegateFactory.<>c__DisplayClass12_0.<CreateRequestDelegate>b__0(HttpContext context)
   at Microsoft.AspNetCore.Routing.EndpointMiddleware.Invoke(HttpContext httpContext)
--- End of stack trace from previous location ---
   at Serilog.AspNetCore.RequestLoggingMiddleware.Invoke(HttpContext httpContext)
[2023-04-09 00:36:57.411] [Error] () <Microsoft.AspNetCore.Diagnostics.DeveloperExceptionPageMiddleware> An unhandled exception has occurred while executing the request.
System.InvalidOperationException: No service for type 'HCS.Security.Filter.ValidateModelAttribute' has been registered.
   at Microsoft.Extensions.DependencyInjection.ServiceProviderServiceExtensions.GetRequiredService(IServiceProvider provider, Type serviceType)
   at Microsoft.AspNetCore.Mvc.ServiceFilterAttribute.CreateInstance(IServiceProvider serviceProvider)
   at Microsoft.AspNetCore.Mvc.Filters.DefaultFilterProvider.ProvideFilter(FilterProviderContext context, FilterItem filterItem)
   at Microsoft.AspNetCore.Mvc.Filters.DefaultFilterProvider.OnProvidersExecuting(FilterProviderContext context)
   at Microsoft.AspNetCore.Mvc.Filters.FilterFactory.CreateUncachedFiltersCore(IFilterProvider[] filterProviders, ActionContext actionContext, List`1 filterItems)
   at Microsoft.AspNetCore.Mvc.Filters.FilterFactory.GetAllFilters(IFilterProvider[] filterProviders, ActionContext actionContext)
   at Microsoft.AspNetCore.Mvc.Infrastructure.ControllerActionInvokerCache.GetCachedResult(ControllerContext controllerContext)
   at Microsoft.AspNetCore.Mvc.Routing.ControllerRequestDelegateFactory.<>c__DisplayClass12_0.<CreateRequestDelegate>b__0(HttpContext context)
   at Microsoft.AspNetCore.Routing.EndpointMiddleware.Invoke(HttpContext httpContext)
--- End of stack trace from previous location ---
   at Serilog.AspNetCore.RequestLoggingMiddleware.Invoke(HttpContext httpContext)
   at HCS.Security.Helper.EncryptDecryptMiddleware.InvokeAsync(HttpContext context, RequestDelegate next) in D:\Personal Work\Personal Projects\GitRepo\hcs_microservice\HCS.Services\HCS.Security\Helper\EncryptDecryptMiddleware.cs:line 44
   at Microsoft.AspNetCore.Builder.UseMiddlewareExtensions.<>c__DisplayClass6_1.<<UseMiddlewareInterface>b__1>d.MoveNext()
--- End of stack trace from previous location ---
   at Microsoft.AspNetCore.ResponseCompression.ResponseCompressionMiddleware.InvokeCore(HttpContext context)
   at Microsoft.AspNetCore.Authorization.AuthorizationMiddleware.Invoke(HttpContext context)
   at Microsoft.AspNetCore.Authentication.AuthenticationMiddleware.Invoke(HttpContext context)
   at Swashbuckle.AspNetCore.SwaggerUI.SwaggerUIMiddleware.Invoke(HttpContext httpContext)
   at Swashbuckle.AspNetCore.Swagger.SwaggerMiddleware.Invoke(HttpContext httpContext, ISwaggerProvider swaggerProvider)
   at Microsoft.AspNetCore.Diagnostics.DeveloperExceptionPageMiddleware.Invoke(HttpContext context)
[2023-04-09 00:37:15.094] [Information] () <Serilog.AspNetCore.RequestLoggingMiddleware> HTTP "GET" "/api/User/login" responded 405 in 0.6723 ms
[2023-04-09 00:38:15.831] [Information] () <> Application is starting
[2023-04-09 00:38:15.988] [Information] () <> 
**********************************************************************
**                      HCS Services                                **
**                    [Version 1.0.0]                               **
**  ©2022-2023 Health Care Solutions. All rights reserved           **
**********************************************************************

[2023-04-09 00:38:46.023] [Information] () <Serilog.AspNetCore.RequestLoggingMiddleware> HTTP "POST" "/api/User/login" responded 400 in 654.3343 ms
[2023-04-09 00:51:28.930] [Information] () <> Application is starting
[2023-04-09 00:51:29.023] [Information] () <> 
**********************************************************************
**                      HCS Services                                **
**                    [Version 1.0.0]                               **
**  ©2022-2023 Health Care Solutions. All rights reserved           **
**********************************************************************

[2023-04-09 00:51:32.680] [Fatal] () <Microsoft.AspNetCore.Hosting.Diagnostics> Application startup exception
System.InvalidOperationException: No public 'Invoke' or 'InvokeAsync' method found for middleware of type 'HCS.Security.Helper.EncryptDecryptMiddleware'.
   at Microsoft.AspNetCore.Builder.UseMiddlewareExtensions.<>c__DisplayClass5_0.<UseMiddleware>b__0(RequestDelegate next)
   at Microsoft.AspNetCore.Builder.ApplicationBuilder.Build()
   at Microsoft.AspNetCore.Hosting.GenericWebHostService.StartAsync(CancellationToken cancellationToken)
[2023-04-09 00:51:32.764] [Fatal] () <> Fatal: Application error
System.InvalidOperationException: No public 'Invoke' or 'InvokeAsync' method found for middleware of type 'HCS.Security.Helper.EncryptDecryptMiddleware'.
   at Microsoft.AspNetCore.Builder.UseMiddlewareExtensions.<>c__DisplayClass5_0.<UseMiddleware>b__0(RequestDelegate next)
   at Microsoft.AspNetCore.Builder.ApplicationBuilder.Build()
   at Microsoft.AspNetCore.Hosting.GenericWebHostService.StartAsync(CancellationToken cancellationToken)
   at Microsoft.Extensions.Hosting.Internal.Host.StartAsync(CancellationToken cancellationToken)
   at Microsoft.Extensions.Hosting.HostingAbstractionsHostExtensions.RunAsync(IHost host, CancellationToken token)
   at Microsoft.Extensions.Hosting.HostingAbstractionsHostExtensions.RunAsync(IHost host, CancellationToken token)
   at Microsoft.Extensions.Hosting.HostingAbstractionsHostExtensions.Run(IHost host)
   at HCS.Security.Program.Main(String[] args) in D:\Personal Work\Personal Projects\GitRepo\hcs_microservice\HCS.Services\HCS.Security\Program.cs:line 85
[2023-04-09 00:58:29.553] [Information] () <> Application is starting
[2023-04-09 00:58:29.627] [Information] () <> 
**********************************************************************
**                      HCS Services                                **
**                    [Version 1.0.0]                               **
**  ©2022-2023 Health Care Solutions. All rights reserved           **
**********************************************************************

[2023-04-09 00:58:33.202] [Fatal] () <Microsoft.AspNetCore.Hosting.Diagnostics> Application startup exception
System.InvalidOperationException: No public 'Invoke' or 'InvokeAsync' method found for middleware of type 'HCS.Security.Helper.EncryptDecryptMiddleware'.
   at Microsoft.AspNetCore.Builder.UseMiddlewareExtensions.<>c__DisplayClass5_0.<UseMiddleware>b__0(RequestDelegate next)
   at Microsoft.AspNetCore.Builder.ApplicationBuilder.Build()
   at Microsoft.AspNetCore.Hosting.GenericWebHostService.StartAsync(CancellationToken cancellationToken)
[2023-04-09 00:58:33.303] [Fatal] () <> Fatal: Application error
System.InvalidOperationException: No public 'Invoke' or 'InvokeAsync' method found for middleware of type 'HCS.Security.Helper.EncryptDecryptMiddleware'.
   at Microsoft.AspNetCore.Builder.UseMiddlewareExtensions.<>c__DisplayClass5_0.<UseMiddleware>b__0(RequestDelegate next)
   at Microsoft.AspNetCore.Builder.ApplicationBuilder.Build()
   at Microsoft.AspNetCore.Hosting.GenericWebHostService.StartAsync(CancellationToken cancellationToken)
   at Microsoft.Extensions.Hosting.Internal.Host.StartAsync(CancellationToken cancellationToken)
   at Microsoft.Extensions.Hosting.HostingAbstractionsHostExtensions.RunAsync(IHost host, CancellationToken token)
   at Microsoft.Extensions.Hosting.HostingAbstractionsHostExtensions.RunAsync(IHost host, CancellationToken token)
   at Microsoft.Extensions.Hosting.HostingAbstractionsHostExtensions.Run(IHost host)
   at HCS.Security.Program.Main(String[] args) in D:\Personal Work\Personal Projects\GitRepo\hcs_microservice\HCS.Services\HCS.Security\Program.cs:line 85
[2023-04-09 01:00:41.504] [Information] () <> Application is starting
[2023-04-09 01:00:41.575] [Information] () <> 
**********************************************************************
**                      HCS Services                                **
**                    [Version 1.0.0]                               **
**  ©2022-2023 Health Care Solutions. All rights reserved           **
**********************************************************************

[2023-04-09 01:00:42.987] [Fatal] () <Microsoft.AspNetCore.Hosting.Diagnostics> Application startup exception
System.InvalidOperationException: No public 'Invoke' or 'InvokeAsync' method found for middleware of type 'HCS.Security.Helper.EncryptDecryptMiddleware'.
   at Microsoft.AspNetCore.Builder.UseMiddlewareExtensions.<>c__DisplayClass5_0.<UseMiddleware>b__0(RequestDelegate next)
   at Microsoft.AspNetCore.Builder.ApplicationBuilder.Build()
   at Microsoft.AspNetCore.Hosting.GenericWebHostService.StartAsync(CancellationToken cancellationToken)
[2023-04-09 01:00:43.070] [Fatal] () <> Fatal: Application error
System.InvalidOperationException: No public 'Invoke' or 'InvokeAsync' method found for middleware of type 'HCS.Security.Helper.EncryptDecryptMiddleware'.
   at Microsoft.AspNetCore.Builder.UseMiddlewareExtensions.<>c__DisplayClass5_0.<UseMiddleware>b__0(RequestDelegate next)
   at Microsoft.AspNetCore.Builder.ApplicationBuilder.Build()
   at Microsoft.AspNetCore.Hosting.GenericWebHostService.StartAsync(CancellationToken cancellationToken)
   at Microsoft.Extensions.Hosting.Internal.Host.StartAsync(CancellationToken cancellationToken)
   at Microsoft.Extensions.Hosting.HostingAbstractionsHostExtensions.RunAsync(IHost host, CancellationToken token)
   at Microsoft.Extensions.Hosting.HostingAbstractionsHostExtensions.RunAsync(IHost host, CancellationToken token)
   at Microsoft.Extensions.Hosting.HostingAbstractionsHostExtensions.Run(IHost host)
   at HCS.Security.Program.Main(String[] args) in D:\Personal Work\Personal Projects\GitRepo\hcs_microservice\HCS.Services\HCS.Security\Program.cs:line 85
[2023-04-09 01:33:02.601] [Information] () <> Application is starting
[2023-04-09 01:33:02.771] [Information] () <> 
**********************************************************************
**                      HCS Services                                **
**                    [Version 1.0.0]                               **
**  ©2022-2023 Health Care Solutions. All rights reserved           **
**********************************************************************

[2023-04-09 01:33:29.723] [Information] () <> Application is starting
[2023-04-09 01:33:29.886] [Information] () <> 
**********************************************************************
**                      HCS Services                                **
**                    [Version 1.0.0]                               **
**  ©2022-2023 Health Care Solutions. All rights reserved           **
**********************************************************************

[2023-04-09 01:34:03.927] [Information] () <> Application is starting
[2023-04-09 01:34:04.011] [Information] () <> 
**********************************************************************
**                      HCS Services                                **
**                    [Version 1.0.0]                               **
**  ©2022-2023 Health Care Solutions. All rights reserved           **
**********************************************************************

[2023-04-09 01:34:13.679] [Information] () <> Application is starting
[2023-04-09 01:34:13.832] [Information] () <> 
**********************************************************************
**                      HCS Services                                **
**                    [Version 1.0.0]                               **
**  ©2022-2023 Health Care Solutions. All rights reserved           **
**********************************************************************

[2023-04-09 01:34:31.165] [Information] () <> Application is starting
[2023-04-09 01:34:31.309] [Information] () <> 
**********************************************************************
**                      HCS Services                                **
**                    [Version 1.0.0]                               **
**  ©2022-2023 Health Care Solutions. All rights reserved           **
**********************************************************************

[2023-04-09 01:35:05.713] [Information] () <> Application is starting
[2023-04-09 01:35:05.857] [Information] () <> 
**********************************************************************
**                      HCS Services                                **
**                    [Version 1.0.0]                               **
**  ©2022-2023 Health Care Solutions. All rights reserved           **
**********************************************************************

[2023-04-09 01:35:15.335] [Information] () <> Application is starting
[2023-04-09 01:35:15.490] [Information] () <> 
**********************************************************************
**                      HCS Services                                **
**                    [Version 1.0.0]                               **
**  ©2022-2023 Health Care Solutions. All rights reserved           **
**********************************************************************

[2023-04-09 01:35:32.462] [Information] () <> Application is starting
[2023-04-09 01:35:32.593] [Information] () <> 
**********************************************************************
**                      HCS Services                                **
**                    [Version 1.0.0]                               **
**  ©2022-2023 Health Care Solutions. All rights reserved           **
**********************************************************************

[2023-04-09 01:36:25.639] [Information] () <> Application is starting
[2023-04-09 01:36:25.753] [Information] () <> 
**********************************************************************
**                      HCS Services                                **
**                    [Version 1.0.0]                               **
**  ©2022-2023 Health Care Solutions. All rights reserved           **
**********************************************************************

[2023-04-09 01:36:42.459] [Information] () <> Application is starting
[2023-04-09 01:36:42.874] [Information] () <> 
**********************************************************************
**                      HCS Services                                **
**                    [Version 1.0.0]                               **
**  ©2022-2023 Health Care Solutions. All rights reserved           **
**********************************************************************

[2023-04-09 01:38:43.874] [Information] () <> Application is starting
[2023-04-09 01:38:43.957] [Information] () <> 
**********************************************************************
**                      HCS Services                                **
**                    [Version 1.0.0]                               **
**  ©2022-2023 Health Care Solutions. All rights reserved           **
**********************************************************************

[2023-04-09 01:39:06.806] [Information] () <> Application is starting
[2023-04-09 01:39:06.987] [Information] () <> 
**********************************************************************
**                      HCS Services                                **
**                    [Version 1.0.0]                               **
**  ©2022-2023 Health Care Solutions. All rights reserved           **
**********************************************************************

[2023-04-09 01:40:38.566] [Information] () <> Application is starting
[2023-04-09 01:40:38.643] [Information] () <> 
**********************************************************************
**                      HCS Services                                **
**                    [Version 1.0.0]                               **
**  ©2022-2023 Health Care Solutions. All rights reserved           **
**********************************************************************

[2023-04-09 01:40:59.829] [Information] () <> Application is starting
[2023-04-09 01:40:59.948] [Information] () <> 
**********************************************************************
**                      HCS Services                                **
**                    [Version 1.0.0]                               **
**  ©2022-2023 Health Care Solutions. All rights reserved           **
**********************************************************************

[2023-04-09 01:42:17.704] [Information] () <> Application is starting
[2023-04-09 01:42:17.777] [Information] () <> 
**********************************************************************
**                      HCS Services                                **
**                    [Version 1.0.0]                               **
**  ©2022-2023 Health Care Solutions. All rights reserved           **
**********************************************************************

[2023-04-09 01:42:47.834] [Information] () <> Application is starting
[2023-04-09 01:42:47.924] [Information] () <> 
**********************************************************************
**                      HCS Services                                **
**                    [Version 1.0.0]                               **
**  ©2022-2023 Health Care Solutions. All rights reserved           **
**********************************************************************

[2023-04-09 01:43:54.782] [Information] () <> Application is starting
[2023-04-09 01:43:54.905] [Information] () <> 
**********************************************************************
**                      HCS Services                                **
**                    [Version 1.0.0]                               **
**  ©2022-2023 Health Care Solutions. All rights reserved           **
**********************************************************************

[2023-04-09 01:51:36.892] [Information] () <> Application is starting
[2023-04-09 01:51:36.966] [Information] () <> 
**********************************************************************
**                      HCS Services                                **
**                    [Version 1.0.0]                               **
**  ©2022-2023 Health Care Solutions. All rights reserved           **
**********************************************************************

[2023-04-09 01:52:05.323] [Information] () <> Application is starting
[2023-04-09 01:52:05.445] [Information] () <> 
**********************************************************************
**                      HCS Services                                **
**                    [Version 1.0.0]                               **
**  ©2022-2023 Health Care Solutions. All rights reserved           **
**********************************************************************

[2023-04-09 01:52:29.087] [Information] () <> Application is starting
[2023-04-09 01:52:29.136] [Information] () <> 
**********************************************************************
**                      HCS Services                                **
**                    [Version 1.0.0]                               **
**  ©2022-2023 Health Care Solutions. All rights reserved           **
**********************************************************************

[2023-04-09 01:52:37.858] [Information] () <> Application is starting
[2023-04-09 01:52:37.987] [Information] () <> 
**********************************************************************
**                      HCS Services                                **
**                    [Version 1.0.0]                               **
**  ©2022-2023 Health Care Solutions. All rights reserved           **
**********************************************************************

[2023-04-09 03:12:13.599] [Information] () <> Application is starting
[2023-04-09 03:12:13.685] [Information] () <> 
**********************************************************************
**                      HCS Services                                **
**                    [Version 1.0.0]                               **
**  ©2022-2023 Health Care Solutions. All rights reserved           **
**********************************************************************

[2023-04-09 03:15:37.938] [Information] () <> Application is starting
[2023-04-09 03:15:38.056] [Information] () <> 
**********************************************************************
**                      HCS Services                                **
**                    [Version 1.0.0]                               **
**  ©2022-2023 Health Care Solutions. All rights reserved           **
**********************************************************************

[2023-04-09 03:18:37.957] [Information] () <> Application is starting
[2023-04-09 03:18:38.030] [Information] () <> 
**********************************************************************
**                      HCS Services                                **
**                    [Version 1.0.0]                               **
**  ©2022-2023 Health Care Solutions. All rights reserved           **
**********************************************************************

[2023-04-09 03:19:50.968] [Information] () <> Application is starting
[2023-04-09 03:19:51.142] [Information] () <> 
**********************************************************************
**                      HCS Services                                **
**                    [Version 1.0.0]                               **
**  ©2022-2023 Health Care Solutions. All rights reserved           **
**********************************************************************

[2023-04-09 03:20:05.403] [Information] () <> Application is starting
[2023-04-09 03:20:05.531] [Information] () <> 
**********************************************************************
**                      HCS Services                                **
**                    [Version 1.0.0]                               **
**  ©2022-2023 Health Care Solutions. All rights reserved           **
**********************************************************************

[2023-04-09 03:21:43.095] [Information] () <> Application is starting
[2023-04-09 03:21:43.172] [Information] () <> 
**********************************************************************
**                      HCS Services                                **
**                    [Version 1.0.0]                               **
**  ©2022-2023 Health Care Solutions. All rights reserved           **
**********************************************************************

[2023-04-09 03:27:16.423] [Information] () <> Application is starting
[2023-04-09 03:27:16.502] [Information] () <> 
**********************************************************************
**                      HCS Services                                **
**                    [Version 1.0.0]                               **
**  ©2022-2023 Health Care Solutions. All rights reserved           **
**********************************************************************

[2023-04-09 03:38:18.545] [Information] () <> Application is starting
[2023-04-09 03:38:18.622] [Information] () <> 
**********************************************************************
**                      HCS Services                                **
**                    [Version 1.0.0]                               **
**  ©2022-2023 Health Care Solutions. All rights reserved           **
**********************************************************************

[2023-04-09 03:38:40.157] [Information] () <> Application is starting
[2023-04-09 03:38:40.300] [Information] () <> 
**********************************************************************
**                      HCS Services                                **
**                    [Version 1.0.0]                               **
**  ©2022-2023 Health Care Solutions. All rights reserved           **
**********************************************************************

[2023-04-09 03:43:29.432] [Information] () <> Application is starting
[2023-04-09 03:43:29.515] [Information] () <> 
**********************************************************************
**                      HCS Services                                **
**                    [Version 1.0.0]                               **
**  ©2022-2023 Health Care Solutions. All rights reserved           **
**********************************************************************

[2023-04-09 03:53:27.989] [Information] () <> Application is starting
[2023-04-09 03:53:28.088] [Information] () <> 
**********************************************************************
**                      HCS Services                                **
**                    [Version 1.0.0]                               **
**  ©2022-2023 Health Care Solutions. All rights reserved           **
**********************************************************************

[2023-04-09 03:54:03.623] [Information] () <Serilog.AspNetCore.RequestLoggingMiddleware> HTTP "POST" "/api/User/login" responded 400 in 982.7640 ms
[2023-04-09 03:55:05.264] [Information] () <> Application is starting
[2023-04-09 03:55:05.384] [Information] () <> 
**********************************************************************
**                      HCS Services                                **
**                    [Version 1.0.0]                               **
**  ©2022-2023 Health Care Solutions. All rights reserved           **
**********************************************************************

[2023-04-09 03:55:06.655] [Fatal] () <Microsoft.AspNetCore.Hosting.Diagnostics> Application startup exception
System.InvalidOperationException: No public 'Invoke' or 'InvokeAsync' method found for middleware of type 'HCS.Security.Helper.EncryptDecryptMiddleware'.
   at Microsoft.AspNetCore.Builder.UseMiddlewareExtensions.<>c__DisplayClass5_0.<UseMiddleware>b__0(RequestDelegate next)
   at Microsoft.AspNetCore.Builder.ApplicationBuilder.Build()
   at Microsoft.AspNetCore.Hosting.GenericWebHostService.StartAsync(CancellationToken cancellationToken)
[2023-04-09 03:55:06.782] [Fatal] () <> Fatal: Application error
System.InvalidOperationException: No public 'Invoke' or 'InvokeAsync' method found for middleware of type 'HCS.Security.Helper.EncryptDecryptMiddleware'.
   at Microsoft.AspNetCore.Builder.UseMiddlewareExtensions.<>c__DisplayClass5_0.<UseMiddleware>b__0(RequestDelegate next)
   at Microsoft.AspNetCore.Builder.ApplicationBuilder.Build()
   at Microsoft.AspNetCore.Hosting.GenericWebHostService.StartAsync(CancellationToken cancellationToken)
   at Microsoft.Extensions.Hosting.Internal.Host.StartAsync(CancellationToken cancellationToken)
   at Microsoft.Extensions.Hosting.HostingAbstractionsHostExtensions.RunAsync(IHost host, CancellationToken token)
   at Microsoft.Extensions.Hosting.HostingAbstractionsHostExtensions.RunAsync(IHost host, CancellationToken token)
   at Microsoft.Extensions.Hosting.HostingAbstractionsHostExtensions.Run(IHost host)
   at HCS.Security.Program.Main(String[] args) in D:\Personal Work\Personal Projects\GitRepo\hcs_microservice\HCS.Services\HCS.Security\Program.cs:line 85
[2023-04-09 04:09:50.162] [Information] () <> Application is starting
[2023-04-09 04:09:50.231] [Information] () <> 
**********************************************************************
**                      HCS Services                                **
**                    [Version 1.0.0]                               **
**  ©2022-2023 Health Care Solutions. All rights reserved           **
**********************************************************************

[2023-04-09 04:10:54.055] [Information] () <Serilog.AspNetCore.RequestLoggingMiddleware> HTTP "POST" "/api/User/login" responded 400 in 1142.4854 ms
[2023-04-09 04:13:56.872] [Information] () <> Application is starting
[2023-04-09 04:13:56.995] [Information] () <> 
**********************************************************************
**                      HCS Services                                **
**                    [Version 1.0.0]                               **
**  ©2022-2023 Health Care Solutions. All rights reserved           **
**********************************************************************

[2023-04-09 04:14:19.780] [Information] () <Serilog.AspNetCore.RequestLoggingMiddleware> HTTP "POST" "/api/User/login" responded 400 in 616.1791 ms
[2023-04-09 04:36:30.556] [Information] () <> Application is starting
[2023-04-09 04:36:30.807] [Information] () <> 
**********************************************************************
**                      HCS Services                                **
**                    [Version 1.0.0]                               **
**  ©2022-2023 Health Care Solutions. All rights reserved           **
**********************************************************************

[2023-04-09 04:37:16.557] [Error] () <Microsoft.AspNetCore.Diagnostics.DeveloperExceptionPageMiddleware> An unhandled exception has occurred while executing the request.
System.InvalidOperationException: No service for type 'HCS.Security.Helper.EncryptDecryptMiddleware' has been registered.
   at Microsoft.Extensions.DependencyInjection.ServiceProviderServiceExtensions.GetRequiredService(IServiceProvider provider, Type serviceType)
   at Microsoft.AspNetCore.Http.MiddlewareFactory.Create(Type middlewareType)
   at Microsoft.AspNetCore.Builder.UseMiddlewareExtensions.<>c__DisplayClass6_1.<<UseMiddlewareInterface>b__1>d.MoveNext()
--- End of stack trace from previous location ---
   at Microsoft.AspNetCore.ResponseCompression.ResponseCompressionMiddleware.InvokeCore(HttpContext context)
   at Microsoft.AspNetCore.Authorization.AuthorizationMiddleware.Invoke(HttpContext context)
   at Microsoft.AspNetCore.Authentication.AuthenticationMiddleware.Invoke(HttpContext context)
   at Swashbuckle.AspNetCore.SwaggerUI.SwaggerUIMiddleware.Invoke(HttpContext httpContext)
   at Swashbuckle.AspNetCore.Swagger.SwaggerMiddleware.Invoke(HttpContext httpContext, ISwaggerProvider swaggerProvider)
   at Microsoft.AspNetCore.Diagnostics.DeveloperExceptionPageMiddleware.Invoke(HttpContext context)
[2023-04-09 04:38:05.692] [Information] () <> Application is starting
[2023-04-09 04:38:05.837] [Information] () <> 
**********************************************************************
**                      HCS Services                                **
**                    [Version 1.0.0]                               **
**  ©2022-2023 Health Care Solutions. All rights reserved           **
**********************************************************************

[2023-04-09 04:57:47.817] [Information] () <> Application is starting
[2023-04-09 04:57:47.978] [Information] () <> 
**********************************************************************
**                      HCS Services                                **
**                    [Version 1.0.0]                               **
**  ©2022-2023 Health Care Solutions. All rights reserved           **
**********************************************************************

[2023-04-09 04:57:53.336] [Error] () <Microsoft.AspNetCore.Server.Kestrel> Connection id ""0HMPOILORED7V"", Request id ""0HMPOILORED7V:00000001"": An unhandled exception was thrown by the application.
System.InvalidOperationException: No service for type 'HCS.Security.Helper.EncryptDecryptMiddleware' has been registered.
   at Microsoft.Extensions.DependencyInjection.ServiceProviderServiceExtensions.GetRequiredService(IServiceProvider provider, Type serviceType)
   at Microsoft.AspNetCore.Http.MiddlewareFactory.Create(Type middlewareType)
   at Microsoft.AspNetCore.Builder.UseMiddlewareExtensions.<>c__DisplayClass6_1.<<UseMiddlewareInterface>b__1>d.MoveNext()
--- End of stack trace from previous location ---
   at Microsoft.WebTools.BrowserLink.Net.BrowserLinkMiddleware.ExecuteWithFilterAsync(IHttpSocketAdapter injectScriptSocket, String requestId, HttpContext httpContext)
   at Microsoft.AspNetCore.Watch.BrowserRefresh.BrowserRefreshMiddleware.InvokeAsync(HttpContext context)
   at Microsoft.AspNetCore.Server.Kestrel.Core.Internal.Http.HttpProtocol.ProcessRequests[TContext](IHttpApplication`1 application)
[2023-04-09 04:58:32.322] [Information] () <> Application is starting
[2023-04-09 04:58:32.467] [Information] () <> 
**********************************************************************
**                      HCS Services                                **
**                    [Version 1.0.0]                               **
**  ©2022-2023 Health Care Solutions. All rights reserved           **
**********************************************************************

[2023-04-09 04:58:49.339] [Error] () <Serilog.AspNetCore.RequestLoggingMiddleware> HTTP "POST" "/api/User/login" responded 500 in 4.5499 ms
System.InvalidOperationException: No service for type 'HCS.Security.Helper.EncryptDecryptMiddleware' has been registered.
   at Microsoft.Extensions.DependencyInjection.ServiceProviderServiceExtensions.GetRequiredService(IServiceProvider provider, Type serviceType)
   at Microsoft.AspNetCore.Http.MiddlewareFactory.Create(Type middlewareType)
   at Microsoft.AspNetCore.Builder.UseMiddlewareExtensions.<>c__DisplayClass6_1.<<UseMiddlewareInterface>b__1>d.MoveNext()
--- End of stack trace from previous location ---
   at Serilog.AspNetCore.RequestLoggingMiddleware.Invoke(HttpContext httpContext)
[2023-04-09 04:58:49.431] [Error] () <Microsoft.AspNetCore.Diagnostics.DeveloperExceptionPageMiddleware> An unhandled exception has occurred while executing the request.
System.InvalidOperationException: No service for type 'HCS.Security.Helper.EncryptDecryptMiddleware' has been registered.
   at Microsoft.Extensions.DependencyInjection.ServiceProviderServiceExtensions.GetRequiredService(IServiceProvider provider, Type serviceType)
   at Microsoft.AspNetCore.Http.MiddlewareFactory.Create(Type middlewareType)
   at Microsoft.AspNetCore.Builder.UseMiddlewareExtensions.<>c__DisplayClass6_1.<<UseMiddlewareInterface>b__1>d.MoveNext()
--- End of stack trace from previous location ---
   at Serilog.AspNetCore.RequestLoggingMiddleware.Invoke(HttpContext httpContext)
   at Microsoft.AspNetCore.ResponseCompression.ResponseCompressionMiddleware.InvokeCore(HttpContext context)
   at Microsoft.AspNetCore.Authorization.AuthorizationMiddleware.Invoke(HttpContext context)
   at Microsoft.AspNetCore.Authentication.AuthenticationMiddleware.Invoke(HttpContext context)
   at Swashbuckle.AspNetCore.SwaggerUI.SwaggerUIMiddleware.Invoke(HttpContext httpContext)
   at Swashbuckle.AspNetCore.Swagger.SwaggerMiddleware.Invoke(HttpContext httpContext, ISwaggerProvider swaggerProvider)
   at Microsoft.AspNetCore.Diagnostics.DeveloperExceptionPageMiddleware.Invoke(HttpContext context)
[2023-04-09 04:59:16.857] [Error] () <Serilog.AspNetCore.RequestLoggingMiddleware> HTTP "POST" "/api/User/login" responded 500 in 0.5237 ms
System.InvalidOperationException: No service for type 'HCS.Security.Helper.EncryptDecryptMiddleware' has been registered.
   at Microsoft.Extensions.DependencyInjection.ServiceProviderServiceExtensions.GetRequiredService(IServiceProvider provider, Type serviceType)
   at Microsoft.AspNetCore.Http.MiddlewareFactory.Create(Type middlewareType)
   at Microsoft.AspNetCore.Builder.UseMiddlewareExtensions.<>c__DisplayClass6_1.<<UseMiddlewareInterface>b__1>d.MoveNext()
--- End of stack trace from previous location ---
   at Serilog.AspNetCore.RequestLoggingMiddleware.Invoke(HttpContext httpContext)
[2023-04-09 04:59:16.863] [Error] () <Microsoft.AspNetCore.Diagnostics.DeveloperExceptionPageMiddleware> An unhandled exception has occurred while executing the request.
System.InvalidOperationException: No service for type 'HCS.Security.Helper.EncryptDecryptMiddleware' has been registered.
   at Microsoft.Extensions.DependencyInjection.ServiceProviderServiceExtensions.GetRequiredService(IServiceProvider provider, Type serviceType)
   at Microsoft.AspNetCore.Http.MiddlewareFactory.Create(Type middlewareType)
   at Microsoft.AspNetCore.Builder.UseMiddlewareExtensions.<>c__DisplayClass6_1.<<UseMiddlewareInterface>b__1>d.MoveNext()
--- End of stack trace from previous location ---
   at Serilog.AspNetCore.RequestLoggingMiddleware.Invoke(HttpContext httpContext)
   at Microsoft.AspNetCore.ResponseCompression.ResponseCompressionMiddleware.InvokeCore(HttpContext context)
   at Microsoft.AspNetCore.Authorization.AuthorizationMiddleware.Invoke(HttpContext context)
   at Microsoft.AspNetCore.Authentication.AuthenticationMiddleware.Invoke(HttpContext context)
   at Swashbuckle.AspNetCore.SwaggerUI.SwaggerUIMiddleware.Invoke(HttpContext httpContext)
   at Swashbuckle.AspNetCore.Swagger.SwaggerMiddleware.Invoke(HttpContext httpContext, ISwaggerProvider swaggerProvider)
   at Microsoft.AspNetCore.Diagnostics.DeveloperExceptionPageMiddleware.Invoke(HttpContext context)
[2023-04-09 05:00:20.274] [Information] () <> Application is starting
[2023-04-09 05:00:20.501] [Information] () <> 
**********************************************************************
**                      HCS Services                                **
**                    [Version 1.0.0]                               **
**  ©2022-2023 Health Care Solutions. All rights reserved           **
**********************************************************************

[2023-04-09 05:00:37.613] [Error] () <Serilog.AspNetCore.RequestLoggingMiddleware> HTTP "POST" "/api/User/login" responded 500 in 3.6464 ms
System.InvalidOperationException: No service for type 'HCS.Security.Helper.EncryptDecryptMiddleware' has been registered.
   at Microsoft.Extensions.DependencyInjection.ServiceProviderServiceExtensions.GetRequiredService(IServiceProvider provider, Type serviceType)
   at Microsoft.AspNetCore.Http.MiddlewareFactory.Create(Type middlewareType)
   at Microsoft.AspNetCore.Builder.UseMiddlewareExtensions.<>c__DisplayClass6_1.<<UseMiddlewareInterface>b__1>d.MoveNext()
--- End of stack trace from previous location ---
   at Serilog.AspNetCore.RequestLoggingMiddleware.Invoke(HttpContext httpContext)
[2023-04-09 05:00:37.704] [Error] () <Microsoft.AspNetCore.Diagnostics.DeveloperExceptionPageMiddleware> An unhandled exception has occurred while executing the request.
System.InvalidOperationException: No service for type 'HCS.Security.Helper.EncryptDecryptMiddleware' has been registered.
   at Microsoft.Extensions.DependencyInjection.ServiceProviderServiceExtensions.GetRequiredService(IServiceProvider provider, Type serviceType)
   at Microsoft.AspNetCore.Http.MiddlewareFactory.Create(Type middlewareType)
   at Microsoft.AspNetCore.Builder.UseMiddlewareExtensions.<>c__DisplayClass6_1.<<UseMiddlewareInterface>b__1>d.MoveNext()
--- End of stack trace from previous location ---
   at Serilog.AspNetCore.RequestLoggingMiddleware.Invoke(HttpContext httpContext)
   at Microsoft.AspNetCore.ResponseCompression.ResponseCompressionMiddleware.InvokeCore(HttpContext context)
   at Microsoft.AspNetCore.Authorization.AuthorizationMiddleware.Invoke(HttpContext context)
   at Microsoft.AspNetCore.Authentication.AuthenticationMiddleware.Invoke(HttpContext context)
   at Swashbuckle.AspNetCore.SwaggerUI.SwaggerUIMiddleware.Invoke(HttpContext httpContext)
   at Swashbuckle.AspNetCore.Swagger.SwaggerMiddleware.Invoke(HttpContext httpContext, ISwaggerProvider swaggerProvider)
   at Microsoft.AspNetCore.Diagnostics.DeveloperExceptionPageMiddleware.Invoke(HttpContext context)
[2023-04-09 05:01:18.842] [Error] () <Serilog.AspNetCore.RequestLoggingMiddleware> HTTP "POST" "/api/User/login" responded 500 in 0.4134 ms
System.InvalidOperationException: No service for type 'HCS.Security.Helper.EncryptDecryptMiddleware' has been registered.
   at Microsoft.Extensions.DependencyInjection.ServiceProviderServiceExtensions.GetRequiredService(IServiceProvider provider, Type serviceType)
   at Microsoft.AspNetCore.Http.MiddlewareFactory.Create(Type middlewareType)
   at Microsoft.AspNetCore.Builder.UseMiddlewareExtensions.<>c__DisplayClass6_1.<<UseMiddlewareInterface>b__1>d.MoveNext()
--- End of stack trace from previous location ---
   at Serilog.AspNetCore.RequestLoggingMiddleware.Invoke(HttpContext httpContext)
[2023-04-09 05:01:18.846] [Error] () <Microsoft.AspNetCore.Diagnostics.DeveloperExceptionPageMiddleware> An unhandled exception has occurred while executing the request.
System.InvalidOperationException: No service for type 'HCS.Security.Helper.EncryptDecryptMiddleware' has been registered.
   at Microsoft.Extensions.DependencyInjection.ServiceProviderServiceExtensions.GetRequiredService(IServiceProvider provider, Type serviceType)
   at Microsoft.AspNetCore.Http.MiddlewareFactory.Create(Type middlewareType)
   at Microsoft.AspNetCore.Builder.UseMiddlewareExtensions.<>c__DisplayClass6_1.<<UseMiddlewareInterface>b__1>d.MoveNext()
--- End of stack trace from previous location ---
   at Serilog.AspNetCore.RequestLoggingMiddleware.Invoke(HttpContext httpContext)
   at Microsoft.AspNetCore.ResponseCompression.ResponseCompressionMiddleware.InvokeCore(HttpContext context)
   at Microsoft.AspNetCore.Authorization.AuthorizationMiddleware.Invoke(HttpContext context)
   at Microsoft.AspNetCore.Authentication.AuthenticationMiddleware.Invoke(HttpContext context)
   at Swashbuckle.AspNetCore.SwaggerUI.SwaggerUIMiddleware.Invoke(HttpContext httpContext)
   at Swashbuckle.AspNetCore.Swagger.SwaggerMiddleware.Invoke(HttpContext httpContext, ISwaggerProvider swaggerProvider)
   at Microsoft.AspNetCore.Diagnostics.DeveloperExceptionPageMiddleware.Invoke(HttpContext context)
[2023-04-09 05:06:33.651] [Information] () <> Application is starting
[2023-04-09 05:06:33.817] [Information] () <> 
**********************************************************************
**                      HCS Services                                **
**                    [Version 1.0.0]                               **
**  ©2022-2023 Health Care Solutions. All rights reserved           **
**********************************************************************

[2023-04-09 05:07:18.568] [Error] () <Serilog.AspNetCore.RequestLoggingMiddleware> HTTP "POST" "/api/User/login" responded 500 in 3.1925 ms
System.InvalidOperationException: No service for type 'HCS.Security.Helper.EncryptDecryptMiddleware' has been registered.
   at Microsoft.Extensions.DependencyInjection.ServiceProviderServiceExtensions.GetRequiredService(IServiceProvider provider, Type serviceType)
   at Microsoft.AspNetCore.Http.MiddlewareFactory.Create(Type middlewareType)
   at Microsoft.AspNetCore.Builder.UseMiddlewareExtensions.<>c__DisplayClass6_1.<<UseMiddlewareInterface>b__1>d.MoveNext()
--- End of stack trace from previous location ---
   at Serilog.AspNetCore.RequestLoggingMiddleware.Invoke(HttpContext httpContext)
[2023-04-09 05:07:18.649] [Error] () <Microsoft.AspNetCore.Diagnostics.DeveloperExceptionPageMiddleware> An unhandled exception has occurred while executing the request.
System.InvalidOperationException: No service for type 'HCS.Security.Helper.EncryptDecryptMiddleware' has been registered.
   at Microsoft.Extensions.DependencyInjection.ServiceProviderServiceExtensions.GetRequiredService(IServiceProvider provider, Type serviceType)
   at Microsoft.AspNetCore.Http.MiddlewareFactory.Create(Type middlewareType)
   at Microsoft.AspNetCore.Builder.UseMiddlewareExtensions.<>c__DisplayClass6_1.<<UseMiddlewareInterface>b__1>d.MoveNext()
--- End of stack trace from previous location ---
   at Serilog.AspNetCore.RequestLoggingMiddleware.Invoke(HttpContext httpContext)
   at Microsoft.AspNetCore.ResponseCompression.ResponseCompressionMiddleware.InvokeCore(HttpContext context)
   at Microsoft.AspNetCore.Authorization.AuthorizationMiddleware.Invoke(HttpContext context)
   at Microsoft.AspNetCore.Authentication.AuthenticationMiddleware.Invoke(HttpContext context)
   at Swashbuckle.AspNetCore.SwaggerUI.SwaggerUIMiddleware.Invoke(HttpContext httpContext)
   at Swashbuckle.AspNetCore.Swagger.SwaggerMiddleware.Invoke(HttpContext httpContext, ISwaggerProvider swaggerProvider)
   at Microsoft.AspNetCore.Diagnostics.DeveloperExceptionPageMiddleware.Invoke(HttpContext context)
[2023-04-09 05:12:02.257] [Information] () <> Application is starting
[2023-04-09 05:12:02.464] [Information] () <> 
**********************************************************************
**                      HCS Services                                **
**                    [Version 1.0.0]                               **
**  ©2022-2023 Health Care Solutions. All rights reserved           **
**********************************************************************

[2023-04-09 05:12:11.749] [Error] () <Microsoft.AspNetCore.Server.Kestrel> Connection id ""0HMPOITP2LJ97"", Request id ""0HMPOITP2LJ97:00000001"": An unhandled exception was thrown by the application.
System.InvalidOperationException: No service for type 'HCS.Security.Helper.EncryptDecryptMiddleware' has been registered.
   at Microsoft.Extensions.DependencyInjection.ServiceProviderServiceExtensions.GetRequiredService(IServiceProvider provider, Type serviceType)
   at Microsoft.AspNetCore.Http.MiddlewareFactory.Create(Type middlewareType)
   at Microsoft.AspNetCore.Builder.UseMiddlewareExtensions.<>c__DisplayClass6_1.<<UseMiddlewareInterface>b__1>d.MoveNext()
--- End of stack trace from previous location ---
   at Microsoft.WebTools.BrowserLink.Net.BrowserLinkMiddleware.ExecuteWithFilterAsync(IHttpSocketAdapter injectScriptSocket, String requestId, HttpContext httpContext)
   at Microsoft.AspNetCore.Watch.BrowserRefresh.BrowserRefreshMiddleware.InvokeAsync(HttpContext context)
   at Microsoft.AspNetCore.Server.Kestrel.Core.Internal.Http.HttpProtocol.ProcessRequests[TContext](IHttpApplication`1 application)
[2023-04-09 05:12:49.822] [Information] () <> Application is starting
[2023-04-09 05:12:50.085] [Information] () <> 
**********************************************************************
**                      HCS Services                                **
**                    [Version 1.0.0]                               **
**  ©2022-2023 Health Care Solutions. All rights reserved           **
**********************************************************************

[2023-04-09 05:13:09.989] [Error] () <Microsoft.AspNetCore.Diagnostics.DeveloperExceptionPageMiddleware> An unhandled exception has occurred while executing the request.
System.InvalidOperationException: No service for type 'HCS.Security.Helper.EncryptDecryptMiddleware' has been registered.
   at Microsoft.Extensions.DependencyInjection.ServiceProviderServiceExtensions.GetRequiredService(IServiceProvider provider, Type serviceType)
   at Microsoft.AspNetCore.Http.MiddlewareFactory.Create(Type middlewareType)
   at Microsoft.AspNetCore.Builder.UseMiddlewareExtensions.<>c__DisplayClass6_1.<<UseMiddlewareInterface>b__1>d.MoveNext()
--- End of stack trace from previous location ---
   at Microsoft.AspNetCore.ResponseCompression.ResponseCompressionMiddleware.InvokeCore(HttpContext context)
   at Microsoft.AspNetCore.Authorization.AuthorizationMiddleware.Invoke(HttpContext context)
   at Microsoft.AspNetCore.Authentication.AuthenticationMiddleware.Invoke(HttpContext context)
   at Swashbuckle.AspNetCore.SwaggerUI.SwaggerUIMiddleware.Invoke(HttpContext httpContext)
   at Swashbuckle.AspNetCore.Swagger.SwaggerMiddleware.Invoke(HttpContext httpContext, ISwaggerProvider swaggerProvider)
   at Microsoft.AspNetCore.Diagnostics.DeveloperExceptionPageMiddleware.Invoke(HttpContext context)
[2023-04-09 05:16:40.292] [Information] () <> Application is starting
[2023-04-09 05:16:40.410] [Information] () <> 
**********************************************************************
**                      HCS Services                                **
**                    [Version 1.0.0]                               **
**  ©2022-2023 Health Care Solutions. All rights reserved           **
**********************************************************************

[2023-04-09 05:16:41.613] [Fatal] () <Microsoft.AspNetCore.Hosting.Diagnostics> Application startup exception
System.InvalidOperationException: A suitable constructor for type 'HCS.Security.Helper.EncryptDecryptMiddleware' could not be located. Ensure the type is concrete and services are registered for all parameters of a public constructor.
   at Microsoft.Extensions.Internal.ActivatorUtilities.CreateInstance(IServiceProvider provider, Type instanceType, Object[] parameters)
   at Microsoft.AspNetCore.Builder.UseMiddlewareExtensions.<>c__DisplayClass5_0.<UseMiddleware>b__0(RequestDelegate next)
   at Microsoft.AspNetCore.Builder.ApplicationBuilder.Build()
   at Microsoft.AspNetCore.Hosting.GenericWebHostService.StartAsync(CancellationToken cancellationToken)
[2023-04-09 05:16:41.697] [Fatal] () <> Fatal: Application error
System.InvalidOperationException: A suitable constructor for type 'HCS.Security.Helper.EncryptDecryptMiddleware' could not be located. Ensure the type is concrete and services are registered for all parameters of a public constructor.
   at Microsoft.Extensions.Internal.ActivatorUtilities.CreateInstance(IServiceProvider provider, Type instanceType, Object[] parameters)
   at Microsoft.AspNetCore.Builder.UseMiddlewareExtensions.<>c__DisplayClass5_0.<UseMiddleware>b__0(RequestDelegate next)
   at Microsoft.AspNetCore.Builder.ApplicationBuilder.Build()
   at Microsoft.AspNetCore.Hosting.GenericWebHostService.StartAsync(CancellationToken cancellationToken)
   at Microsoft.Extensions.Hosting.Internal.Host.StartAsync(CancellationToken cancellationToken)
   at Microsoft.Extensions.Hosting.HostingAbstractionsHostExtensions.RunAsync(IHost host, CancellationToken token)
   at Microsoft.Extensions.Hosting.HostingAbstractionsHostExtensions.RunAsync(IHost host, CancellationToken token)
   at Microsoft.Extensions.Hosting.HostingAbstractionsHostExtensions.Run(IHost host)
   at HCS.Security.Program.Main(String[] args) in D:\Personal Work\Personal Projects\GitRepo\hcs_microservice\HCS.Services\HCS.Security\Program.cs:line 85
[2023-04-09 05:18:23.951] [Information] () <> Application is starting
[2023-04-09 05:18:24.024] [Information] () <> 
**********************************************************************
**                      HCS Services                                **
**                    [Version 1.0.0]                               **
**  ©2022-2023 Health Care Solutions. All rights reserved           **
**********************************************************************

[2023-04-09 05:18:27.674] [Fatal] () <Microsoft.AspNetCore.Hosting.Diagnostics> Application startup exception
System.InvalidOperationException: A suitable constructor for type 'HCS.Security.Helper.EncryptDecryptMiddleware' could not be located. Ensure the type is concrete and services are registered for all parameters of a public constructor.
   at Microsoft.Extensions.Internal.ActivatorUtilities.CreateInstance(IServiceProvider provider, Type instanceType, Object[] parameters)
   at Microsoft.AspNetCore.Builder.UseMiddlewareExtensions.<>c__DisplayClass5_0.<UseMiddleware>b__0(RequestDelegate next)
   at Microsoft.AspNetCore.Builder.ApplicationBuilder.Build()
   at Microsoft.AspNetCore.Hosting.GenericWebHostService.StartAsync(CancellationToken cancellationToken)
[2023-04-09 05:18:27.756] [Fatal] () <> Fatal: Application error
System.InvalidOperationException: A suitable constructor for type 'HCS.Security.Helper.EncryptDecryptMiddleware' could not be located. Ensure the type is concrete and services are registered for all parameters of a public constructor.
   at Microsoft.Extensions.Internal.ActivatorUtilities.CreateInstance(IServiceProvider provider, Type instanceType, Object[] parameters)
   at Microsoft.AspNetCore.Builder.UseMiddlewareExtensions.<>c__DisplayClass5_0.<UseMiddleware>b__0(RequestDelegate next)
   at Microsoft.AspNetCore.Builder.ApplicationBuilder.Build()
   at Microsoft.AspNetCore.Hosting.GenericWebHostService.StartAsync(CancellationToken cancellationToken)
   at Microsoft.Extensions.Hosting.Internal.Host.StartAsync(CancellationToken cancellationToken)
   at Microsoft.Extensions.Hosting.HostingAbstractionsHostExtensions.RunAsync(IHost host, CancellationToken token)
   at Microsoft.Extensions.Hosting.HostingAbstractionsHostExtensions.RunAsync(IHost host, CancellationToken token)
   at Microsoft.Extensions.Hosting.HostingAbstractionsHostExtensions.Run(IHost host)
   at HCS.Security.Program.Main(String[] args) in D:\Personal Work\Personal Projects\GitRepo\hcs_microservice\HCS.Services\HCS.Security\Program.cs:line 85
[2023-04-09 05:21:43.101] [Information] () <> Application is starting
[2023-04-09 05:21:43.241] [Information] () <> 
**********************************************************************
**                      HCS Services                                **
**                    [Version 1.0.0]                               **
**  ©2022-2023 Health Care Solutions. All rights reserved           **
**********************************************************************

[2023-04-09 05:21:58.307] [Error] () <Microsoft.AspNetCore.Diagnostics.DeveloperExceptionPageMiddleware> An unhandled exception has occurred while executing the request.
System.InvalidOperationException: No service for type 'HCS.Security.Helper.EncryptDecryptMiddleware' has been registered.
   at Microsoft.Extensions.DependencyInjection.ServiceProviderServiceExtensions.GetRequiredService(IServiceProvider provider, Type serviceType)
   at Microsoft.AspNetCore.Http.MiddlewareFactory.Create(Type middlewareType)
   at Microsoft.AspNetCore.Builder.UseMiddlewareExtensions.<>c__DisplayClass6_1.<<UseMiddlewareInterface>b__1>d.MoveNext()
--- End of stack trace from previous location ---
   at Microsoft.AspNetCore.ResponseCompression.ResponseCompressionMiddleware.InvokeCore(HttpContext context)
   at Microsoft.AspNetCore.Authorization.AuthorizationMiddleware.Invoke(HttpContext context)
   at Microsoft.AspNetCore.Authentication.AuthenticationMiddleware.Invoke(HttpContext context)
   at Swashbuckle.AspNetCore.SwaggerUI.SwaggerUIMiddleware.Invoke(HttpContext httpContext)
   at Swashbuckle.AspNetCore.Swagger.SwaggerMiddleware.Invoke(HttpContext httpContext, ISwaggerProvider swaggerProvider)
   at Microsoft.AspNetCore.Diagnostics.DeveloperExceptionPageMiddleware.Invoke(HttpContext context)
[2023-04-09 05:38:49.895] [Information] () <> Application is starting
[2023-04-09 05:38:49.966] [Information] () <> 
**********************************************************************
**                      HCS Services                                **
**                    [Version 1.0.0]                               **
**  ©2022-2023 Health Care Solutions. All rights reserved           **
**********************************************************************

[2023-04-09 05:38:53.862] [Fatal] () <Microsoft.AspNetCore.Hosting.Diagnostics> Application startup exception
System.InvalidOperationException: A suitable constructor for type 'HCS.Security.Helper.EncryptDecryptMiddleware' could not be located. Ensure the type is concrete and services are registered for all parameters of a public constructor.
   at Microsoft.Extensions.Internal.ActivatorUtilities.CreateInstance(IServiceProvider provider, Type instanceType, Object[] parameters)
   at Microsoft.AspNetCore.Builder.UseMiddlewareExtensions.<>c__DisplayClass5_0.<UseMiddleware>b__0(RequestDelegate next)
   at Microsoft.AspNetCore.Builder.ApplicationBuilder.Build()
   at Microsoft.AspNetCore.Hosting.GenericWebHostService.StartAsync(CancellationToken cancellationToken)
[2023-04-09 05:38:53.949] [Fatal] () <> Fatal: Application error
System.InvalidOperationException: A suitable constructor for type 'HCS.Security.Helper.EncryptDecryptMiddleware' could not be located. Ensure the type is concrete and services are registered for all parameters of a public constructor.
   at Microsoft.Extensions.Internal.ActivatorUtilities.CreateInstance(IServiceProvider provider, Type instanceType, Object[] parameters)
   at Microsoft.AspNetCore.Builder.UseMiddlewareExtensions.<>c__DisplayClass5_0.<UseMiddleware>b__0(RequestDelegate next)
   at Microsoft.AspNetCore.Builder.ApplicationBuilder.Build()
   at Microsoft.AspNetCore.Hosting.GenericWebHostService.StartAsync(CancellationToken cancellationToken)
   at Microsoft.Extensions.Hosting.Internal.Host.StartAsync(CancellationToken cancellationToken)
   at Microsoft.Extensions.Hosting.HostingAbstractionsHostExtensions.RunAsync(IHost host, CancellationToken token)
   at Microsoft.Extensions.Hosting.HostingAbstractionsHostExtensions.RunAsync(IHost host, CancellationToken token)
   at Microsoft.Extensions.Hosting.HostingAbstractionsHostExtensions.Run(IHost host)
   at HCS.Security.Program.Main(String[] args) in D:\Personal Work\Personal Projects\GitRepo\hcs_microservice\HCS.Services\HCS.Security\Program.cs:line 85
[2023-04-09 05:39:26.724] [Information] () <> Application is starting
[2023-04-09 05:39:26.830] [Information] () <> 
**********************************************************************
**                      HCS Services                                **
**                    [Version 1.0.0]                               **
**  ©2022-2023 Health Care Solutions. All rights reserved           **
**********************************************************************

[2023-04-09 05:39:45.535] [Error] () <Microsoft.AspNetCore.Diagnostics.DeveloperExceptionPageMiddleware> An unhandled exception has occurred while executing the request.
System.InvalidOperationException: No service for type 'HCS.Security.Helper.EncryptDecryptMiddleware' has been registered.
   at Microsoft.Extensions.DependencyInjection.ServiceProviderServiceExtensions.GetRequiredService(IServiceProvider provider, Type serviceType)
   at Microsoft.AspNetCore.Http.MiddlewareFactory.Create(Type middlewareType)
   at Microsoft.AspNetCore.Builder.UseMiddlewareExtensions.<>c__DisplayClass6_1.<<UseMiddlewareInterface>b__1>d.MoveNext()
--- End of stack trace from previous location ---
   at Microsoft.AspNetCore.ResponseCompression.ResponseCompressionMiddleware.InvokeCore(HttpContext context)
   at Microsoft.AspNetCore.Authorization.AuthorizationMiddleware.Invoke(HttpContext context)
   at Microsoft.AspNetCore.Authentication.AuthenticationMiddleware.Invoke(HttpContext context)
   at Swashbuckle.AspNetCore.SwaggerUI.SwaggerUIMiddleware.Invoke(HttpContext httpContext)
   at Swashbuckle.AspNetCore.Swagger.SwaggerMiddleware.Invoke(HttpContext httpContext, ISwaggerProvider swaggerProvider)
   at Microsoft.AspNetCore.Diagnostics.DeveloperExceptionPageMiddleware.Invoke(HttpContext context)
[2023-04-09 05:40:35.386] [Information] () <> Application is starting
[2023-04-09 05:40:35.459] [Information] () <> 
**********************************************************************
**                      HCS Services                                **
**                    [Version 1.0.0]                               **
**  ©2022-2023 Health Care Solutions. All rights reserved           **
**********************************************************************

[2023-04-09 05:40:57.011] [Error] () <Microsoft.AspNetCore.Diagnostics.DeveloperExceptionPageMiddleware> An unhandled exception has occurred while executing the request.
System.InvalidOperationException: No service for type 'HCS.Security.Helper.EncryptDecryptMiddleware' has been registered.
   at Microsoft.Extensions.DependencyInjection.ServiceProviderServiceExtensions.GetRequiredService(IServiceProvider provider, Type serviceType)
   at Microsoft.AspNetCore.Http.MiddlewareFactory.Create(Type middlewareType)
   at Microsoft.AspNetCore.Builder.UseMiddlewareExtensions.<>c__DisplayClass6_1.<<UseMiddlewareInterface>b__1>d.MoveNext()
--- End of stack trace from previous location ---
   at Microsoft.AspNetCore.ResponseCompression.ResponseCompressionMiddleware.InvokeCore(HttpContext context)
   at Microsoft.AspNetCore.Authorization.AuthorizationMiddleware.Invoke(HttpContext context)
   at Microsoft.AspNetCore.Authentication.AuthenticationMiddleware.Invoke(HttpContext context)
   at Swashbuckle.AspNetCore.SwaggerUI.SwaggerUIMiddleware.Invoke(HttpContext httpContext)
   at Swashbuckle.AspNetCore.Swagger.SwaggerMiddleware.Invoke(HttpContext httpContext, ISwaggerProvider swaggerProvider)
   at Microsoft.AspNetCore.Diagnostics.DeveloperExceptionPageMiddleware.Invoke(HttpContext context)
[2023-04-09 05:41:11.113] [Error] () <Microsoft.AspNetCore.Diagnostics.DeveloperExceptionPageMiddleware> An unhandled exception has occurred while executing the request.
System.InvalidOperationException: No service for type 'HCS.Security.Helper.EncryptDecryptMiddleware' has been registered.
   at Microsoft.Extensions.DependencyInjection.ServiceProviderServiceExtensions.GetRequiredService(IServiceProvider provider, Type serviceType)
   at Microsoft.AspNetCore.Http.MiddlewareFactory.Create(Type middlewareType)
   at Microsoft.AspNetCore.Builder.UseMiddlewareExtensions.<>c__DisplayClass6_1.<<UseMiddlewareInterface>b__1>d.MoveNext()
--- End of stack trace from previous location ---
   at Microsoft.AspNetCore.ResponseCompression.ResponseCompressionMiddleware.InvokeCore(HttpContext context)
   at Microsoft.AspNetCore.Authorization.AuthorizationMiddleware.Invoke(HttpContext context)
   at Microsoft.AspNetCore.Authentication.AuthenticationMiddleware.Invoke(HttpContext context)
   at Swashbuckle.AspNetCore.SwaggerUI.SwaggerUIMiddleware.Invoke(HttpContext httpContext)
   at Swashbuckle.AspNetCore.Swagger.SwaggerMiddleware.Invoke(HttpContext httpContext, ISwaggerProvider swaggerProvider)
   at Microsoft.AspNetCore.Diagnostics.DeveloperExceptionPageMiddleware.Invoke(HttpContext context)
[2023-04-09 05:41:54.506] [Information] () <> Application is starting
[2023-04-09 05:41:54.647] [Information] () <> 
**********************************************************************
**                      HCS Services                                **
**                    [Version 1.0.0]                               **
**  ©2022-2023 Health Care Solutions. All rights reserved           **
**********************************************************************

[2023-04-09 05:42:19.240] [Error] () <Serilog.AspNetCore.RequestLoggingMiddleware> HTTP "POST" "/api/User/login" responded 500 in 1456.5009 ms
System.InvalidOperationException: Response Content-Length mismatch: too many bytes written (1128 of 850).
   at Microsoft.AspNetCore.Server.Kestrel.Core.Internal.Http.HttpProtocol.VerifyAndUpdateWrite(Int32 count)
   at Microsoft.AspNetCore.Server.Kestrel.Core.Internal.Http.HttpProtocol.FirstWriteAsyncInternal(ReadOnlyMemory`1 data, CancellationToken cancellationToken)
   at Microsoft.AspNetCore.Server.Kestrel.Core.Internal.Http.HttpProtocol.WritePipeAsync(ReadOnlyMemory`1 data, CancellationToken cancellationToken)
   at Microsoft.AspNetCore.Server.Kestrel.Core.Internal.Http.HttpResponseStream.WriteAsync(ReadOnlyMemory`1 source, CancellationToken cancellationToken)
   at Microsoft.AspNetCore.ResponseCompression.ResponseCompressionBody.WriteAsync(ReadOnlyMemory`1 buffer, CancellationToken cancellationToken)
   at System.Security.Cryptography.CryptoStream.WriteAsyncCore(ReadOnlyMemory`1 buffer, CancellationToken cancellationToken, Boolean useAsync)
   at System.Security.Cryptography.CryptoStream.WriteAsyncInternal(ReadOnlyMemory`1 buffer, CancellationToken cancellationToken)
   at System.Security.Cryptography.CryptoStream.WriteAsyncCore(ReadOnlyMemory`1 buffer, CancellationToken cancellationToken, Boolean useAsync)
   at System.Security.Cryptography.CryptoStream.WriteAsyncInternal(ReadOnlyMemory`1 buffer, CancellationToken cancellationToken)
   at System.IO.Pipelines.StreamPipeWriter.FlushAsyncInternal(Boolean writeToStream, ReadOnlyMemory`1 data, CancellationToken cancellationToken)
   at Microsoft.AspNetCore.WebUtilities.PagedByteBuffer.MoveToAsync(PipeWriter writer, CancellationToken cancellationToken)
   at Microsoft.AspNetCore.WebUtilities.FileBufferingWriteStream.DrainBufferAsync(PipeWriter destination, CancellationToken cancellationToken)
   at Microsoft.AspNetCore.Mvc.Formatters.NewtonsoftJsonOutputFormatter.WriteResponseBodyAsync(OutputFormatterWriteContext context, Encoding selectedEncoding)
   at Microsoft.AspNetCore.Mvc.Formatters.NewtonsoftJsonOutputFormatter.WriteResponseBodyAsync(OutputFormatterWriteContext context, Encoding selectedEncoding)
   at Microsoft.AspNetCore.Mvc.Infrastructure.ResourceInvoker.<InvokeNextResultFilterAsync>g__Awaited|30_0[TFilter,TFilterAsync](ResourceInvoker invoker, Task lastTask, State next, Scope scope, Object state, Boolean isCompleted)
   at Microsoft.AspNetCore.Mvc.Infrastructure.ResourceInvoker.Rethrow(ResultExecutedContextSealed context)
   at Microsoft.AspNetCore.Mvc.Infrastructure.ResourceInvoker.ResultNext[TFilter,TFilterAsync](State& next, Scope& scope, Object& state, Boolean& isCompleted)
   at Microsoft.AspNetCore.Mvc.Infrastructure.ResourceInvoker.InvokeResultFilters()
--- End of stack trace from previous location ---
   at Microsoft.AspNetCore.Mvc.Infrastructure.ResourceInvoker.<InvokeFilterPipelineAsync>g__Awaited|20_0(ResourceInvoker invoker, Task lastTask, State next, Scope scope, Object state, Boolean isCompleted)
   at Microsoft.AspNetCore.Mvc.Infrastructure.ResourceInvoker.<InvokeAsync>g__Awaited|17_0(ResourceInvoker invoker, Task task, IDisposable scope)
   at Microsoft.AspNetCore.Mvc.Infrastructure.ResourceInvoker.<InvokeAsync>g__Awaited|17_0(ResourceInvoker invoker, Task task, IDisposable scope)
   at Microsoft.AspNetCore.Routing.EndpointMiddleware.<Invoke>g__AwaitRequestTask|6_0(Endpoint endpoint, Task requestTask, ILogger logger)
   at Serilog.AspNetCore.RequestLoggingMiddleware.Invoke(HttpContext httpContext)
[2023-04-09 05:42:19.393] [Error] () <Microsoft.AspNetCore.Diagnostics.DeveloperExceptionPageMiddleware> An unhandled exception has occurred while executing the request.
System.InvalidOperationException: Response Content-Length mismatch: too many bytes written (1128 of 850).
   at Microsoft.AspNetCore.Server.Kestrel.Core.Internal.Http.HttpProtocol.VerifyAndUpdateWrite(Int32 count)
   at Microsoft.AspNetCore.Server.Kestrel.Core.Internal.Http.HttpProtocol.FirstWriteAsyncInternal(ReadOnlyMemory`1 data, CancellationToken cancellationToken)
   at Microsoft.AspNetCore.Server.Kestrel.Core.Internal.Http.HttpProtocol.WritePipeAsync(ReadOnlyMemory`1 data, CancellationToken cancellationToken)
   at Microsoft.AspNetCore.Server.Kestrel.Core.Internal.Http.HttpResponseStream.WriteAsync(ReadOnlyMemory`1 source, CancellationToken cancellationToken)
   at Microsoft.AspNetCore.ResponseCompression.ResponseCompressionBody.WriteAsync(ReadOnlyMemory`1 buffer, CancellationToken cancellationToken)
   at System.Security.Cryptography.CryptoStream.WriteAsyncCore(ReadOnlyMemory`1 buffer, CancellationToken cancellationToken, Boolean useAsync)
   at System.Security.Cryptography.CryptoStream.WriteAsyncInternal(ReadOnlyMemory`1 buffer, CancellationToken cancellationToken)
   at System.Security.Cryptography.CryptoStream.WriteAsyncCore(ReadOnlyMemory`1 buffer, CancellationToken cancellationToken, Boolean useAsync)
   at System.Security.Cryptography.CryptoStream.WriteAsyncInternal(ReadOnlyMemory`1 buffer, CancellationToken cancellationToken)
   at System.IO.Pipelines.StreamPipeWriter.FlushAsyncInternal(Boolean writeToStream, ReadOnlyMemory`1 data, CancellationToken cancellationToken)
   at Microsoft.AspNetCore.WebUtilities.PagedByteBuffer.MoveToAsync(PipeWriter writer, CancellationToken cancellationToken)
   at Microsoft.AspNetCore.WebUtilities.FileBufferingWriteStream.DrainBufferAsync(PipeWriter destination, CancellationToken cancellationToken)
   at Microsoft.AspNetCore.Mvc.Formatters.NewtonsoftJsonOutputFormatter.WriteResponseBodyAsync(OutputFormatterWriteContext context, Encoding selectedEncoding)
   at Microsoft.AspNetCore.Mvc.Formatters.NewtonsoftJsonOutputFormatter.WriteResponseBodyAsync(OutputFormatterWriteContext context, Encoding selectedEncoding)
   at Microsoft.AspNetCore.Mvc.Infrastructure.ResourceInvoker.<InvokeNextResultFilterAsync>g__Awaited|30_0[TFilter,TFilterAsync](ResourceInvoker invoker, Task lastTask, State next, Scope scope, Object state, Boolean isCompleted)
   at Microsoft.AspNetCore.Mvc.Infrastructure.ResourceInvoker.Rethrow(ResultExecutedContextSealed context)
   at Microsoft.AspNetCore.Mvc.Infrastructure.ResourceInvoker.ResultNext[TFilter,TFilterAsync](State& next, Scope& scope, Object& state, Boolean& isCompleted)
   at Microsoft.AspNetCore.Mvc.Infrastructure.ResourceInvoker.InvokeResultFilters()
--- End of stack trace from previous location ---
   at Microsoft.AspNetCore.Mvc.Infrastructure.ResourceInvoker.<InvokeFilterPipelineAsync>g__Awaited|20_0(ResourceInvoker invoker, Task lastTask, State next, Scope scope, Object state, Boolean isCompleted)
   at Microsoft.AspNetCore.Mvc.Infrastructure.ResourceInvoker.<InvokeAsync>g__Awaited|17_0(ResourceInvoker invoker, Task task, IDisposable scope)
   at Microsoft.AspNetCore.Mvc.Infrastructure.ResourceInvoker.<InvokeAsync>g__Awaited|17_0(ResourceInvoker invoker, Task task, IDisposable scope)
   at Microsoft.AspNetCore.Routing.EndpointMiddleware.<Invoke>g__AwaitRequestTask|6_0(Endpoint endpoint, Task requestTask, ILogger logger)
   at Serilog.AspNetCore.RequestLoggingMiddleware.Invoke(HttpContext httpContext)
   at HCS.Security.Helper.EncryptDecryptMiddleware.InvokeAsync(HttpContext httpContext, RequestDelegate next) in D:\Personal Work\Personal Projects\GitRepo\hcs_microservice\HCS.Services\HCS.Security\Helper\EncryptDecryptMiddleware.cs:line 241
   at Microsoft.AspNetCore.Builder.UseMiddlewareExtensions.<>c__DisplayClass6_1.<<UseMiddlewareInterface>b__1>d.MoveNext()
--- End of stack trace from previous location ---
   at Microsoft.AspNetCore.ResponseCompression.ResponseCompressionMiddleware.InvokeCore(HttpContext context)
   at Microsoft.AspNetCore.Authorization.AuthorizationMiddleware.Invoke(HttpContext context)
   at Microsoft.AspNetCore.Authentication.AuthenticationMiddleware.Invoke(HttpContext context)
   at Swashbuckle.AspNetCore.SwaggerUI.SwaggerUIMiddleware.Invoke(HttpContext httpContext)
   at Swashbuckle.AspNetCore.Swagger.SwaggerMiddleware.Invoke(HttpContext httpContext, ISwaggerProvider swaggerProvider)
   at Microsoft.AspNetCore.Diagnostics.DeveloperExceptionPageMiddleware.Invoke(HttpContext context)
[2023-04-09 05:43:37.505] [Information] () <> Application is starting
[2023-04-09 05:43:37.714] [Information] () <> 
**********************************************************************
**                      HCS Services                                **
**                    [Version 1.0.0]                               **
**  ©2022-2023 Health Care Solutions. All rights reserved           **
**********************************************************************

[2023-04-09 05:44:05.412] [Error] () <Serilog.AspNetCore.RequestLoggingMiddleware> HTTP "POST" "/api/User/login" responded 500 in 536.5912 ms
System.InvalidOperationException: Response Content-Length mismatch: too many bytes written (1128 of 850).
   at Microsoft.AspNetCore.Server.Kestrel.Core.Internal.Http.HttpProtocol.VerifyAndUpdateWrite(Int32 count)
   at Microsoft.AspNetCore.Server.Kestrel.Core.Internal.Http.HttpProtocol.FirstWriteAsyncInternal(ReadOnlyMemory`1 data, CancellationToken cancellationToken)
   at Microsoft.AspNetCore.Server.Kestrel.Core.Internal.Http.HttpProtocol.WritePipeAsync(ReadOnlyMemory`1 data, CancellationToken cancellationToken)
   at Microsoft.AspNetCore.Server.Kestrel.Core.Internal.Http.HttpResponseStream.WriteAsync(ReadOnlyMemory`1 source, CancellationToken cancellationToken)
   at Microsoft.AspNetCore.ResponseCompression.ResponseCompressionBody.WriteAsync(ReadOnlyMemory`1 buffer, CancellationToken cancellationToken)
   at System.Security.Cryptography.CryptoStream.WriteAsyncCore(ReadOnlyMemory`1 buffer, CancellationToken cancellationToken, Boolean useAsync)
   at System.Security.Cryptography.CryptoStream.WriteAsyncInternal(ReadOnlyMemory`1 buffer, CancellationToken cancellationToken)
   at System.Security.Cryptography.CryptoStream.WriteAsyncCore(ReadOnlyMemory`1 buffer, CancellationToken cancellationToken, Boolean useAsync)
   at System.Security.Cryptography.CryptoStream.WriteAsyncInternal(ReadOnlyMemory`1 buffer, CancellationToken cancellationToken)
   at System.IO.Pipelines.StreamPipeWriter.FlushAsyncInternal(Boolean writeToStream, ReadOnlyMemory`1 data, CancellationToken cancellationToken)
   at Microsoft.AspNetCore.WebUtilities.PagedByteBuffer.MoveToAsync(PipeWriter writer, CancellationToken cancellationToken)
   at Microsoft.AspNetCore.WebUtilities.FileBufferingWriteStream.DrainBufferAsync(PipeWriter destination, CancellationToken cancellationToken)
   at Microsoft.AspNetCore.Mvc.Formatters.NewtonsoftJsonOutputFormatter.WriteResponseBodyAsync(OutputFormatterWriteContext context, Encoding selectedEncoding)
   at Microsoft.AspNetCore.Mvc.Formatters.NewtonsoftJsonOutputFormatter.WriteResponseBodyAsync(OutputFormatterWriteContext context, Encoding selectedEncoding)
   at Microsoft.AspNetCore.Mvc.Infrastructure.ResourceInvoker.<InvokeNextResultFilterAsync>g__Awaited|30_0[TFilter,TFilterAsync](ResourceInvoker invoker, Task lastTask, State next, Scope scope, Object state, Boolean isCompleted)
   at Microsoft.AspNetCore.Mvc.Infrastructure.ResourceInvoker.Rethrow(ResultExecutedContextSealed context)
   at Microsoft.AspNetCore.Mvc.Infrastructure.ResourceInvoker.ResultNext[TFilter,TFilterAsync](State& next, Scope& scope, Object& state, Boolean& isCompleted)
   at Microsoft.AspNetCore.Mvc.Infrastructure.ResourceInvoker.InvokeResultFilters()
--- End of stack trace from previous location ---
   at Microsoft.AspNetCore.Mvc.Infrastructure.ResourceInvoker.<InvokeFilterPipelineAsync>g__Awaited|20_0(ResourceInvoker invoker, Task lastTask, State next, Scope scope, Object state, Boolean isCompleted)
   at Microsoft.AspNetCore.Mvc.Infrastructure.ResourceInvoker.<InvokeAsync>g__Awaited|17_0(ResourceInvoker invoker, Task task, IDisposable scope)
   at Microsoft.AspNetCore.Mvc.Infrastructure.ResourceInvoker.<InvokeAsync>g__Awaited|17_0(ResourceInvoker invoker, Task task, IDisposable scope)
   at Microsoft.AspNetCore.Routing.EndpointMiddleware.<Invoke>g__AwaitRequestTask|6_0(Endpoint endpoint, Task requestTask, ILogger logger)
   at Serilog.AspNetCore.RequestLoggingMiddleware.Invoke(HttpContext httpContext)
[2023-04-09 05:44:05.603] [Error] () <Microsoft.AspNetCore.Diagnostics.DeveloperExceptionPageMiddleware> An unhandled exception has occurred while executing the request.
System.InvalidOperationException: Response Content-Length mismatch: too many bytes written (1128 of 850).
   at Microsoft.AspNetCore.Server.Kestrel.Core.Internal.Http.HttpProtocol.VerifyAndUpdateWrite(Int32 count)
   at Microsoft.AspNetCore.Server.Kestrel.Core.Internal.Http.HttpProtocol.FirstWriteAsyncInternal(ReadOnlyMemory`1 data, CancellationToken cancellationToken)
   at Microsoft.AspNetCore.Server.Kestrel.Core.Internal.Http.HttpProtocol.WritePipeAsync(ReadOnlyMemory`1 data, CancellationToken cancellationToken)
   at Microsoft.AspNetCore.Server.Kestrel.Core.Internal.Http.HttpResponseStream.WriteAsync(ReadOnlyMemory`1 source, CancellationToken cancellationToken)
   at Microsoft.AspNetCore.ResponseCompression.ResponseCompressionBody.WriteAsync(ReadOnlyMemory`1 buffer, CancellationToken cancellationToken)
   at System.Security.Cryptography.CryptoStream.WriteAsyncCore(ReadOnlyMemory`1 buffer, CancellationToken cancellationToken, Boolean useAsync)
   at System.Security.Cryptography.CryptoStream.WriteAsyncInternal(ReadOnlyMemory`1 buffer, CancellationToken cancellationToken)
   at System.Security.Cryptography.CryptoStream.WriteAsyncCore(ReadOnlyMemory`1 buffer, CancellationToken cancellationToken, Boolean useAsync)
   at System.Security.Cryptography.CryptoStream.WriteAsyncInternal(ReadOnlyMemory`1 buffer, CancellationToken cancellationToken)
   at System.IO.Pipelines.StreamPipeWriter.FlushAsyncInternal(Boolean writeToStream, ReadOnlyMemory`1 data, CancellationToken cancellationToken)
   at Microsoft.AspNetCore.WebUtilities.PagedByteBuffer.MoveToAsync(PipeWriter writer, CancellationToken cancellationToken)
   at Microsoft.AspNetCore.WebUtilities.FileBufferingWriteStream.DrainBufferAsync(PipeWriter destination, CancellationToken cancellationToken)
   at Microsoft.AspNetCore.Mvc.Formatters.NewtonsoftJsonOutputFormatter.WriteResponseBodyAsync(OutputFormatterWriteContext context, Encoding selectedEncoding)
   at Microsoft.AspNetCore.Mvc.Formatters.NewtonsoftJsonOutputFormatter.WriteResponseBodyAsync(OutputFormatterWriteContext context, Encoding selectedEncoding)
   at Microsoft.AspNetCore.Mvc.Infrastructure.ResourceInvoker.<InvokeNextResultFilterAsync>g__Awaited|30_0[TFilter,TFilterAsync](ResourceInvoker invoker, Task lastTask, State next, Scope scope, Object state, Boolean isCompleted)
   at Microsoft.AspNetCore.Mvc.Infrastructure.ResourceInvoker.Rethrow(ResultExecutedContextSealed context)
   at Microsoft.AspNetCore.Mvc.Infrastructure.ResourceInvoker.ResultNext[TFilter,TFilterAsync](State& next, Scope& scope, Object& state, Boolean& isCompleted)
   at Microsoft.AspNetCore.Mvc.Infrastructure.ResourceInvoker.InvokeResultFilters()
--- End of stack trace from previous location ---
   at Microsoft.AspNetCore.Mvc.Infrastructure.ResourceInvoker.<InvokeFilterPipelineAsync>g__Awaited|20_0(ResourceInvoker invoker, Task lastTask, State next, Scope scope, Object state, Boolean isCompleted)
   at Microsoft.AspNetCore.Mvc.Infrastructure.ResourceInvoker.<InvokeAsync>g__Awaited|17_0(ResourceInvoker invoker, Task task, IDisposable scope)
   at Microsoft.AspNetCore.Mvc.Infrastructure.ResourceInvoker.<InvokeAsync>g__Awaited|17_0(ResourceInvoker invoker, Task task, IDisposable scope)
   at Microsoft.AspNetCore.Routing.EndpointMiddleware.<Invoke>g__AwaitRequestTask|6_0(Endpoint endpoint, Task requestTask, ILogger logger)
   at Serilog.AspNetCore.RequestLoggingMiddleware.Invoke(HttpContext httpContext)
   at HCS.Security.Helper.EncryptDecryptMiddleware.InvokeAsync(HttpContext httpContext, RequestDelegate next) in D:\Personal Work\Personal Projects\GitRepo\hcs_microservice\HCS.Services\HCS.Security\Helper\EncryptDecryptMiddleware.cs:line 241
   at Microsoft.AspNetCore.Builder.UseMiddlewareExtensions.<>c__DisplayClass6_1.<<UseMiddlewareInterface>b__1>d.MoveNext()
--- End of stack trace from previous location ---
   at Microsoft.AspNetCore.ResponseCompression.ResponseCompressionMiddleware.InvokeCore(HttpContext context)
   at Microsoft.AspNetCore.Authorization.AuthorizationMiddleware.Invoke(HttpContext context)
   at Microsoft.AspNetCore.Authentication.AuthenticationMiddleware.Invoke(HttpContext context)
   at Swashbuckle.AspNetCore.SwaggerUI.SwaggerUIMiddleware.Invoke(HttpContext httpContext)
   at Swashbuckle.AspNetCore.Swagger.SwaggerMiddleware.Invoke(HttpContext httpContext, ISwaggerProvider swaggerProvider)
   at Microsoft.AspNetCore.Diagnostics.DeveloperExceptionPageMiddleware.Invoke(HttpContext context)
[2023-04-09 05:52:43.015] [Information] () <> Application is starting
[2023-04-09 05:52:43.083] [Information] () <> 
**********************************************************************
**                      HCS Services                                **
**                    [Version 1.0.0]                               **
**  ©2022-2023 Health Care Solutions. All rights reserved           **
**********************************************************************

[2023-04-09 05:52:48.350] [Fatal] () <Microsoft.AspNetCore.Hosting.Diagnostics> Application startup exception
System.InvalidOperationException: A suitable constructor for type 'HCS.Security.Helper.EncryptDecryptMiddleware' could not be located. Ensure the type is concrete and services are registered for all parameters of a public constructor.
   at Microsoft.Extensions.Internal.ActivatorUtilities.CreateInstance(IServiceProvider provider, Type instanceType, Object[] parameters)
   at Microsoft.AspNetCore.Builder.UseMiddlewareExtensions.<>c__DisplayClass5_0.<UseMiddleware>b__0(RequestDelegate next)
   at Microsoft.AspNetCore.Builder.ApplicationBuilder.Build()
   at Microsoft.AspNetCore.Hosting.GenericWebHostService.StartAsync(CancellationToken cancellationToken)
[2023-04-09 05:52:48.425] [Fatal] () <> Fatal: Application error
System.InvalidOperationException: A suitable constructor for type 'HCS.Security.Helper.EncryptDecryptMiddleware' could not be located. Ensure the type is concrete and services are registered for all parameters of a public constructor.
   at Microsoft.Extensions.Internal.ActivatorUtilities.CreateInstance(IServiceProvider provider, Type instanceType, Object[] parameters)
   at Microsoft.AspNetCore.Builder.UseMiddlewareExtensions.<>c__DisplayClass5_0.<UseMiddleware>b__0(RequestDelegate next)
   at Microsoft.AspNetCore.Builder.ApplicationBuilder.Build()
   at Microsoft.AspNetCore.Hosting.GenericWebHostService.StartAsync(CancellationToken cancellationToken)
   at Microsoft.Extensions.Hosting.Internal.Host.StartAsync(CancellationToken cancellationToken)
   at Microsoft.Extensions.Hosting.HostingAbstractionsHostExtensions.RunAsync(IHost host, CancellationToken token)
   at Microsoft.Extensions.Hosting.HostingAbstractionsHostExtensions.RunAsync(IHost host, CancellationToken token)
   at Microsoft.Extensions.Hosting.HostingAbstractionsHostExtensions.Run(IHost host)
   at HCS.Security.Program.Main(String[] args) in D:\Personal Work\Personal Projects\GitRepo\hcs_microservice\HCS.Services\HCS.Security\Program.cs:line 85
[2023-04-09 05:57:45.888] [Information] () <> Application is starting
[2023-04-09 05:57:45.969] [Information] () <> 
**********************************************************************
**                      HCS Services                                **
**                    [Version 1.0.0]                               **
**  ©2022-2023 Health Care Solutions. All rights reserved           **
**********************************************************************

[2023-04-09 05:57:50.796] [Error] () <Microsoft.AspNetCore.Diagnostics.DeveloperExceptionPageMiddleware> An unhandled exception has occurred while executing the request.
System.InvalidOperationException: No service for type 'HCS.Security.Helper.EncryptDecryptMiddleware' has been registered.
   at Microsoft.Extensions.DependencyInjection.ServiceProviderServiceExtensions.GetRequiredService(IServiceProvider provider, Type serviceType)
   at Microsoft.AspNetCore.Http.MiddlewareFactory.Create(Type middlewareType)
   at Microsoft.AspNetCore.Builder.UseMiddlewareExtensions.<>c__DisplayClass6_1.<<UseMiddlewareInterface>b__1>d.MoveNext()
--- End of stack trace from previous location ---
   at Swashbuckle.AspNetCore.Swagger.SwaggerMiddleware.Invoke(HttpContext httpContext, ISwaggerProvider swaggerProvider)
   at Microsoft.AspNetCore.Diagnostics.DeveloperExceptionPageMiddleware.Invoke(HttpContext context)
[2023-04-09 05:57:51.665] [Error] () <Microsoft.AspNetCore.Diagnostics.DeveloperExceptionPageMiddleware> An unhandled exception has occurred while executing the request.
System.InvalidOperationException: No service for type 'HCS.Security.Helper.EncryptDecryptMiddleware' has been registered.
   at Microsoft.Extensions.DependencyInjection.ServiceProviderServiceExtensions.GetRequiredService(IServiceProvider provider, Type serviceType)
   at Microsoft.AspNetCore.Http.MiddlewareFactory.Create(Type middlewareType)
   at Microsoft.AspNetCore.Builder.UseMiddlewareExtensions.<>c__DisplayClass6_1.<<UseMiddlewareInterface>b__1>d.MoveNext()
--- End of stack trace from previous location ---
   at Swashbuckle.AspNetCore.Swagger.SwaggerMiddleware.Invoke(HttpContext httpContext, ISwaggerProvider swaggerProvider)
   at Microsoft.AspNetCore.Diagnostics.DeveloperExceptionPageMiddleware.Invoke(HttpContext context)
