[2023-05-23 20:55:24.304] [Information] () <> Application is starting
[2023-05-23 20:55:24.396] [Information] () <> 
**********************************************************************
**                      SB Services                                **
**                    [Version 1.0.0]                               **
**  ©2022-2023 Health Care Solutions. All rights reserved           **
**********************************************************************

[2023-05-23 21:38:03.589] [Information] () <SB.Security.Service.SecurityLogService> Login api method started.

[2023-05-23 21:38:03.632] [Information] () <SB.Security.Service.SecurityLogService> Login api method request is: 
{
  "UserName": "sree",
  "Password": "password"
}

[2023-05-23 21:38:03.702] [Information] () <SB.Security.Service.SecurityLogService> Authenticate (User service) method request is: 
{
  "UserName": "sree",
  "Password": "password"
}

[2023-05-23 21:38:06.215] [Information] () <SB.Security.Service.SecurityLogService> Authenticate (User service) method response is: 
{
  "Success": true,
  "Message": "Authentation success!",
  "MessageType": 1,
  "ResponseCode": 200,
  "Result": {
    "access_token": "eyJhbGciOiJIUzI1NiIsInR5cCI6IkpXVCJ9.eyJzdWIiOiJKV1RTZXJ2aWNlQWNjZXNzVG9rZW4iLCJqdGkiOiJmZjgwNWZhMi1lNTExLTRiZDItYmU2Zi1jMjQ3OTBkMGM4ZDIiLCJpYXQiOjE2ODQ4NjM0ODYsIlVzZXJJZCI6ImQ2NzBhN2JhLWYxMGQtNDI0MS04MjMwLTZjZDhlMGEyYjdjMCIsIkZ1bGxOYW1lIjoiU3JlZW1vbnRhIEJob3dtaWsiLCJVc2VyTmFtZSI6InNyZWUiLCJFbWFpbCI6InNiaG93bWlrY3NlMDhAZ21haWwuY29tIiwibmJmIjoxNjg0ODYzNDg2LCJleHAiOjE2ODQ4OTk0ODV9.O08QT_JqW_vePoAv7EKOw4WTSqrbmBqnwJFIkdMySqg",
    "expires_in": 36000,
    "token_type": "bearer",
    "error": "",
    "error_description": "",
    "user": {
      "Id": "d670a7ba-f10d-4241-8230-6cd8e0a2b7c0",
      "FullName": "sree",
      "UserName": "sree",
      "Email": "sbhowmikcse08@gmail.com",
      "UserRole": "Admin"
    }
  }
}

[2023-05-23 21:38:06.215] [Information] () <SB.Security.Service.SecurityLogService> Login api method response is: 
{
  "Success": true,
  "Message": "Authentation success!",
  "MessageType": 1,
  "ResponseCode": 200,
  "Result": {
    "access_token": "eyJhbGciOiJIUzI1NiIsInR5cCI6IkpXVCJ9.eyJzdWIiOiJKV1RTZXJ2aWNlQWNjZXNzVG9rZW4iLCJqdGkiOiJmZjgwNWZhMi1lNTExLTRiZDItYmU2Zi1jMjQ3OTBkMGM4ZDIiLCJpYXQiOjE2ODQ4NjM0ODYsIlVzZXJJZCI6ImQ2NzBhN2JhLWYxMGQtNDI0MS04MjMwLTZjZDhlMGEyYjdjMCIsIkZ1bGxOYW1lIjoiU3JlZW1vbnRhIEJob3dtaWsiLCJVc2VyTmFtZSI6InNyZWUiLCJFbWFpbCI6InNiaG93bWlrY3NlMDhAZ21haWwuY29tIiwibmJmIjoxNjg0ODYzNDg2LCJleHAiOjE2ODQ4OTk0ODV9.O08QT_JqW_vePoAv7EKOw4WTSqrbmBqnwJFIkdMySqg",
    "expires_in": 36000,
    "token_type": "bearer",
    "error": "",
    "error_description": "",
    "user": {
      "Id": "d670a7ba-f10d-4241-8230-6cd8e0a2b7c0",
      "FullName": "sree",
      "UserName": "sree",
      "Email": "sbhowmikcse08@gmail.com",
      "UserRole": "Admin"
    }
  }
}

[2023-05-23 21:38:06.264] [Information] () <Serilog.AspNetCore.RequestLoggingMiddleware> HTTP "POST" "/api/User/login" responded 200 in 3527.1690 ms
[2023-05-23 22:13:58.460] [Information] () <SB.Security.Service.SecurityLogService> Login api method started.

[2023-05-23 22:13:58.460] [Information] () <SB.Security.Service.SecurityLogService> Login api method request is: 
{
  "UserName": "sree",
  "Password": "password"
}

[2023-05-23 22:13:58.460] [Information] () <SB.Security.Service.SecurityLogService> Authenticate (User service) method request is: 
{
  "UserName": "sree",
  "Password": "password"
}

[2023-05-23 22:13:58.592] [Information] () <SB.Security.Service.SecurityLogService> Authenticate (User service) method response is: 
{
  "Success": true,
  "Message": "Authentation success!",
  "MessageType": 1,
  "ResponseCode": 200,
  "Result": {
    "access_token": "eyJhbGciOiJIUzI1NiIsInR5cCI6IkpXVCJ9.eyJzdWIiOiJKV1RTZXJ2aWNlQWNjZXNzVG9rZW4iLCJqdGkiOiI5N2NkNDU3My1iNDRhLTRhMGQtYTI5Yy1kMjk3OWQxYTEyYWQiLCJpYXQiOjE2ODQ4NjU2MzgsIlVzZXJJZCI6ImQ2NzBhN2JhLWYxMGQtNDI0MS04MjMwLTZjZDhlMGEyYjdjMCIsIkZ1bGxOYW1lIjoiU3JlZW1vbnRhIEJob3dtaWsiLCJVc2VyTmFtZSI6InNyZWUiLCJFbWFpbCI6InNiaG93bWlrY3NlMDhAZ21haWwuY29tIiwibmJmIjoxNjg0ODY1NjM4LCJleHAiOjE2ODQ5MDE2Mzh9.dzF4jIIcUyBIhkHygY2ngMTh8_J2rCPkyVW-bcYRvCw",
    "expires_in": 36000,
    "token_type": "bearer",
    "error": "",
    "error_description": "",
    "user": {
      "Id": "d670a7ba-f10d-4241-8230-6cd8e0a2b7c0",
      "FullName": "sree",
      "UserName": "sree",
      "Email": "sbhowmikcse08@gmail.com",
      "UserRole": "Admin"
    }
  }
}

[2023-05-23 22:13:58.592] [Information] () <SB.Security.Service.SecurityLogService> Login api method response is: 
{
  "Success": true,
  "Message": "Authentation success!",
  "MessageType": 1,
  "ResponseCode": 200,
  "Result": {
    "access_token": "eyJhbGciOiJIUzI1NiIsInR5cCI6IkpXVCJ9.eyJzdWIiOiJKV1RTZXJ2aWNlQWNjZXNzVG9rZW4iLCJqdGkiOiI5N2NkNDU3My1iNDRhLTRhMGQtYTI5Yy1kMjk3OWQxYTEyYWQiLCJpYXQiOjE2ODQ4NjU2MzgsIlVzZXJJZCI6ImQ2NzBhN2JhLWYxMGQtNDI0MS04MjMwLTZjZDhlMGEyYjdjMCIsIkZ1bGxOYW1lIjoiU3JlZW1vbnRhIEJob3dtaWsiLCJVc2VyTmFtZSI6InNyZWUiLCJFbWFpbCI6InNiaG93bWlrY3NlMDhAZ21haWwuY29tIiwibmJmIjoxNjg0ODY1NjM4LCJleHAiOjE2ODQ5MDE2Mzh9.dzF4jIIcUyBIhkHygY2ngMTh8_J2rCPkyVW-bcYRvCw",
    "expires_in": 36000,
    "token_type": "bearer",
    "error": "",
    "error_description": "",
    "user": {
      "Id": "d670a7ba-f10d-4241-8230-6cd8e0a2b7c0",
      "FullName": "sree",
      "UserName": "sree",
      "Email": "sbhowmikcse08@gmail.com",
      "UserRole": "Admin"
    }
  }
}

[2023-05-23 22:13:58.593] [Information] () <Serilog.AspNetCore.RequestLoggingMiddleware> HTTP "POST" "/api/User/login" responded 200 in 143.6739 ms
[2023-05-23 22:23:46.138] [Information] () <SB.Security.Service.SecurityLogService> Login api method started.

[2023-05-23 22:23:46.138] [Information] () <SB.Security.Service.SecurityLogService> Login api method request is: 
{
  "UserName": "sree",
  "Password": "password"
}

[2023-05-23 22:23:46.138] [Information] () <SB.Security.Service.SecurityLogService> Authenticate (User service) method request is: 
{
  "UserName": "sree",
  "Password": "password"
}

[2023-05-23 22:23:46.406] [Information] () <SB.Security.Service.SecurityLogService> Authenticate (User service) method response is: 
{
  "Success": true,
  "Message": "Authentation success!",
  "MessageType": 1,
  "ResponseCode": 200,
  "Result": {
    "access_token": "eyJhbGciOiJIUzI1NiIsInR5cCI6IkpXVCJ9.eyJzdWIiOiJKV1RTZXJ2aWNlQWNjZXNzVG9rZW4iLCJqdGkiOiI1ZDU1NTg0MS02ZjdjLTQwYTMtOWM2OS03ODJhNjQwM2IyMDEiLCJpYXQiOjE2ODQ4NjYyMjYsIlVzZXJJZCI6ImQ2NzBhN2JhLWYxMGQtNDI0MS04MjMwLTZjZDhlMGEyYjdjMCIsIkZ1bGxOYW1lIjoiU3JlZW1vbnRhIEJob3dtaWsiLCJVc2VyTmFtZSI6InNyZWUiLCJFbWFpbCI6InNiaG93bWlrY3NlMDhAZ21haWwuY29tIiwibmJmIjoxNjg0ODY2MjI2LCJleHAiOjE2ODQ5MDIyMjZ9.UFV2QdqKH29xAwaItCxVxbKX3G9Hdum1rkR7fuA6630",
    "expires_in": 36000,
    "token_type": "bearer",
    "error": "",
    "error_description": "",
    "user": {
      "Id": "d670a7ba-f10d-4241-8230-6cd8e0a2b7c0",
      "FullName": "sree",
      "UserName": "sree",
      "Email": "sbhowmikcse08@gmail.com",
      "UserRole": "Admin"
    }
  }
}

[2023-05-23 22:23:46.406] [Information] () <SB.Security.Service.SecurityLogService> Login api method response is: 
{
  "Success": true,
  "Message": "Authentation success!",
  "MessageType": 1,
  "ResponseCode": 200,
  "Result": {
    "access_token": "eyJhbGciOiJIUzI1NiIsInR5cCI6IkpXVCJ9.eyJzdWIiOiJKV1RTZXJ2aWNlQWNjZXNzVG9rZW4iLCJqdGkiOiI1ZDU1NTg0MS02ZjdjLTQwYTMtOWM2OS03ODJhNjQwM2IyMDEiLCJpYXQiOjE2ODQ4NjYyMjYsIlVzZXJJZCI6ImQ2NzBhN2JhLWYxMGQtNDI0MS04MjMwLTZjZDhlMGEyYjdjMCIsIkZ1bGxOYW1lIjoiU3JlZW1vbnRhIEJob3dtaWsiLCJVc2VyTmFtZSI6InNyZWUiLCJFbWFpbCI6InNiaG93bWlrY3NlMDhAZ21haWwuY29tIiwibmJmIjoxNjg0ODY2MjI2LCJleHAiOjE2ODQ5MDIyMjZ9.UFV2QdqKH29xAwaItCxVxbKX3G9Hdum1rkR7fuA6630",
    "expires_in": 36000,
    "token_type": "bearer",
    "error": "",
    "error_description": "",
    "user": {
      "Id": "d670a7ba-f10d-4241-8230-6cd8e0a2b7c0",
      "FullName": "sree",
      "UserName": "sree",
      "Email": "sbhowmikcse08@gmail.com",
      "UserRole": "Admin"
    }
  }
}

[2023-05-23 22:23:46.407] [Information] () <Serilog.AspNetCore.RequestLoggingMiddleware> HTTP "POST" "/api/User/login" responded 200 in 274.1655 ms
