[2023-06-10 17:15:10.039] [Information] () <> Application is starting
[2023-06-10 17:15:10.116] [Information] () <> 
**********************************************************************
**                      SB Services                                **
**                    [Version 1.0.0]                               **
**  ©2022-2023 Health Care Solutions. All rights reserved           **
**********************************************************************

[2023-06-10 17:27:37.492] [Information] () <> Application is starting
[2023-06-10 17:27:37.568] [Information] () <> 
**********************************************************************
**                      SB Services                                **
**                    [Version 1.0.0]                               **
**  ©2022-2023 Health Care Solutions. All rights reserved           **
**********************************************************************

[2023-06-10 17:54:48.179] [Information] () <SB.Security.Service.SecurityLogService> Login api method started.

[2023-06-10 17:54:48.895] [Information] () <SB.Security.Service.SecurityLogService> Login api method request is: 
{
  "UserName": "sree",
  "Password": "password"
}

[2023-06-10 17:55:00.261] [Information] () <SB.Security.Service.SecurityLogService> Authenticate (User service) method request is: 
{
  "UserName": "sree",
  "Password": "password"
}

[2023-06-10 17:56:26.874] [Information] () <SB.Security.Service.SecurityLogService> Authenticate (User service) method response is: 
{
  "Success": true,
  "Message": "Authentation success!",
  "MessageType": 1,
  "ResponseCode": 200,
  "Result": {
    "access_token": "eyJhbGciOiJodHRwOi8vd3d3LnczLm9yZy8yMDAxLzA0L3htbGRzaWctbW9yZSNobWFjLXNoYTI1NiIsInR5cCI6IkpXVCJ9.eyJzdWIiOiJKV1RTZXJ2aWNlQWNjZXNzVG9rZW4iLCJqdGkiOiI4MjE0NTdjYy02NjI5LTQxZjktYTYwNS01ODBhZjYyMjY5YTAiLCJpYXQiOiI2LzEwLzIwMjMgMTo1NToxNCBQTSIsIlVzZXJJZCI6ImQ5N2M2OWUyLTYwZTMtNGU3Yi04YjY3LTRjNWE4Y2E2ZDQ1MCIsIkZ1bGxOYW1lIjoiU3JlZW1vbnRhIEJob3dtaWsiLCJVc2VyTmFtZSI6InNyZWUiLCJFbWFpbCI6InNiaG93bWlrY3NlMDhAZ21haWwuY29tIiwiZXhwIjoxNjg2NDA1NjE0LCJpc3MiOiJKV1RBdXRoZW50aWNhdGlvblNlcnZlciIsImF1ZCI6IkpXVFNlcnZpY2VQb3N0bWFuQ2xpZW50In0.JUPTrIjXVc3L_PxfSbX0sZjwGoe5vO7vQqnQ31CJOlg",
    "refresh_token": "gz+wp+YbLbmtxm4OQxcSv5bsGkZMvShireRKvcdsyVo=",
    "expires_in": "2023-06-10T18:00:14.361809+04:00",
    "token_type": "bearer",
    "error": "",
    "error_description": "",
    "user": {
      "Id": "d97c69e2-60e3-4e7b-8b67-4c5a8ca6d450",
      "FullName": "sree",
      "UserName": "sree",
      "Email": "sbhowmikcse08@gmail.com",
      "UserRole": "Admin",
      "CreatedDate": "2023-06-10T13:24:24.7063384"
    }
  }
}

[2023-06-10 17:56:26.875] [Information] () <SB.Security.Service.SecurityLogService> Login api method response is: 
{
  "Success": true,
  "Message": "Authentation success!",
  "MessageType": 1,
  "ResponseCode": 200,
  "Result": {
    "access_token": "eyJhbGciOiJodHRwOi8vd3d3LnczLm9yZy8yMDAxLzA0L3htbGRzaWctbW9yZSNobWFjLXNoYTI1NiIsInR5cCI6IkpXVCJ9.eyJzdWIiOiJKV1RTZXJ2aWNlQWNjZXNzVG9rZW4iLCJqdGkiOiI4MjE0NTdjYy02NjI5LTQxZjktYTYwNS01ODBhZjYyMjY5YTAiLCJpYXQiOiI2LzEwLzIwMjMgMTo1NToxNCBQTSIsIlVzZXJJZCI6ImQ5N2M2OWUyLTYwZTMtNGU3Yi04YjY3LTRjNWE4Y2E2ZDQ1MCIsIkZ1bGxOYW1lIjoiU3JlZW1vbnRhIEJob3dtaWsiLCJVc2VyTmFtZSI6InNyZWUiLCJFbWFpbCI6InNiaG93bWlrY3NlMDhAZ21haWwuY29tIiwiZXhwIjoxNjg2NDA1NjE0LCJpc3MiOiJKV1RBdXRoZW50aWNhdGlvblNlcnZlciIsImF1ZCI6IkpXVFNlcnZpY2VQb3N0bWFuQ2xpZW50In0.JUPTrIjXVc3L_PxfSbX0sZjwGoe5vO7vQqnQ31CJOlg",
    "refresh_token": "gz+wp+YbLbmtxm4OQxcSv5bsGkZMvShireRKvcdsyVo=",
    "expires_in": "2023-06-10T18:00:14.361809+04:00",
    "token_type": "bearer",
    "error": "",
    "error_description": "",
    "user": {
      "Id": "d97c69e2-60e3-4e7b-8b67-4c5a8ca6d450",
      "FullName": "sree",
      "UserName": "sree",
      "Email": "sbhowmikcse08@gmail.com",
      "UserRole": "Admin",
      "CreatedDate": "2023-06-10T13:24:24.7063384"
    }
  }
}

[2023-06-10 17:56:26.970] [Information] () <Serilog.AspNetCore.RequestLoggingMiddleware> HTTP "POST" "/api/User/login" responded 200 in 107142.3340 ms
[2023-06-10 18:08:18.390] [Information] () <> Application is starting
[2023-06-10 18:08:18.497] [Information] () <> 
**********************************************************************
**                      SB Services                                **
**                    [Version 1.0.0]                               **
**  ©2022-2023 Health Care Solutions. All rights reserved           **
**********************************************************************

[2023-06-10 21:32:17.791] [Information] () <> Application is starting
[2023-06-10 21:32:17.886] [Information] () <> 
**********************************************************************
**                      SB Services                                **
**                    [Version 1.0.0]                               **
**  ©2022-2023 Health Care Solutions. All rights reserved           **
**********************************************************************

[2023-06-10 22:48:33.456] [Information] () <> Application is starting
[2023-06-10 22:48:33.526] [Information] () <> 
**********************************************************************
**                      SB Services                                **
**                    [Version 1.0.0]                               **
**  ©2022-2023 Health Care Solutions. All rights reserved           **
**********************************************************************

[2023-06-10 22:49:28.340] [Information] () <SB.Security.Service.SecurityLogService> Login api method started.

[2023-06-10 22:49:28.433] [Information] () <SB.Security.Service.SecurityLogService> Login api method request is: 
{
  "UserName": "sree",
  "Password": "password"
}

[2023-06-10 22:49:31.365] [Information] () <SB.Security.Service.SecurityLogService> Authenticate (User service) method request is: 
{
  "UserName": "sree",
  "Password": "password"
}

[2023-06-10 22:49:37.032] [Information] () <SB.Security.Service.SecurityLogService> Authenticate (User service) method response is: 
{
  "Success": true,
  "Message": "Authentation success!",
  "MessageType": 1,
  "ResponseCode": 200,
  "Result": {
    "access_token": "eyJhbGciOiJodHRwOi8vd3d3LnczLm9yZy8yMDAxLzA0L3htbGRzaWctbW9yZSNobWFjLXNoYTI1NiIsInR5cCI6IkpXVCJ9.eyJzdWIiOiJKV1RTZXJ2aWNlQWNjZXNzVG9rZW4iLCJqdGkiOiI2Mjc3NWIwMi0wMDFlLTQ3MmQtYTNlZS04ODYwMGJjYjIwOWMiLCJpYXQiOiI2LzEwLzIwMjMgNjo0OTozNiBQTSIsIlVzZXJJZCI6ImQ5N2M2OWUyLTYwZTMtNGU3Yi04YjY3LTRjNWE4Y2E2ZDQ1MCIsIkZ1bGxOYW1lIjoiU3JlZW1vbnRhIEJob3dtaWsiLCJVc2VyTmFtZSI6InNyZWUiLCJFbWFpbCI6InNiaG93bWlrY3NlMDhAZ21haWwuY29tIiwiZXhwIjoxNjg2NDIzMjc2LCJpc3MiOiJKV1RBdXRoZW50aWNhdGlvblNlcnZlciIsImF1ZCI6IkpXVFNlcnZpY2VQb3N0bWFuQ2xpZW50In0.hXAsBCJG4bZ4qp0m-_oQ8pKZNlrnEvX6WTejGUDQYHA",
    "refresh_token": "sgs+D0Kg9oOQhR9+ajhUpzmyfFtZfWfpXenThjFTXy8=",
    "expires_in": "2023-06-10T22:54:36.4614673+04:00",
    "token_type": "bearer",
    "error": "",
    "error_description": "",
    "user": {
      "Id": "d97c69e2-60e3-4e7b-8b67-4c5a8ca6d450",
      "FullName": "sree",
      "UserName": "sree",
      "Email": "sbhowmikcse08@gmail.com",
      "UserRole": "Admin",
      "CreatedDate": "2023-06-10T13:24:24.7063384"
    }
  }
}

[2023-06-10 22:49:37.032] [Information] () <SB.Security.Service.SecurityLogService> Login api method response is: 
{
  "Success": true,
  "Message": "Authentation success!",
  "MessageType": 1,
  "ResponseCode": 200,
  "Result": {
    "access_token": "eyJhbGciOiJodHRwOi8vd3d3LnczLm9yZy8yMDAxLzA0L3htbGRzaWctbW9yZSNobWFjLXNoYTI1NiIsInR5cCI6IkpXVCJ9.eyJzdWIiOiJKV1RTZXJ2aWNlQWNjZXNzVG9rZW4iLCJqdGkiOiI2Mjc3NWIwMi0wMDFlLTQ3MmQtYTNlZS04ODYwMGJjYjIwOWMiLCJpYXQiOiI2LzEwLzIwMjMgNjo0OTozNiBQTSIsIlVzZXJJZCI6ImQ5N2M2OWUyLTYwZTMtNGU3Yi04YjY3LTRjNWE4Y2E2ZDQ1MCIsIkZ1bGxOYW1lIjoiU3JlZW1vbnRhIEJob3dtaWsiLCJVc2VyTmFtZSI6InNyZWUiLCJFbWFpbCI6InNiaG93bWlrY3NlMDhAZ21haWwuY29tIiwiZXhwIjoxNjg2NDIzMjc2LCJpc3MiOiJKV1RBdXRoZW50aWNhdGlvblNlcnZlciIsImF1ZCI6IkpXVFNlcnZpY2VQb3N0bWFuQ2xpZW50In0.hXAsBCJG4bZ4qp0m-_oQ8pKZNlrnEvX6WTejGUDQYHA",
    "refresh_token": "sgs+D0Kg9oOQhR9+ajhUpzmyfFtZfWfpXenThjFTXy8=",
    "expires_in": "2023-06-10T22:54:36.4614673+04:00",
    "token_type": "bearer",
    "error": "",
    "error_description": "",
    "user": {
      "Id": "d97c69e2-60e3-4e7b-8b67-4c5a8ca6d450",
      "FullName": "sree",
      "UserName": "sree",
      "Email": "sbhowmikcse08@gmail.com",
      "UserRole": "Admin",
      "CreatedDate": "2023-06-10T13:24:24.7063384"
    }
  }
}

[2023-06-10 22:49:37.156] [Information] () <Serilog.AspNetCore.RequestLoggingMiddleware> HTTP "POST" "/api/User/login" responded 200 in 12237.8487 ms
[2023-06-10 22:56:04.745] [Information] () <SB.Security.Service.SecurityLogService> Login api method started.

[2023-06-10 22:56:04.745] [Information] () <SB.Security.Service.SecurityLogService> Login api method request is: 
{
  "UserName": "sree",
  "Password": "password"
}

[2023-06-10 22:56:05.717] [Information] () <SB.Security.Service.SecurityLogService> Authenticate (User service) method request is: 
{
  "UserName": "sree",
  "Password": "password"
}

[2023-06-10 22:56:07.128] [Information] () <SB.Security.Service.SecurityLogService> Authenticate (User service) method response is: 
{
  "Success": true,
  "Message": "Authentation success!",
  "MessageType": 1,
  "ResponseCode": 200,
  "Result": {
    "access_token": "eyJhbGciOiJodHRwOi8vd3d3LnczLm9yZy8yMDAxLzA0L3htbGRzaWctbW9yZSNobWFjLXNoYTI1NiIsInR5cCI6IkpXVCJ9.eyJzdWIiOiJKV1RTZXJ2aWNlQWNjZXNzVG9rZW4iLCJqdGkiOiI1MDM2NmE3My05MzIxLTQxMWYtODA4ZS1mYzI5OTRiMzEwMDYiLCJpYXQiOiI2LzEwLzIwMjMgNjo1NjowNyBQTSIsIlVzZXJJZCI6ImQ5N2M2OWUyLTYwZTMtNGU3Yi04YjY3LTRjNWE4Y2E2ZDQ1MCIsIkZ1bGxOYW1lIjoiU3JlZW1vbnRhIEJob3dtaWsiLCJVc2VyTmFtZSI6InNyZWUiLCJFbWFpbCI6InNiaG93bWlrY3NlMDhAZ21haWwuY29tIiwiZXhwIjoxNjg2NDIzNjY3LCJpc3MiOiJKV1RBdXRoZW50aWNhdGlvblNlcnZlciIsImF1ZCI6IkpXVFNlcnZpY2VQb3N0bWFuQ2xpZW50In0.Ht5eqFc5msfNd-aQZK6Mrq2tCoezbtiAUrOEEc-grtc",
    "refresh_token": "SrkicT5vMSFjL4NqmJTcTdeC1/mt/lWh6StHoN/yot0=",
    "expires_in": "2023-06-10T23:01:07.0976776+04:00",
    "token_type": "bearer",
    "error": "",
    "error_description": "",
    "user": {
      "Id": "d97c69e2-60e3-4e7b-8b67-4c5a8ca6d450",
      "FullName": "sree",
      "UserName": "sree",
      "Email": "sbhowmikcse08@gmail.com",
      "UserRole": "Admin",
      "CreatedDate": "2023-06-10T13:24:24.7063384"
    }
  }
}

[2023-06-10 22:56:07.129] [Information] () <SB.Security.Service.SecurityLogService> Login api method response is: 
{
  "Success": true,
  "Message": "Authentation success!",
  "MessageType": 1,
  "ResponseCode": 200,
  "Result": {
    "access_token": "eyJhbGciOiJodHRwOi8vd3d3LnczLm9yZy8yMDAxLzA0L3htbGRzaWctbW9yZSNobWFjLXNoYTI1NiIsInR5cCI6IkpXVCJ9.eyJzdWIiOiJKV1RTZXJ2aWNlQWNjZXNzVG9rZW4iLCJqdGkiOiI1MDM2NmE3My05MzIxLTQxMWYtODA4ZS1mYzI5OTRiMzEwMDYiLCJpYXQiOiI2LzEwLzIwMjMgNjo1NjowNyBQTSIsIlVzZXJJZCI6ImQ5N2M2OWUyLTYwZTMtNGU3Yi04YjY3LTRjNWE4Y2E2ZDQ1MCIsIkZ1bGxOYW1lIjoiU3JlZW1vbnRhIEJob3dtaWsiLCJVc2VyTmFtZSI6InNyZWUiLCJFbWFpbCI6InNiaG93bWlrY3NlMDhAZ21haWwuY29tIiwiZXhwIjoxNjg2NDIzNjY3LCJpc3MiOiJKV1RBdXRoZW50aWNhdGlvblNlcnZlciIsImF1ZCI6IkpXVFNlcnZpY2VQb3N0bWFuQ2xpZW50In0.Ht5eqFc5msfNd-aQZK6Mrq2tCoezbtiAUrOEEc-grtc",
    "refresh_token": "SrkicT5vMSFjL4NqmJTcTdeC1/mt/lWh6StHoN/yot0=",
    "expires_in": "2023-06-10T23:01:07.0976776+04:00",
    "token_type": "bearer",
    "error": "",
    "error_description": "",
    "user": {
      "Id": "d97c69e2-60e3-4e7b-8b67-4c5a8ca6d450",
      "FullName": "sree",
      "UserName": "sree",
      "Email": "sbhowmikcse08@gmail.com",
      "UserRole": "Admin",
      "CreatedDate": "2023-06-10T13:24:24.7063384"
    }
  }
}

[2023-06-10 22:56:07.130] [Information] () <Serilog.AspNetCore.RequestLoggingMiddleware> HTTP "POST" "/api/User/login" responded 200 in 4164.7414 ms
[2023-06-10 23:07:19.558] [Information] () <SB.Security.Service.SecurityLogService> Login api method started.

[2023-06-10 23:07:19.610] [Information] () <SB.Security.Service.SecurityLogService> Login api method request is: 
{
  "UserName": "sree",
  "Password": "password"
}

[2023-06-10 23:07:21.111] [Information] () <SB.Security.Service.SecurityLogService> Authenticate (User service) method request is: 
{
  "UserName": "sree",
  "Password": "password"
}

[2023-06-10 23:07:33.186] [Information] () <SB.Security.Service.SecurityLogService> Authenticate (User service) method response is: 
{
  "Success": true,
  "Message": "Authentation success!",
  "MessageType": 1,
  "ResponseCode": 200,
  "Result": {
    "access_token": "eyJhbGciOiJodHRwOi8vd3d3LnczLm9yZy8yMDAxLzA0L3htbGRzaWctbW9yZSNobWFjLXNoYTI1NiIsInR5cCI6IkpXVCJ9.eyJzdWIiOiJKV1RTZXJ2aWNlQWNjZXNzVG9rZW4iLCJqdGkiOiJhMzk0ZTYxMi1jYTIwLTRjMjgtOGU1Ny1lNDFiNTJmYWE1NzciLCJpYXQiOiI2LzEwLzIwMjMgNzowNzozMyBQTSIsIlVzZXJJZCI6ImQ5N2M2OWUyLTYwZTMtNGU3Yi04YjY3LTRjNWE4Y2E2ZDQ1MCIsIkZ1bGxOYW1lIjoiU3JlZW1vbnRhIEJob3dtaWsiLCJVc2VyTmFtZSI6InNyZWUiLCJFbWFpbCI6InNiaG93bWlrY3NlMDhAZ21haWwuY29tIiwiZXhwIjoxNjg2NDI0MzUzLCJpc3MiOiJKV1RBdXRoZW50aWNhdGlvblNlcnZlciIsImF1ZCI6IkpXVFNlcnZpY2VQb3N0bWFuQ2xpZW50In0.pwf-pIiTZobaRSY4DFdpTAJaORf7iNRr7dx7ic5Hqcs",
    "refresh_token": "R7lOcJE1z7nTlalqR9Z7YxUrGuemIXFAEYAdRXRZICo=",
    "expires_in": "2023-06-10T23:12:33.1794708+04:00",
    "token_type": "bearer",
    "error": "",
    "error_description": "",
    "user": {
      "Id": "d97c69e2-60e3-4e7b-8b67-4c5a8ca6d450",
      "FullName": "sree",
      "UserName": "sree",
      "Email": "sbhowmikcse08@gmail.com",
      "UserRole": "Admin",
      "CreatedDate": "2023-06-10T13:24:24.7063384"
    }
  }
}

[2023-06-10 23:07:33.186] [Information] () <SB.Security.Service.SecurityLogService> Login api method response is: 
{
  "Success": true,
  "Message": "Authentation success!",
  "MessageType": 1,
  "ResponseCode": 200,
  "Result": {
    "access_token": "eyJhbGciOiJodHRwOi8vd3d3LnczLm9yZy8yMDAxLzA0L3htbGRzaWctbW9yZSNobWFjLXNoYTI1NiIsInR5cCI6IkpXVCJ9.eyJzdWIiOiJKV1RTZXJ2aWNlQWNjZXNzVG9rZW4iLCJqdGkiOiJhMzk0ZTYxMi1jYTIwLTRjMjgtOGU1Ny1lNDFiNTJmYWE1NzciLCJpYXQiOiI2LzEwLzIwMjMgNzowNzozMyBQTSIsIlVzZXJJZCI6ImQ5N2M2OWUyLTYwZTMtNGU3Yi04YjY3LTRjNWE4Y2E2ZDQ1MCIsIkZ1bGxOYW1lIjoiU3JlZW1vbnRhIEJob3dtaWsiLCJVc2VyTmFtZSI6InNyZWUiLCJFbWFpbCI6InNiaG93bWlrY3NlMDhAZ21haWwuY29tIiwiZXhwIjoxNjg2NDI0MzUzLCJpc3MiOiJKV1RBdXRoZW50aWNhdGlvblNlcnZlciIsImF1ZCI6IkpXVFNlcnZpY2VQb3N0bWFuQ2xpZW50In0.pwf-pIiTZobaRSY4DFdpTAJaORf7iNRr7dx7ic5Hqcs",
    "refresh_token": "R7lOcJE1z7nTlalqR9Z7YxUrGuemIXFAEYAdRXRZICo=",
    "expires_in": "2023-06-10T23:12:33.1794708+04:00",
    "token_type": "bearer",
    "error": "",
    "error_description": "",
    "user": {
      "Id": "d97c69e2-60e3-4e7b-8b67-4c5a8ca6d450",
      "FullName": "sree",
      "UserName": "sree",
      "Email": "sbhowmikcse08@gmail.com",
      "UserRole": "Admin",
      "CreatedDate": "2023-06-10T13:24:24.7063384"
    }
  }
}

[2023-06-10 23:07:33.188] [Information] () <Serilog.AspNetCore.RequestLoggingMiddleware> HTTP "POST" "/api/User/login" responded 200 in 15489.5899 ms
[2023-06-10 23:09:09.748] [Information] () <SB.Security.Service.SecurityLogService> Login api method started.

[2023-06-10 23:09:09.752] [Information] () <SB.Security.Service.SecurityLogService> Login api method request is: 
{
  "UserName": "sree",
  "Password": "password"
}

[2023-06-10 23:09:10.671] [Information] () <SB.Security.Service.SecurityLogService> Authenticate (User service) method request is: 
{
  "UserName": "sree",
  "Password": "password"
}

[2023-06-10 23:09:12.198] [Information] () <SB.Security.Service.SecurityLogService> Authenticate (User service) method response is: 
{
  "Success": true,
  "Message": "Authentation success!",
  "MessageType": 1,
  "ResponseCode": 200,
  "Result": {
    "access_token": "eyJhbGciOiJodHRwOi8vd3d3LnczLm9yZy8yMDAxLzA0L3htbGRzaWctbW9yZSNobWFjLXNoYTI1NiIsInR5cCI6IkpXVCJ9.eyJzdWIiOiJKV1RTZXJ2aWNlQWNjZXNzVG9rZW4iLCJqdGkiOiJiZjEwNWQ3NS0xYmJmLTRkMmUtOGNkYS1jNjA0MDY2OTZkY2IiLCJpYXQiOiI2LzEwLzIwMjMgNzowOToxMiBQTSIsIlVzZXJJZCI6ImQ5N2M2OWUyLTYwZTMtNGU3Yi04YjY3LTRjNWE4Y2E2ZDQ1MCIsIkZ1bGxOYW1lIjoiU3JlZW1vbnRhIEJob3dtaWsiLCJVc2VyTmFtZSI6InNyZWUiLCJFbWFpbCI6InNiaG93bWlrY3NlMDhAZ21haWwuY29tIiwiZXhwIjoxNjg2NDI0NDUyLCJpc3MiOiJKV1RBdXRoZW50aWNhdGlvblNlcnZlciIsImF1ZCI6IkpXVFNlcnZpY2VQb3N0bWFuQ2xpZW50In0.FCUO28_HjrE7Zfi23WbdwK0rZhzo0tb137LWIdoq2RY",
    "refresh_token": "9agBtgAUBqAIfSyZWvBABlkIwxAX3qZEkIRzM/Nc9UY=",
    "expires_in": "2023-06-10T23:14:12.192908+04:00",
    "token_type": "bearer",
    "error": "",
    "error_description": "",
    "user": {
      "Id": "d97c69e2-60e3-4e7b-8b67-4c5a8ca6d450",
      "FullName": "sree",
      "UserName": "sree",
      "Email": "sbhowmikcse08@gmail.com",
      "UserRole": "Admin",
      "CreatedDate": "2023-06-10T13:24:24.7063384"
    }
  }
}

[2023-06-10 23:09:12.198] [Information] () <SB.Security.Service.SecurityLogService> Login api method response is: 
{
  "Success": true,
  "Message": "Authentation success!",
  "MessageType": 1,
  "ResponseCode": 200,
  "Result": {
    "access_token": "eyJhbGciOiJodHRwOi8vd3d3LnczLm9yZy8yMDAxLzA0L3htbGRzaWctbW9yZSNobWFjLXNoYTI1NiIsInR5cCI6IkpXVCJ9.eyJzdWIiOiJKV1RTZXJ2aWNlQWNjZXNzVG9rZW4iLCJqdGkiOiJiZjEwNWQ3NS0xYmJmLTRkMmUtOGNkYS1jNjA0MDY2OTZkY2IiLCJpYXQiOiI2LzEwLzIwMjMgNzowOToxMiBQTSIsIlVzZXJJZCI6ImQ5N2M2OWUyLTYwZTMtNGU3Yi04YjY3LTRjNWE4Y2E2ZDQ1MCIsIkZ1bGxOYW1lIjoiU3JlZW1vbnRhIEJob3dtaWsiLCJVc2VyTmFtZSI6InNyZWUiLCJFbWFpbCI6InNiaG93bWlrY3NlMDhAZ21haWwuY29tIiwiZXhwIjoxNjg2NDI0NDUyLCJpc3MiOiJKV1RBdXRoZW50aWNhdGlvblNlcnZlciIsImF1ZCI6IkpXVFNlcnZpY2VQb3N0bWFuQ2xpZW50In0.FCUO28_HjrE7Zfi23WbdwK0rZhzo0tb137LWIdoq2RY",
    "refresh_token": "9agBtgAUBqAIfSyZWvBABlkIwxAX3qZEkIRzM/Nc9UY=",
    "expires_in": "2023-06-10T23:14:12.192908+04:00",
    "token_type": "bearer",
    "error": "",
    "error_description": "",
    "user": {
      "Id": "d97c69e2-60e3-4e7b-8b67-4c5a8ca6d450",
      "FullName": "sree",
      "UserName": "sree",
      "Email": "sbhowmikcse08@gmail.com",
      "UserRole": "Admin",
      "CreatedDate": "2023-06-10T13:24:24.7063384"
    }
  }
}

[2023-06-10 23:09:12.201] [Information] () <Serilog.AspNetCore.RequestLoggingMiddleware> HTTP "POST" "/api/User/login" responded 200 in 4046.1661 ms
