[2023-04-25 10:11:31.049] [Information] () <> Application is starting
[2023-04-25 10:11:31.104] [Information] () <> 
**********************************************************************
**                      SB Services                                **
**                    [Version 1.0.0]                               **
**  ©2022-2023 Health Care Solutions. All rights reserved           **
**********************************************************************

[2023-04-25 10:15:30.348] [Error] () <Microsoft.AspNetCore.Server.Kestrel> Connection id ""0HMQ5AFLUBLQ6"", Request id ""0HMQ5AFLUBLQ6:00000002"": An unhandled exception was thrown by the application.
System.FormatException: The input is not a valid Base-64 string as it contains a non-base 64 character, more than two padding characters, or an illegal character among the padding characters.
   at System.Convert.FromBase64CharPtr(Char* inputPtr, Int32 inputLength)
   at System.Convert.FromBase64String(String s)
   at SB.Security.Middlewares.EncDecMiddleware.DecryptString(String cipherText) in E:\Sample Development\SB.Services\SB.Security\Middlewares\EncDecMiddleware.cs:line 95
   at SB.Security.Middlewares.EncDecMiddleware.InvokeAsync(HttpContext httpContext) in E:\Sample Development\SB.Services\SB.Security\Middlewares\EncDecMiddleware.cs:line 33
   at Microsoft.AspNetCore.Watch.BrowserRefresh.BrowserRefreshMiddleware.InvokeAsync(HttpContext context)
   at Microsoft.AspNetCore.Server.Kestrel.Core.Internal.Http.HttpProtocol.ProcessRequests[TContext](IHttpApplication`1 application)
[2023-04-25 10:16:28.950] [Information] () <SB.Security.Service.SecurityLogService> Login api method started.

[2023-04-25 10:16:28.978] [Information] () <SB.Security.Service.SecurityLogService> Login api method request is: 
{
  "UserName": "sree",
  "Password": "password"
}

[2023-04-25 10:16:29.021] [Information] () <SB.Security.Service.SecurityLogService> Authenticate (User service) method request is: 
{
  "UserName": "sree",
  "Password": "password"
}

[2023-04-25 10:16:30.940] [Information] () <SB.Security.Service.SecurityLogService> Authenticate (User service) method response is: 
{
  "Success": true,
  "Message": "Authentation success!",
  "MessageType": 1,
  "ResponseCode": 200,
  "Result": {
    "access_token": "eyJhbGciOiJIUzI1NiIsInR5cCI6IkpXVCJ9.eyJzdWIiOiJKV1RTZXJ2aWNlQWNjZXNzVG9rZW4iLCJqdGkiOiI2YmYxMWI5OC00ZWY0LTQwOTUtYmQ3OS1hNTJiNWI0NGU5OGMiLCJpYXQiOjE2ODI0MDMzOTAsIlVzZXJJZCI6IjliOTQ5YzMxLTEzZGQtNGM4YS1iNzU4LTM4ZGZlOWVlNzlhYyIsIkZ1bGxOYW1lIjoiU3JlZW1vbnRhIEJob3dtaWsiLCJVc2VyTmFtZSI6InNyZWUiLCJFbWFpbCI6InNiaG93bWlrY3NlMDhAZ21haWwuY29tIiwibmJmIjoxNjgyNDAzMzkwLCJleHAiOjE2ODI0MzkzOTB9.4m1HEGdSyWFi1rmGempuv3sZIAbnoO2GGU1Fx0LrpsY",
    "expires_in": 36000,
    "token_type": "bearer",
    "error": "",
    "error_description": "",
    "user": {
      "Id": "9b949c31-13dd-4c8a-b758-38dfe9ee79ac",
      "FullName": "sree",
      "UserName": "sree",
      "Email": "sbhowmikcse08@gmail.com",
      "UserRole": "Admin"
    }
  }
}

[2023-04-25 10:16:30.942] [Information] () <SB.Security.Service.SecurityLogService> Login api method response is: 
{
  "Success": true,
  "Message": "Authentation success!",
  "MessageType": 1,
  "ResponseCode": 200,
  "Result": {
    "access_token": "eyJhbGciOiJIUzI1NiIsInR5cCI6IkpXVCJ9.eyJzdWIiOiJKV1RTZXJ2aWNlQWNjZXNzVG9rZW4iLCJqdGkiOiI2YmYxMWI5OC00ZWY0LTQwOTUtYmQ3OS1hNTJiNWI0NGU5OGMiLCJpYXQiOjE2ODI0MDMzOTAsIlVzZXJJZCI6IjliOTQ5YzMxLTEzZGQtNGM4YS1iNzU4LTM4ZGZlOWVlNzlhYyIsIkZ1bGxOYW1lIjoiU3JlZW1vbnRhIEJob3dtaWsiLCJVc2VyTmFtZSI6InNyZWUiLCJFbWFpbCI6InNiaG93bWlrY3NlMDhAZ21haWwuY29tIiwibmJmIjoxNjgyNDAzMzkwLCJleHAiOjE2ODI0MzkzOTB9.4m1HEGdSyWFi1rmGempuv3sZIAbnoO2GGU1Fx0LrpsY",
    "expires_in": 36000,
    "token_type": "bearer",
    "error": "",
    "error_description": "",
    "user": {
      "Id": "9b949c31-13dd-4c8a-b758-38dfe9ee79ac",
      "FullName": "sree",
      "UserName": "sree",
      "Email": "sbhowmikcse08@gmail.com",
      "UserRole": "Admin"
    }
  }
}

[2023-04-25 10:16:30.973] [Information] () <Serilog.AspNetCore.RequestLoggingMiddleware> HTTP "POST" "/api/User/login" responded 200 in 2636.9868 ms
[2023-04-25 10:17:03.062] [Error] () <Microsoft.AspNetCore.Server.Kestrel> Connection id ""0HMQ5AFLUBLQ6"", Request id ""0HMQ5AFLUBLQ6:00000004"": An unhandled exception was thrown by the application.
System.FormatException: The input is not a valid Base-64 string as it contains a non-base 64 character, more than two padding characters, or an illegal character among the padding characters.
   at System.Convert.FromBase64CharPtr(Char* inputPtr, Int32 inputLength)
   at System.Convert.FromBase64String(String s)
   at SB.Security.Middlewares.EncDecMiddleware.DecryptString(String cipherText) in E:\Sample Development\SB.Services\SB.Security\Middlewares\EncDecMiddleware.cs:line 95
   at SB.Security.Middlewares.EncDecMiddleware.InvokeAsync(HttpContext httpContext) in E:\Sample Development\SB.Services\SB.Security\Middlewares\EncDecMiddleware.cs:line 33
   at Microsoft.AspNetCore.Watch.BrowserRefresh.BrowserRefreshMiddleware.InvokeAsync(HttpContext context)
   at Microsoft.AspNetCore.Server.Kestrel.Core.Internal.Http.HttpProtocol.ProcessRequests[TContext](IHttpApplication`1 application)
[2023-04-25 10:18:01.011] [Error] () <Microsoft.AspNetCore.Server.Kestrel> Connection id ""0HMQ5AFLUBLQ4"", Request id ""0HMQ5AFLUBLQ4:00000013"": An unhandled exception was thrown by the application.
System.FormatException: The input is not a valid Base-64 string as it contains a non-base 64 character, more than two padding characters, or an illegal character among the padding characters.
   at System.Convert.FromBase64CharPtr(Char* inputPtr, Int32 inputLength)
   at System.Convert.FromBase64String(String s)
   at SB.Security.Middlewares.EncDecMiddleware.DecryptString(String cipherText) in E:\Sample Development\SB.Services\SB.Security\Middlewares\EncDecMiddleware.cs:line 95
   at SB.Security.Middlewares.EncDecMiddleware.InvokeAsync(HttpContext httpContext) in E:\Sample Development\SB.Services\SB.Security\Middlewares\EncDecMiddleware.cs:line 33
   at Microsoft.AspNetCore.Watch.BrowserRefresh.BrowserRefreshMiddleware.InvokeAsync(HttpContext context)
   at Microsoft.AspNetCore.Server.Kestrel.Core.Internal.Http.HttpProtocol.ProcessRequests[TContext](IHttpApplication`1 application)
[2023-04-25 10:19:54.482] [Error] () <Microsoft.AspNetCore.Server.Kestrel> Connection id ""0HMQ5AFLUBLQ6"", Request id ""0HMQ5AFLUBLQ6:00000005"": An unhandled exception was thrown by the application.
System.FormatException: The input is not a valid Base-64 string as it contains a non-base 64 character, more than two padding characters, or an illegal character among the padding characters.
   at System.Convert.FromBase64CharPtr(Char* inputPtr, Int32 inputLength)
   at System.Convert.FromBase64String(String s)
   at SB.Security.Middlewares.EncDecMiddleware.DecryptString(String cipherText) in E:\Sample Development\SB.Services\SB.Security\Middlewares\EncDecMiddleware.cs:line 95
   at SB.Security.Middlewares.EncDecMiddleware.InvokeAsync(HttpContext httpContext) in E:\Sample Development\SB.Services\SB.Security\Middlewares\EncDecMiddleware.cs:line 33
   at Microsoft.AspNetCore.Watch.BrowserRefresh.BrowserRefreshMiddleware.InvokeAsync(HttpContext context)
   at Microsoft.AspNetCore.Server.Kestrel.Core.Internal.Http.HttpProtocol.ProcessRequests[TContext](IHttpApplication`1 application)
[2023-04-25 10:22:14.281] [Information] () <> Application is starting
[2023-04-25 10:22:14.334] [Information] () <> 
**********************************************************************
**                      SB Services                                **
**                    [Version 1.0.0]                               **
**  ©2022-2023 Health Care Solutions. All rights reserved           **
**********************************************************************

[2023-04-25 10:23:11.788] [Error] () <SB.Security.Service.SecurityLogService> Failed to convert parameter value from a String to a Guid.
[2023-04-25 10:23:11.900] [Information] () <Serilog.AspNetCore.RequestLoggingMiddleware> HTTP "GET" "/api/User/getUserbyId" responded 200 in 26561.3621 ms
[2023-04-25 10:25:35.036] [Information] () <> Application is starting
[2023-04-25 10:25:35.111] [Information] () <> 
**********************************************************************
**                      SB Services                                **
**                    [Version 1.0.0]                               **
**  ©2022-2023 Health Care Solutions. All rights reserved           **
**********************************************************************

[2023-04-25 10:26:33.395] [Information] () <Serilog.AspNetCore.RequestLoggingMiddleware> HTTP "GET" "/api/User/getUserbyId" responded 200 in 51869.1247 ms
[2023-04-25 10:44:40.708] [Information] () <> Application is starting
[2023-04-25 10:44:40.761] [Information] () <> 
**********************************************************************
**                      SB Services                                **
**                    [Version 1.0.0]                               **
**  ©2022-2023 Health Care Solutions. All rights reserved           **
**********************************************************************

[2023-04-25 10:45:14.152] [Information] () <Serilog.AspNetCore.RequestLoggingMiddleware> HTTP "GET" "/api/User/getUserbyId" responded 200 in 4283.9555 ms
[2023-04-25 11:50:03.230] [Information] () <> Application is starting
[2023-04-25 11:50:03.312] [Information] () <> 
**********************************************************************
**                      SB Services                                **
**                    [Version 1.0.0]                               **
**  ©2022-2023 Health Care Solutions. All rights reserved           **
**********************************************************************

[2023-04-25 11:50:26.224] [Information] () <Serilog.AspNetCore.RequestLoggingMiddleware> HTTP "POST" "/api/User/registerUser" responded 200 in 2950.0766 ms
