[2023-05-28 01:44:59.173] [Information] () <SB.Security.Service.SecurityLogService> Login api method started.

[2023-05-28 01:44:59.180] [Information] () <SB.Security.Service.SecurityLogService> Login api method request is: 
{
  "UserName": "sree",
  "Password": "password"
}

[2023-05-28 01:44:59.180] [Information] () <SB.Security.Service.SecurityLogService> Authenticate (User service) method request is: 
{
  "UserName": "sree",
  "Password": "password"
}

[2023-05-28 01:44:59.337] [Information] () <SB.Security.Service.SecurityLogService> Authenticate (User service) method response is: 
{
  "Success": true,
  "Message": "Authentation success!",
  "MessageType": 1,
  "ResponseCode": 200,
  "Result": {
    "access_token": "eyJhbGciOiJIUzI1NiIsInR5cCI6IkpXVCJ9.eyJzdWIiOiJKV1RTZXJ2aWNlQWNjZXNzVG9rZW4iLCJqdGkiOiI4NjY3NjYxOS0yNjRhLTQxZTgtYmE4NC1mNjAxNDNlYjA3ZWYiLCJpYXQiOjE2ODUyMjM4OTksIlVzZXJJZCI6ImQ2NzBhN2JhLWYxMGQtNDI0MS04MjMwLTZjZDhlMGEyYjdjMCIsIkZ1bGxOYW1lIjoiU3JlZW1vbnRhIEJob3dtaWsiLCJVc2VyTmFtZSI6InNyZWUiLCJFbWFpbCI6InNiaG93bWlrY3NlMDhAZ21haWwuY29tIiwibmJmIjoxNjg1MjIzODk5LCJleHAiOjE2ODUyNTk4OTl9.I7NlnBvZQ0KajyRnya1AtqWNFFNGJKZG7dpivVscocw",
    "expires_in": 36000,
    "token_type": "bearer",
    "error": "",
    "error_description": "",
    "user": {
      "Id": "d670a7ba-f10d-4241-8230-6cd8e0a2b7c0",
      "FullName": "sree",
      "UserName": "sree",
      "Email": "sbhowmikcse08@gmail.com",
      "UserRole": "Admin"
    }
  }
}

[2023-05-28 01:44:59.337] [Information] () <SB.Security.Service.SecurityLogService> Login api method response is: 
{
  "Success": true,
  "Message": "Authentation success!",
  "MessageType": 1,
  "ResponseCode": 200,
  "Result": {
    "access_token": "eyJhbGciOiJIUzI1NiIsInR5cCI6IkpXVCJ9.eyJzdWIiOiJKV1RTZXJ2aWNlQWNjZXNzVG9rZW4iLCJqdGkiOiI4NjY3NjYxOS0yNjRhLTQxZTgtYmE4NC1mNjAxNDNlYjA3ZWYiLCJpYXQiOjE2ODUyMjM4OTksIlVzZXJJZCI6ImQ2NzBhN2JhLWYxMGQtNDI0MS04MjMwLTZjZDhlMGEyYjdjMCIsIkZ1bGxOYW1lIjoiU3JlZW1vbnRhIEJob3dtaWsiLCJVc2VyTmFtZSI6InNyZWUiLCJFbWFpbCI6InNiaG93bWlrY3NlMDhAZ21haWwuY29tIiwibmJmIjoxNjg1MjIzODk5LCJleHAiOjE2ODUyNTk4OTl9.I7NlnBvZQ0KajyRnya1AtqWNFFNGJKZG7dpivVscocw",
    "expires_in": 36000,
    "token_type": "bearer",
    "error": "",
    "error_description": "",
    "user": {
      "Id": "d670a7ba-f10d-4241-8230-6cd8e0a2b7c0",
      "FullName": "sree",
      "UserName": "sree",
      "Email": "sbhowmikcse08@gmail.com",
      "UserRole": "Admin"
    }
  }
}

[2023-05-28 01:44:59.338] [Information] () <Serilog.AspNetCore.RequestLoggingMiddleware> HTTP "POST" "/api/User/login" responded 200 in 165.6905 ms
