[2023-04-27 11:28:33.775] [Information] () <> Application is starting
[2023-04-27 11:28:33.831] [Information] () <> 
**********************************************************************
**                      SB Services                                **
**                    [Version 1.0.0]                               **
**  ©2022-2023 Health Care Solutions. All rights reserved           **
**********************************************************************

[2023-04-27 11:28:53.333] [Information] () <SB.Security.Service.SecurityLogService> Login api method started.

[2023-04-27 11:28:53.363] [Information] () <SB.Security.Service.SecurityLogService> Login api method request is: 
{
  "UserName": "amanisha",
  "Password": "password"
}

[2023-04-27 11:28:53.401] [Information] () <SB.Security.Service.SecurityLogService> Authenticate (User service) method request is: 
{
  "UserName": "amanisha",
  "Password": "password"
}

[2023-04-27 11:28:55.433] [Information] () <SB.Security.Service.SecurityLogService> Authenticate (User service) method response is: 
{
  "Success": true,
  "Message": "Authentation success!",
  "MessageType": 1,
  "ResponseCode": 200,
  "Result": {
    "access_token": "eyJhbGciOiJIUzI1NiIsInR5cCI6IkpXVCJ9.eyJzdWIiOiJKV1RTZXJ2aWNlQWNjZXNzVG9rZW4iLCJqdGkiOiJkYWYwYmQyOS1hNWI0LTQwMWMtYWQ3MS1iZjM3ODJiNThkZTYiLCJpYXQiOjE2ODI1ODA1MzUsIlVzZXJJZCI6IjA2ODBjYmY0LTRlNTQtNDg4Yi1iNmY4LTVhMjcyYTdmOGI2OSIsIkZ1bGxOYW1lIjoiQW1hbmlzaGEgQ2hvd2RodXJ5IiwiVXNlck5hbWUiOiJhbWFuaXNoYSIsIkVtYWlsIjoiYW1hbmlzaGFAZ21haWwuY29tIiwibmJmIjoxNjgyNTgwNTM1LCJleHAiOjE2ODI2MTY1MzV9.tbD4URluMxuqjsl62uIL-d_PvGjhCkkM8nYctZwqR2w",
    "expires_in": 36000,
    "token_type": "bearer",
    "error": "",
    "error_description": "",
    "user": {
      "Id": "0680cbf4-4e54-488b-b6f8-5a272a7f8b69",
      "FullName": "amanisha",
      "UserName": "amanisha",
      "Email": "amanisha@gmail.com",
      "UserRole": "User"
    }
  }
}

[2023-04-27 11:28:55.434] [Information] () <SB.Security.Service.SecurityLogService> Login api method response is: 
{
  "Success": true,
  "Message": "Authentation success!",
  "MessageType": 1,
  "ResponseCode": 200,
  "Result": {
    "access_token": "eyJhbGciOiJIUzI1NiIsInR5cCI6IkpXVCJ9.eyJzdWIiOiJKV1RTZXJ2aWNlQWNjZXNzVG9rZW4iLCJqdGkiOiJkYWYwYmQyOS1hNWI0LTQwMWMtYWQ3MS1iZjM3ODJiNThkZTYiLCJpYXQiOjE2ODI1ODA1MzUsIlVzZXJJZCI6IjA2ODBjYmY0LTRlNTQtNDg4Yi1iNmY4LTVhMjcyYTdmOGI2OSIsIkZ1bGxOYW1lIjoiQW1hbmlzaGEgQ2hvd2RodXJ5IiwiVXNlck5hbWUiOiJhbWFuaXNoYSIsIkVtYWlsIjoiYW1hbmlzaGFAZ21haWwuY29tIiwibmJmIjoxNjgyNTgwNTM1LCJleHAiOjE2ODI2MTY1MzV9.tbD4URluMxuqjsl62uIL-d_PvGjhCkkM8nYctZwqR2w",
    "expires_in": 36000,
    "token_type": "bearer",
    "error": "",
    "error_description": "",
    "user": {
      "Id": "0680cbf4-4e54-488b-b6f8-5a272a7f8b69",
      "FullName": "amanisha",
      "UserName": "amanisha",
      "Email": "amanisha@gmail.com",
      "UserRole": "User"
    }
  }
}

[2023-04-27 11:28:55.466] [Information] () <Serilog.AspNetCore.RequestLoggingMiddleware> HTTP "POST" "/api/User/login" responded 200 in 2559.9677 ms
[2023-04-27 11:29:08.509] [Information] () <SB.Security.Service.SecurityLogService> GetAllUsers api method started.

[2023-04-27 11:29:08.511] [Information] () <SB.Security.Service.SecurityLogService> GetUserbyId api method request is: 
{
  "PageNumber": 1,
  "PageSize": 5
}

[2023-04-27 11:29:08.513] [Information] () <SB.Security.Service.SecurityLogService> GetAllUsers (User service) method request is: 
{
  "PageNumber": 1,
  "PageSize": 5
}

[2023-04-27 11:29:08.605] [Information] () <SB.Security.Service.SecurityLogService> GetAllUsers (User service) method response is: 
{
  "Count": 4,
  "PageIndex": 1,
  "PageSize": 10,
  "Items": [
    {
      "Id": "0680cbf4-4e54-488b-b6f8-5a272a7f8b69",
      "FullName": "Amanisha Chowdhury",
      "UserName": "amanisha",
      "Password": "$2b$13$l/eWiOFxsZlRCRyem57Y4eu3yBlZCqFqbum/rUhjEVVLUDBu75fi2",
      "SaltKey": "$2b$13$l/eWiOFxsZlRCRyem57Y4e",
      "Email": "amanisha@gmail.com",
      "UserRole": "User",
      "LastLoginAttemptAt": "2023-04-27T11:28:55.2680899",
      "LoginFailedAttemptsCount": 0,
      "CreatedBy": "9b949c31-13dd-4c8a-b758-38dfe9ee79ac",
      "CreatedDate": "2023-04-26T12:54:16.5966667",
      "UpdatedBy": null,
      "UpdatedDate": null
    },
    {
      "Id": "32fb1ffd-b05c-40e1-9eef-034008cce862",
      "FullName": "Samir Khan",
      "UserName": "samir",
      "Password": "$2b$13$.b6WmPkxhonOecHODj8Qiup2UOaldGO.S6zWdABRTiHLgOATZk.XG",
      "SaltKey": "$2b$13$.b6WmPkxhonOecHODj8Qiu",
      "Email": "samir@gmail.com",
      "UserRole": "User",
      "LastLoginAttemptAt": null,
      "LoginFailedAttemptsCount": 0,
      "CreatedBy": "9b949c31-13dd-4c8a-b758-38dfe9ee79ac",
      "CreatedDate": "2023-04-26T12:36:37.45",
      "UpdatedBy": "32fb1ffd-b05c-40e1-9eef-034008cce862",
      "UpdatedDate": "2023-04-26T12:47:59.2566667"
    },
    {
      "Id": "a7458255-9504-453e-a54d-8759dd62bb10",
      "FullName": "Anannya Rohine",
      "UserName": "rohine",
      "Password": "$2b$13$DSr.WkoI5liqJ59BcE8aMud5uKR4l7FfUldUMPpLa9yVs/aYNowoC",
      "SaltKey": "$2b$13$DSr.WkoI5liqJ59BcE8aMu",
      "Email": "rohine2008@gmail.com",
      "UserRole": "User",
      "LastLoginAttemptAt": null,
      "LoginFailedAttemptsCount": 0,
      "CreatedBy": "9b949c31-13dd-4c8a-b758-38dfe9ee79ac",
      "CreatedDate": "2023-04-25T07:50:25.8562014",
      "UpdatedBy": null,
      "UpdatedDate": null
    },
    {
      "Id": "9b949c31-13dd-4c8a-b758-38dfe9ee79ac",
      "FullName": "Sreemonta Bhowmik",
      "UserName": "sree",
      "Password": "$2b$10$dqPNaHnCGjUcvxXHTRXmDeNwNRQ0YI8kT9376noZw8i8tDj8KKoEa",
      "SaltKey": "$2b$10$dqPNaHnCGjUcvxXHTRXmDe",
      "Email": "sbhowmikcse08@gmail.com",
      "UserRole": "Admin",
      "LastLoginAttemptAt": "2023-04-26T10:47:05.919533",
      "LoginFailedAttemptsCount": 0,
      "CreatedBy": null,
      "CreatedDate": "2023-04-25T05:35:12.9979865",
      "UpdatedBy": null,
      "UpdatedDate": "2023-04-25T05:35:12.9979866"
    }
  ]
}

[2023-04-27 11:29:08.609] [Information] () <SB.Security.Service.SecurityLogService> GetAllUsers api method response is: 
{
  "Count": 4,
  "PageIndex": 1,
  "PageSize": 10,
  "Items": [
    {
      "Id": "0680cbf4-4e54-488b-b6f8-5a272a7f8b69",
      "FullName": "Amanisha Chowdhury",
      "UserName": "amanisha",
      "Password": "$2b$13$l/eWiOFxsZlRCRyem57Y4eu3yBlZCqFqbum/rUhjEVVLUDBu75fi2",
      "SaltKey": "$2b$13$l/eWiOFxsZlRCRyem57Y4e",
      "Email": "amanisha@gmail.com",
      "UserRole": "User",
      "LastLoginAttemptAt": "2023-04-27T11:28:55.2680899",
      "LoginFailedAttemptsCount": 0,
      "CreatedBy": "9b949c31-13dd-4c8a-b758-38dfe9ee79ac",
      "CreatedDate": "2023-04-26T12:54:16.5966667",
      "UpdatedBy": null,
      "UpdatedDate": null
    },
    {
      "Id": "32fb1ffd-b05c-40e1-9eef-034008cce862",
      "FullName": "Samir Khan",
      "UserName": "samir",
      "Password": "$2b$13$.b6WmPkxhonOecHODj8Qiup2UOaldGO.S6zWdABRTiHLgOATZk.XG",
      "SaltKey": "$2b$13$.b6WmPkxhonOecHODj8Qiu",
      "Email": "samir@gmail.com",
      "UserRole": "User",
      "LastLoginAttemptAt": null,
      "LoginFailedAttemptsCount": 0,
      "CreatedBy": "9b949c31-13dd-4c8a-b758-38dfe9ee79ac",
      "CreatedDate": "2023-04-26T12:36:37.45",
      "UpdatedBy": "32fb1ffd-b05c-40e1-9eef-034008cce862",
      "UpdatedDate": "2023-04-26T12:47:59.2566667"
    },
    {
      "Id": "a7458255-9504-453e-a54d-8759dd62bb10",
      "FullName": "Anannya Rohine",
      "UserName": "rohine",
      "Password": "$2b$13$DSr.WkoI5liqJ59BcE8aMud5uKR4l7FfUldUMPpLa9yVs/aYNowoC",
      "SaltKey": "$2b$13$DSr.WkoI5liqJ59BcE8aMu",
      "Email": "rohine2008@gmail.com",
      "UserRole": "User",
      "LastLoginAttemptAt": null,
      "LoginFailedAttemptsCount": 0,
      "CreatedBy": "9b949c31-13dd-4c8a-b758-38dfe9ee79ac",
      "CreatedDate": "2023-04-25T07:50:25.8562014",
      "UpdatedBy": null,
      "UpdatedDate": null
    },
    {
      "Id": "9b949c31-13dd-4c8a-b758-38dfe9ee79ac",
      "FullName": "Sreemonta Bhowmik",
      "UserName": "sree",
      "Password": "$2b$10$dqPNaHnCGjUcvxXHTRXmDeNwNRQ0YI8kT9376noZw8i8tDj8KKoEa",
      "SaltKey": "$2b$10$dqPNaHnCGjUcvxXHTRXmDe",
      "Email": "sbhowmikcse08@gmail.com",
      "UserRole": "Admin",
      "LastLoginAttemptAt": "2023-04-26T10:47:05.919533",
      "LoginFailedAttemptsCount": 0,
      "CreatedBy": null,
      "CreatedDate": "2023-04-25T05:35:12.9979865",
      "UpdatedBy": null,
      "UpdatedDate": "2023-04-25T05:35:12.9979866"
    }
  ]
}

[2023-04-27 11:29:08.616] [Information] () <Serilog.AspNetCore.RequestLoggingMiddleware> HTTP "GET" "/api/User/getAllUsers" responded 200 in 115.1894 ms
[2023-04-27 11:32:54.743] [Information] () <> Application is starting
[2023-04-27 11:32:54.800] [Information] () <> 
**********************************************************************
**                      SB Services                                **
**                    [Version 1.0.0]                               **
**  ©2022-2023 Health Care Solutions. All rights reserved           **
**********************************************************************

[2023-04-27 11:37:13.253] [Information] () <SB.Security.Service.SecurityLogService> Login api method started.

[2023-04-27 11:37:13.286] [Information] () <SB.Security.Service.SecurityLogService> Login api method request is: 
{
  "UserName": "sree",
  "Password": "password"
}

[2023-04-27 11:37:13.294] [Information] () <SB.Security.Service.SecurityLogService> Authenticate (User service) method request is: 
{
  "UserName": "sree",
  "Password": "password"
}

[2023-04-27 11:37:14.833] [Information] () <SB.Security.Service.SecurityLogService> Authenticate (User service) method response is: 
{
  "Success": true,
  "Message": "Authentation success!",
  "MessageType": 1,
  "ResponseCode": 200,
  "Result": {
    "access_token": "eyJhbGciOiJIUzI1NiIsInR5cCI6IkpXVCJ9.eyJzdWIiOiJKV1RTZXJ2aWNlQWNjZXNzVG9rZW4iLCJqdGkiOiI3ZjUzNWVhZi1lYzBiLTRiMWEtYWEwZC1iYzhjM2QyMWZlZDQiLCJpYXQiOjE2ODI1ODEwMzQsIlVzZXJJZCI6IjliOTQ5YzMxLTEzZGQtNGM4YS1iNzU4LTM4ZGZlOWVlNzlhYyIsIkZ1bGxOYW1lIjoiU3JlZW1vbnRhIEJob3dtaWsiLCJVc2VyTmFtZSI6InNyZWUiLCJFbWFpbCI6InNiaG93bWlrY3NlMDhAZ21haWwuY29tIiwibmJmIjoxNjgyNTgxMDM0LCJleHAiOjE2ODI2MTcwMzR9.9LT-LR_BzBBhNqwiCLepwO5gEn0Cr05a_ZGmO26FreA",
    "expires_in": 36000,
    "token_type": "bearer",
    "error": "",
    "error_description": "",
    "user": {
      "Id": "9b949c31-13dd-4c8a-b758-38dfe9ee79ac",
      "FullName": "sree",
      "UserName": "sree",
      "Email": "sbhowmikcse08@gmail.com",
      "UserRole": "Admin"
    }
  }
}

[2023-04-27 11:37:14.834] [Information] () <SB.Security.Service.SecurityLogService> Login api method response is: 
{
  "Success": true,
  "Message": "Authentation success!",
  "MessageType": 1,
  "ResponseCode": 200,
  "Result": {
    "access_token": "eyJhbGciOiJIUzI1NiIsInR5cCI6IkpXVCJ9.eyJzdWIiOiJKV1RTZXJ2aWNlQWNjZXNzVG9rZW4iLCJqdGkiOiI3ZjUzNWVhZi1lYzBiLTRiMWEtYWEwZC1iYzhjM2QyMWZlZDQiLCJpYXQiOjE2ODI1ODEwMzQsIlVzZXJJZCI6IjliOTQ5YzMxLTEzZGQtNGM4YS1iNzU4LTM4ZGZlOWVlNzlhYyIsIkZ1bGxOYW1lIjoiU3JlZW1vbnRhIEJob3dtaWsiLCJVc2VyTmFtZSI6InNyZWUiLCJFbWFpbCI6InNiaG93bWlrY3NlMDhAZ21haWwuY29tIiwibmJmIjoxNjgyNTgxMDM0LCJleHAiOjE2ODI2MTcwMzR9.9LT-LR_BzBBhNqwiCLepwO5gEn0Cr05a_ZGmO26FreA",
    "expires_in": 36000,
    "token_type": "bearer",
    "error": "",
    "error_description": "",
    "user": {
      "Id": "9b949c31-13dd-4c8a-b758-38dfe9ee79ac",
      "FullName": "sree",
      "UserName": "sree",
      "Email": "sbhowmikcse08@gmail.com",
      "UserRole": "Admin"
    }
  }
}

[2023-04-27 11:37:14.862] [Information] () <Serilog.AspNetCore.RequestLoggingMiddleware> HTTP "POST" "/api/User/login" responded 200 in 1909.6403 ms
[2023-04-27 11:40:37.582] [Information] () <SB.Security.Service.SecurityLogService> Login api method started.

[2023-04-27 11:40:37.583] [Information] () <SB.Security.Service.SecurityLogService> Login api method request is: 
{
  "UserName": "sree",
  "Password": "password"
}

[2023-04-27 11:40:37.583] [Information] () <SB.Security.Service.SecurityLogService> Authenticate (User service) method request is: 
{
  "UserName": "sree",
  "Password": "password"
}

[2023-04-27 11:40:37.686] [Information] () <SB.Security.Service.SecurityLogService> Authenticate (User service) method response is: 
{
  "Success": true,
  "Message": "Authentation success!",
  "MessageType": 1,
  "ResponseCode": 200,
  "Result": {
    "access_token": "eyJhbGciOiJIUzI1NiIsInR5cCI6IkpXVCJ9.eyJzdWIiOiJKV1RTZXJ2aWNlQWNjZXNzVG9rZW4iLCJqdGkiOiJlMGVkYzMwOS1jYjZmLTRhZWYtOGM1NC0xYzQyYjY1NjhmOTUiLCJpYXQiOjE2ODI1ODEyMzcsIlVzZXJJZCI6IjliOTQ5YzMxLTEzZGQtNGM4YS1iNzU4LTM4ZGZlOWVlNzlhYyIsIkZ1bGxOYW1lIjoiU3JlZW1vbnRhIEJob3dtaWsiLCJVc2VyTmFtZSI6InNyZWUiLCJFbWFpbCI6InNiaG93bWlrY3NlMDhAZ21haWwuY29tIiwibmJmIjoxNjgyNTgxMjM3LCJleHAiOjE2ODI2MTcyMzd9.-JF2UCRbzTgU87VOzDLX20xup2nwRDb3IkTu4kHy3no",
    "expires_in": 36000,
    "token_type": "bearer",
    "error": "",
    "error_description": "",
    "user": {
      "Id": "9b949c31-13dd-4c8a-b758-38dfe9ee79ac",
      "FullName": "sree",
      "UserName": "sree",
      "Email": "sbhowmikcse08@gmail.com",
      "UserRole": "Admin"
    }
  }
}

[2023-04-27 11:40:37.688] [Information] () <SB.Security.Service.SecurityLogService> Login api method response is: 
{
  "Success": true,
  "Message": "Authentation success!",
  "MessageType": 1,
  "ResponseCode": 200,
  "Result": {
    "access_token": "eyJhbGciOiJIUzI1NiIsInR5cCI6IkpXVCJ9.eyJzdWIiOiJKV1RTZXJ2aWNlQWNjZXNzVG9rZW4iLCJqdGkiOiJlMGVkYzMwOS1jYjZmLTRhZWYtOGM1NC0xYzQyYjY1NjhmOTUiLCJpYXQiOjE2ODI1ODEyMzcsIlVzZXJJZCI6IjliOTQ5YzMxLTEzZGQtNGM4YS1iNzU4LTM4ZGZlOWVlNzlhYyIsIkZ1bGxOYW1lIjoiU3JlZW1vbnRhIEJob3dtaWsiLCJVc2VyTmFtZSI6InNyZWUiLCJFbWFpbCI6InNiaG93bWlrY3NlMDhAZ21haWwuY29tIiwibmJmIjoxNjgyNTgxMjM3LCJleHAiOjE2ODI2MTcyMzd9.-JF2UCRbzTgU87VOzDLX20xup2nwRDb3IkTu4kHy3no",
    "expires_in": 36000,
    "token_type": "bearer",
    "error": "",
    "error_description": "",
    "user": {
      "Id": "9b949c31-13dd-4c8a-b758-38dfe9ee79ac",
      "FullName": "sree",
      "UserName": "sree",
      "Email": "sbhowmikcse08@gmail.com",
      "UserRole": "Admin"
    }
  }
}

[2023-04-27 11:40:37.690] [Information] () <Serilog.AspNetCore.RequestLoggingMiddleware> HTTP "POST" "/api/User/login" responded 200 in 116.3282 ms
[2023-04-27 12:36:22.945] [Information] () <SB.Security.Service.SecurityLogService> Login api method started.

[2023-04-27 12:36:22.946] [Information] () <SB.Security.Service.SecurityLogService> Login api method request is: 
{
  "UserName": "sree",
  "Password": "password"
}

[2023-04-27 12:36:22.946] [Information] () <SB.Security.Service.SecurityLogService> Authenticate (User service) method request is: 
{
  "UserName": "sree",
  "Password": "password"
}

[2023-04-27 12:36:23.073] [Information] () <SB.Security.Service.SecurityLogService> Authenticate (User service) method response is: 
{
  "Success": true,
  "Message": "Authentation success!",
  "MessageType": 1,
  "ResponseCode": 200,
  "Result": {
    "access_token": "eyJhbGciOiJIUzI1NiIsInR5cCI6IkpXVCJ9.eyJzdWIiOiJKV1RTZXJ2aWNlQWNjZXNzVG9rZW4iLCJqdGkiOiI1N2MyN2FlNC1mZDhlLTQyMTMtOTM0YS0yYjE3Yjc1ZTk0MjciLCJpYXQiOjE2ODI1ODQ1ODMsIlVzZXJJZCI6IjliOTQ5YzMxLTEzZGQtNGM4YS1iNzU4LTM4ZGZlOWVlNzlhYyIsIkZ1bGxOYW1lIjoiU3JlZW1vbnRhIEJob3dtaWsiLCJVc2VyTmFtZSI6InNyZWUiLCJFbWFpbCI6InNiaG93bWlrY3NlMDhAZ21haWwuY29tIiwibmJmIjoxNjgyNTg0NTgzLCJleHAiOjE2ODI2MjA1ODN9.bkK0E5D0DZ1DZj54AoJBLyu_cU37-QhXAcxV8kUgI7M",
    "expires_in": 36000,
    "token_type": "bearer",
    "error": "",
    "error_description": "",
    "user": {
      "Id": "9b949c31-13dd-4c8a-b758-38dfe9ee79ac",
      "FullName": "sree",
      "UserName": "sree",
      "Email": "sbhowmikcse08@gmail.com",
      "UserRole": "Admin"
    }
  }
}

[2023-04-27 12:36:23.075] [Information] () <SB.Security.Service.SecurityLogService> Login api method response is: 
{
  "Success": true,
  "Message": "Authentation success!",
  "MessageType": 1,
  "ResponseCode": 200,
  "Result": {
    "access_token": "eyJhbGciOiJIUzI1NiIsInR5cCI6IkpXVCJ9.eyJzdWIiOiJKV1RTZXJ2aWNlQWNjZXNzVG9rZW4iLCJqdGkiOiI1N2MyN2FlNC1mZDhlLTQyMTMtOTM0YS0yYjE3Yjc1ZTk0MjciLCJpYXQiOjE2ODI1ODQ1ODMsIlVzZXJJZCI6IjliOTQ5YzMxLTEzZGQtNGM4YS1iNzU4LTM4ZGZlOWVlNzlhYyIsIkZ1bGxOYW1lIjoiU3JlZW1vbnRhIEJob3dtaWsiLCJVc2VyTmFtZSI6InNyZWUiLCJFbWFpbCI6InNiaG93bWlrY3NlMDhAZ21haWwuY29tIiwibmJmIjoxNjgyNTg0NTgzLCJleHAiOjE2ODI2MjA1ODN9.bkK0E5D0DZ1DZj54AoJBLyu_cU37-QhXAcxV8kUgI7M",
    "expires_in": 36000,
    "token_type": "bearer",
    "error": "",
    "error_description": "",
    "user": {
      "Id": "9b949c31-13dd-4c8a-b758-38dfe9ee79ac",
      "FullName": "sree",
      "UserName": "sree",
      "Email": "sbhowmikcse08@gmail.com",
      "UserRole": "Admin"
    }
  }
}

[2023-04-27 12:36:23.077] [Information] () <Serilog.AspNetCore.RequestLoggingMiddleware> HTTP "POST" "/api/User/login" responded 200 in 134.5499 ms
[2023-04-27 12:39:01.404] [Information] () <SB.Security.Service.SecurityLogService> Login api method started.

[2023-04-27 12:39:01.404] [Information] () <SB.Security.Service.SecurityLogService> Login api method request is: 
{
  "UserName": "sree",
  "Password": "password"
}

[2023-04-27 12:39:01.406] [Information] () <SB.Security.Service.SecurityLogService> Authenticate (User service) method request is: 
{
  "UserName": "sree",
  "Password": "password"
}

[2023-04-27 12:39:01.484] [Information] () <SB.Security.Service.SecurityLogService> Authenticate (User service) method response is: 
{
  "Success": true,
  "Message": "Authentation success!",
  "MessageType": 1,
  "ResponseCode": 200,
  "Result": {
    "access_token": "eyJhbGciOiJIUzI1NiIsInR5cCI6IkpXVCJ9.eyJzdWIiOiJKV1RTZXJ2aWNlQWNjZXNzVG9rZW4iLCJqdGkiOiI1NDU3MjFhZS0xZWI3LTQzNzctOTEyZC00N2Y5NTgwNzVjZGMiLCJpYXQiOjE2ODI1ODQ3NDEsIlVzZXJJZCI6IjliOTQ5YzMxLTEzZGQtNGM4YS1iNzU4LTM4ZGZlOWVlNzlhYyIsIkZ1bGxOYW1lIjoiU3JlZW1vbnRhIEJob3dtaWsiLCJVc2VyTmFtZSI6InNyZWUiLCJFbWFpbCI6InNiaG93bWlrY3NlMDhAZ21haWwuY29tIiwibmJmIjoxNjgyNTg0NzQxLCJleHAiOjE2ODI2MjA3NDF9.hmWCNShEn9RkQONJ-fHFPi8Vse20saguiUDLxsknhns",
    "expires_in": 36000,
    "token_type": "bearer",
    "error": "",
    "error_description": "",
    "user": {
      "Id": "9b949c31-13dd-4c8a-b758-38dfe9ee79ac",
      "FullName": "sree",
      "UserName": "sree",
      "Email": "sbhowmikcse08@gmail.com",
      "UserRole": "Admin"
    }
  }
}

[2023-04-27 12:39:01.488] [Information] () <SB.Security.Service.SecurityLogService> Login api method response is: 
{
  "Success": true,
  "Message": "Authentation success!",
  "MessageType": 1,
  "ResponseCode": 200,
  "Result": {
    "access_token": "eyJhbGciOiJIUzI1NiIsInR5cCI6IkpXVCJ9.eyJzdWIiOiJKV1RTZXJ2aWNlQWNjZXNzVG9rZW4iLCJqdGkiOiI1NDU3MjFhZS0xZWI3LTQzNzctOTEyZC00N2Y5NTgwNzVjZGMiLCJpYXQiOjE2ODI1ODQ3NDEsIlVzZXJJZCI6IjliOTQ5YzMxLTEzZGQtNGM4YS1iNzU4LTM4ZGZlOWVlNzlhYyIsIkZ1bGxOYW1lIjoiU3JlZW1vbnRhIEJob3dtaWsiLCJVc2VyTmFtZSI6InNyZWUiLCJFbWFpbCI6InNiaG93bWlrY3NlMDhAZ21haWwuY29tIiwibmJmIjoxNjgyNTg0NzQxLCJleHAiOjE2ODI2MjA3NDF9.hmWCNShEn9RkQONJ-fHFPi8Vse20saguiUDLxsknhns",
    "expires_in": 36000,
    "token_type": "bearer",
    "error": "",
    "error_description": "",
    "user": {
      "Id": "9b949c31-13dd-4c8a-b758-38dfe9ee79ac",
      "FullName": "sree",
      "UserName": "sree",
      "Email": "sbhowmikcse08@gmail.com",
      "UserRole": "Admin"
    }
  }
}

[2023-04-27 12:39:01.489] [Information] () <Serilog.AspNetCore.RequestLoggingMiddleware> HTTP "POST" "/api/User/login" responded 200 in 85.3836 ms
[2023-04-27 12:42:20.015] [Information] () <SB.Security.Service.SecurityLogService> Login api method started.

[2023-04-27 12:42:20.015] [Information] () <SB.Security.Service.SecurityLogService> Login api method request is: 
{
  "UserName": "sree",
  "Password": "password"
}

[2023-04-27 12:42:20.016] [Information] () <SB.Security.Service.SecurityLogService> Authenticate (User service) method request is: 
{
  "UserName": "sree",
  "Password": "password"
}

[2023-04-27 12:42:20.102] [Information] () <SB.Security.Service.SecurityLogService> Authenticate (User service) method response is: 
{
  "Success": true,
  "Message": "Authentation success!",
  "MessageType": 1,
  "ResponseCode": 200,
  "Result": {
    "access_token": "eyJhbGciOiJIUzI1NiIsInR5cCI6IkpXVCJ9.eyJzdWIiOiJKV1RTZXJ2aWNlQWNjZXNzVG9rZW4iLCJqdGkiOiJhOTBlNzU0NS0zNTkzLTQ3NWEtODY1ZS0yZjhkOWJhYTAxOWYiLCJpYXQiOjE2ODI1ODQ5NDAsIlVzZXJJZCI6IjliOTQ5YzMxLTEzZGQtNGM4YS1iNzU4LTM4ZGZlOWVlNzlhYyIsIkZ1bGxOYW1lIjoiU3JlZW1vbnRhIEJob3dtaWsiLCJVc2VyTmFtZSI6InNyZWUiLCJFbWFpbCI6InNiaG93bWlrY3NlMDhAZ21haWwuY29tIiwibmJmIjoxNjgyNTg0OTQwLCJleHAiOjE2ODI2MjA5NDB9.a8GCNCHgA9hnkk8vNDYbkWKo128jOCvRIu8DDubjSBc",
    "expires_in": 36000,
    "token_type": "bearer",
    "error": "",
    "error_description": "",
    "user": {
      "Id": "9b949c31-13dd-4c8a-b758-38dfe9ee79ac",
      "FullName": "sree",
      "UserName": "sree",
      "Email": "sbhowmikcse08@gmail.com",
      "UserRole": "Admin"
    }
  }
}

[2023-04-27 12:42:20.104] [Information] () <SB.Security.Service.SecurityLogService> Login api method response is: 
{
  "Success": true,
  "Message": "Authentation success!",
  "MessageType": 1,
  "ResponseCode": 200,
  "Result": {
    "access_token": "eyJhbGciOiJIUzI1NiIsInR5cCI6IkpXVCJ9.eyJzdWIiOiJKV1RTZXJ2aWNlQWNjZXNzVG9rZW4iLCJqdGkiOiJhOTBlNzU0NS0zNTkzLTQ3NWEtODY1ZS0yZjhkOWJhYTAxOWYiLCJpYXQiOjE2ODI1ODQ5NDAsIlVzZXJJZCI6IjliOTQ5YzMxLTEzZGQtNGM4YS1iNzU4LTM4ZGZlOWVlNzlhYyIsIkZ1bGxOYW1lIjoiU3JlZW1vbnRhIEJob3dtaWsiLCJVc2VyTmFtZSI6InNyZWUiLCJFbWFpbCI6InNiaG93bWlrY3NlMDhAZ21haWwuY29tIiwibmJmIjoxNjgyNTg0OTQwLCJleHAiOjE2ODI2MjA5NDB9.a8GCNCHgA9hnkk8vNDYbkWKo128jOCvRIu8DDubjSBc",
    "expires_in": 36000,
    "token_type": "bearer",
    "error": "",
    "error_description": "",
    "user": {
      "Id": "9b949c31-13dd-4c8a-b758-38dfe9ee79ac",
      "FullName": "sree",
      "UserName": "sree",
      "Email": "sbhowmikcse08@gmail.com",
      "UserRole": "Admin"
    }
  }
}

[2023-04-27 12:42:20.106] [Information] () <Serilog.AspNetCore.RequestLoggingMiddleware> HTTP "POST" "/api/User/login" responded 200 in 91.0249 ms
