[2026-05-31 00:04:46.486] [Debug] () <Microsoft.AspNetCore.Authentication.JwtBearer.JwtBearerHandler> Successfully validated the token.
[2026-05-31 00:04:46.525] [Debug] () <Microsoft.AspNetCore.Authentication.JwtBearer.JwtBearerHandler> AuthenticationScheme: "Bearer" was successfully authenticated.
[2026-05-31 00:04:46.550] [Information] () <> GetAllEmployeesPagingWithSearchAsync api method request: 
{"SearchTerm":"","SortColumnName":"EmployeeCode","SortColumnDirection":"asc","PageNumber":1,"PageSize":10}

[2026-05-31 00:04:46.676] [Information] () <Serilog.AspNetCore.RequestLoggingMiddleware> HTTP "GET" "/api/v1/Employee/getAllEmployeesPagingWithSearch" responded 200 in 191.0727 ms
[2026-05-31 00:04:58.990] [Debug] () <Microsoft.AspNetCore.Authentication.JwtBearer.JwtBearerHandler> Successfully validated the token.
[2026-05-31 00:04:58.991] [Debug] () <Microsoft.AspNetCore.Authentication.JwtBearer.JwtBearerHandler> AuthenticationScheme: "Bearer" was successfully authenticated.
[2026-05-31 00:04:58.994] [Information] () <> GetEmployeeByIdAsync api method request: 
25f78cec-2242-402a-931f-afea2078ed10

[2026-05-31 00:04:58.996] [Debug] () <Microsoft.AspNetCore.Authentication.JwtBearer.JwtBearerHandler> Successfully validated the token.
[2026-05-31 00:04:58.996] [Debug] () <Microsoft.AspNetCore.Authentication.JwtBearer.JwtBearerHandler> AuthenticationScheme: "Bearer" was successfully authenticated.
[2026-05-31 00:04:58.998] [Information] () <> GetEmployeeInitialDataAsync api method started.
[2026-05-31 00:04:59.110] [Information] () <Serilog.AspNetCore.RequestLoggingMiddleware> HTTP "GET" "/api/v1/Employee/getEmployeeById" responded 200 in 121.0291 ms
[2026-05-31 00:04:59.177] [Information] () <> GetEmployeeInitialDataAsync api method response: 
{
  "Success": true,
  "Message": "Employee initial data fetched.",
  "MessageType": 1,
  "ResponseCode": 200,
  "Result": {
    "Departments": [
      {
        "Id": "28260DA1-0BB1-4842-A3EC-786F859DC5CA",
        "Name": "Administration"
      },
      {
        "Id": "1F8FD7EE-C9C4-484B-AEB9-3F81F2C04609",
        "Name": "Engineering"
      },
      {
        "Id": "729197EE-0A7E-4910-81A1-BE9060A51AE7",
        "Name": "Finance"
      },
      {
        "Id": "2B3C7610-F979-48F0-881C-44B9F3C93555",
        "Name": "Human Resources"
      },
      {
        "Id": "5232EA50-7B93-4559-8EB6-DC5F3BD78A09",
        "Name": "Operations"
      }
    ],
    "Designations": [
      {
        "Id": "82B5F6D0-5403-48D0-8D1C-8EF510762631",
        "Name": "Accountant"
      },
      {
        "Id": "4E2E6864-B92C-4224-8BEF-20F7E72DF648",
        "Name": "Chief Executive Officer"
      },
      {
        "Id": "60BBB9DB-3A9E-4560-BB0F-C93DBAF9C7DB",
        "Name": "HR Manager"
      },
      {
        "Id": "F2597DAE-B3C6-47BB-B2A1-5CAA5DCFD770",
        "Name": "Intern"
      },
      {
        "Id": "E619D48F-BD89-404F-A406-F466F1B62088",
        "Name": "Manager"
      },
      {
        "Id": "51DA7CD0-7D22-4C3B-A01E-21E1EAFD27E9",
        "Name": "Senior Engineer"
      },
      {
        "Id": "368C0E9B-E60D-40CF-912C-43744DB1B19F",
        "Name": "Software Engineer"
      },
      {
        "Id": "F46D487D-F446-4E3C-B06F-8263DC854C89",
        "Name": "Team Lead"
      }
    ],
    "ReportingManagers": [],
    "Genders": [
      {
        "Id": "1",
        "Name": "Male"
      },
      {
        "Id": "2",
        "Name": "Female"
      },
      {
        "Id": "3",
        "Name": "Other"
      }
    ],
    "MaritalStatuses": [
      {
        "Id": "1",
        "Name": "Single"
      },
      {
        "Id": "2",
        "Name": "Married"
      },
      {
        "Id": "3",
        "Name": "Divorced"
      },
      {
        "Id": "4",
        "Name": "Widowed"
      },
      {
        "Id": "5",
        "Name": "Separated"
      }
    ],
    "BloodGroups": [
      {
        "Id": "1",
        "Name": "A+"
      },
      {
        "Id": "2",
        "Name": "A-"
      },
      {
        "Id": "3",
        "Name": "B+"
      },
      {
        "Id": "4",
        "Name": "B-"
      },
      {
        "Id": "5",
        "Name": "AB+"
      },
      {
        "Id": "6",
        "Name": "AB-"
      },
      {
        "Id": "7",
        "Name": "O+"
      },
      {
        "Id": "8",
        "Name": "O-"
      }
    ],
    "EmploymentTypes": [
      {
        "Id": "1",
        "Name": "Full Time"
      },
      {
        "Id": "2",
        "Name": "Part Time"
      },
      {
        "Id": "3",
        "Name": "Contract"
      },
      {
        "Id": "4",
        "Name": "Intern"
      },
      {
        "Id": "5",
        "Name": "Consultant"
      },
      {
        "Id": "6",
        "Name": "Probation"
      }
    ],
    "EmploymentStatuses": [
      {
        "Id": "1",
        "Name": "Active"
      },
      {
        "Id": "2",
        "Name": "On Leave"
      },
      {
        "Id": "3",
        "Name": "Suspended"
      },
      {
        "Id": "4",
        "Name": "Resigned"
      },
      {
        "Id": "5",
        "Name": "Terminated"
      },
      {
        "Id": "6",
        "Name": "Retired"
      }
    ],
    "NextEmployeeCode": "EMP-0002"
  }
}

[2026-05-31 00:04:59.180] [Information] () <Serilog.AspNetCore.RequestLoggingMiddleware> HTTP "GET" "/api/v1/Employee/getEmployeeInitialData" responded 200 in 184.8808 ms
[2026-05-31 00:07:51.089] [Debug] () <Microsoft.AspNetCore.Authentication.JwtBearer.JwtBearerHandler> Successfully validated the token.
[2026-05-31 00:07:51.091] [Debug] () <Microsoft.AspNetCore.Authentication.JwtBearer.JwtBearerHandler> AuthenticationScheme: "Bearer" was successfully authenticated.
[2026-05-31 00:07:51.099] [Information] () <> GetAllEmployeesPagingWithSearchAsync api method request: 
{"SearchTerm":"","SortColumnName":"EmployeeCode","SortColumnDirection":"asc","PageNumber":1,"PageSize":10}

[2026-05-31 00:07:51.233] [Information] () <Serilog.AspNetCore.RequestLoggingMiddleware> HTTP "GET" "/api/v1/Employee/getAllEmployeesPagingWithSearch" responded 200 in 144.2997 ms
[2026-05-31 00:07:54.283] [Debug] () <Microsoft.AspNetCore.Authentication.JwtBearer.JwtBearerHandler> Successfully validated the token.
[2026-05-31 00:07:54.284] [Debug] () <Microsoft.AspNetCore.Authentication.JwtBearer.JwtBearerHandler> AuthenticationScheme: "Bearer" was successfully authenticated.
[2026-05-31 00:07:54.285] [Information] () <> GetEmployeeByIdAsync api method request: 
25f78cec-2242-402a-931f-afea2078ed10

[2026-05-31 00:07:54.330] [Debug] () <Microsoft.AspNetCore.Authentication.JwtBearer.JwtBearerHandler> Successfully validated the token.
[2026-05-31 00:07:54.330] [Debug] () <Microsoft.AspNetCore.Authentication.JwtBearer.JwtBearerHandler> AuthenticationScheme: "Bearer" was successfully authenticated.
[2026-05-31 00:07:54.332] [Information] () <> GetEmployeeInitialDataAsync api method started.
[2026-05-31 00:07:54.414] [Information] () <Serilog.AspNetCore.RequestLoggingMiddleware> HTTP "GET" "/api/v1/Employee/getEmployeeById" responded 200 in 131.4598 ms
[2026-05-31 00:07:54.440] [Information] () <> GetEmployeeInitialDataAsync api method response: 
{
  "Success": true,
  "Message": "Employee initial data fetched.",
  "MessageType": 1,
  "ResponseCode": 200,
  "Result": {
    "Departments": [
      {
        "Id": "28260DA1-0BB1-4842-A3EC-786F859DC5CA",
        "Name": "Administration"
      },
      {
        "Id": "1F8FD7EE-C9C4-484B-AEB9-3F81F2C04609",
        "Name": "Engineering"
      },
      {
        "Id": "729197EE-0A7E-4910-81A1-BE9060A51AE7",
        "Name": "Finance"
      },
      {
        "Id": "2B3C7610-F979-48F0-881C-44B9F3C93555",
        "Name": "Human Resources"
      },
      {
        "Id": "5232EA50-7B93-4559-8EB6-DC5F3BD78A09",
        "Name": "Operations"
      }
    ],
    "Designations": [
      {
        "Id": "82B5F6D0-5403-48D0-8D1C-8EF510762631",
        "Name": "Accountant"
      },
      {
        "Id": "4E2E6864-B92C-4224-8BEF-20F7E72DF648",
        "Name": "Chief Executive Officer"
      },
      {
        "Id": "60BBB9DB-3A9E-4560-BB0F-C93DBAF9C7DB",
        "Name": "HR Manager"
      },
      {
        "Id": "F2597DAE-B3C6-47BB-B2A1-5CAA5DCFD770",
        "Name": "Intern"
      },
      {
        "Id": "E619D48F-BD89-404F-A406-F466F1B62088",
        "Name": "Manager"
      },
      {
        "Id": "51DA7CD0-7D22-4C3B-A01E-21E1EAFD27E9",
        "Name": "Senior Engineer"
      },
      {
        "Id": "368C0E9B-E60D-40CF-912C-43744DB1B19F",
        "Name": "Software Engineer"
      },
      {
        "Id": "F46D487D-F446-4E3C-B06F-8263DC854C89",
        "Name": "Team Lead"
      }
    ],
    "ReportingManagers": [],
    "Genders": [
      {
        "Id": "1",
        "Name": "Male"
      },
      {
        "Id": "2",
        "Name": "Female"
      },
      {
        "Id": "3",
        "Name": "Other"
      }
    ],
    "MaritalStatuses": [
      {
        "Id": "1",
        "Name": "Single"
      },
      {
        "Id": "2",
        "Name": "Married"
      },
      {
        "Id": "3",
        "Name": "Divorced"
      },
      {
        "Id": "4",
        "Name": "Widowed"
      },
      {
        "Id": "5",
        "Name": "Separated"
      }
    ],
    "BloodGroups": [
      {
        "Id": "1",
        "Name": "A+"
      },
      {
        "Id": "2",
        "Name": "A-"
      },
      {
        "Id": "3",
        "Name": "B+"
      },
      {
        "Id": "4",
        "Name": "B-"
      },
      {
        "Id": "5",
        "Name": "AB+"
      },
      {
        "Id": "6",
        "Name": "AB-"
      },
      {
        "Id": "7",
        "Name": "O+"
      },
      {
        "Id": "8",
        "Name": "O-"
      }
    ],
    "EmploymentTypes": [
      {
        "Id": "1",
        "Name": "Full Time"
      },
      {
        "Id": "2",
        "Name": "Part Time"
      },
      {
        "Id": "3",
        "Name": "Contract"
      },
      {
        "Id": "4",
        "Name": "Intern"
      },
      {
        "Id": "5",
        "Name": "Consultant"
      },
      {
        "Id": "6",
        "Name": "Probation"
      }
    ],
    "EmploymentStatuses": [
      {
        "Id": "1",
        "Name": "Active"
      },
      {
        "Id": "2",
        "Name": "On Leave"
      },
      {
        "Id": "3",
        "Name": "Suspended"
      },
      {
        "Id": "4",
        "Name": "Resigned"
      },
      {
        "Id": "5",
        "Name": "Terminated"
      },
      {
        "Id": "6",
        "Name": "Retired"
      }
    ],
    "NextEmployeeCode": "EMP-0002"
  }
}

[2026-05-31 00:07:54.442] [Information] () <Serilog.AspNetCore.RequestLoggingMiddleware> HTTP "GET" "/api/v1/Employee/getEmployeeInitialData" responded 200 in 112.9839 ms
[2026-05-31 00:07:59.166] [Debug] () <Microsoft.AspNetCore.Authentication.JwtBearer.JwtBearerHandler> Successfully validated the token.
[2026-05-31 00:07:59.166] [Debug] () <Microsoft.AspNetCore.Authentication.JwtBearer.JwtBearerHandler> AuthenticationScheme: "Bearer" was successfully authenticated.
[2026-05-31 00:07:59.168] [Information] () <> GetAllEmployeesPagingWithSearchAsync api method request: 
{"SearchTerm":"","SortColumnName":"EmployeeCode","SortColumnDirection":"asc","PageNumber":1,"PageSize":10}

[2026-05-31 00:07:59.176] [Information] () <Serilog.AspNetCore.RequestLoggingMiddleware> HTTP "GET" "/api/v1/Employee/getAllEmployeesPagingWithSearch" responded 200 in 10.8584 ms
[2026-05-31 00:08:23.083] [Debug] () <Microsoft.AspNetCore.Authentication.JwtBearer.JwtBearerHandler> Successfully validated the token.
[2026-05-31 00:08:23.083] [Debug] () <Microsoft.AspNetCore.Authentication.JwtBearer.JwtBearerHandler> AuthenticationScheme: "Bearer" was successfully authenticated.
[2026-05-31 00:08:23.084] [Information] () <> GetAllEmployeesPagingWithSearchAsync api method request: 
{"SearchTerm":"","SortColumnName":"EmployeeCode","SortColumnDirection":"asc","PageNumber":1,"PageSize":10}

[2026-05-31 00:08:23.161] [Information] () <Serilog.AspNetCore.RequestLoggingMiddleware> HTTP "GET" "/api/v1/Employee/getAllEmployeesPagingWithSearch" responded 200 in 78.5710 ms
[2026-05-31 00:08:28.257] [Debug] () <Microsoft.AspNetCore.Authentication.JwtBearer.JwtBearerHandler> Successfully validated the token.
[2026-05-31 00:08:28.257] [Debug] () <Microsoft.AspNetCore.Authentication.JwtBearer.JwtBearerHandler> AuthenticationScheme: "Bearer" was successfully authenticated.
[2026-05-31 00:08:28.260] [Information] () <> GetEmployeeInitialDataAsync api method started.
[2026-05-31 00:08:28.574] [Information] () <> GetEmployeeInitialDataAsync api method response: 
{
  "Success": true,
  "Message": "Employee initial data fetched.",
  "MessageType": 1,
  "ResponseCode": 200,
  "Result": {
    "Departments": [
      {
        "Id": "28260DA1-0BB1-4842-A3EC-786F859DC5CA",
        "Name": "Administration"
      },
      {
        "Id": "1F8FD7EE-C9C4-484B-AEB9-3F81F2C04609",
        "Name": "Engineering"
      },
      {
        "Id": "729197EE-0A7E-4910-81A1-BE9060A51AE7",
        "Name": "Finance"
      },
      {
        "Id": "2B3C7610-F979-48F0-881C-44B9F3C93555",
        "Name": "Human Resources"
      },
      {
        "Id": "5232EA50-7B93-4559-8EB6-DC5F3BD78A09",
        "Name": "Operations"
      }
    ],
    "Designations": [
      {
        "Id": "82B5F6D0-5403-48D0-8D1C-8EF510762631",
        "Name": "Accountant"
      },
      {
        "Id": "4E2E6864-B92C-4224-8BEF-20F7E72DF648",
        "Name": "Chief Executive Officer"
      },
      {
        "Id": "60BBB9DB-3A9E-4560-BB0F-C93DBAF9C7DB",
        "Name": "HR Manager"
      },
      {
        "Id": "F2597DAE-B3C6-47BB-B2A1-5CAA5DCFD770",
        "Name": "Intern"
      },
      {
        "Id": "E619D48F-BD89-404F-A406-F466F1B62088",
        "Name": "Manager"
      },
      {
        "Id": "51DA7CD0-7D22-4C3B-A01E-21E1EAFD27E9",
        "Name": "Senior Engineer"
      },
      {
        "Id": "368C0E9B-E60D-40CF-912C-43744DB1B19F",
        "Name": "Software Engineer"
      },
      {
        "Id": "F46D487D-F446-4E3C-B06F-8263DC854C89",
        "Name": "Team Lead"
      }
    ],
    "ReportingManagers": [],
    "Genders": [
      {
        "Id": "1",
        "Name": "Male"
      },
      {
        "Id": "2",
        "Name": "Female"
      },
      {
        "Id": "3",
        "Name": "Other"
      }
    ],
    "MaritalStatuses": [
      {
        "Id": "1",
        "Name": "Single"
      },
      {
        "Id": "2",
        "Name": "Married"
      },
      {
        "Id": "3",
        "Name": "Divorced"
      },
      {
        "Id": "4",
        "Name": "Widowed"
      },
      {
        "Id": "5",
        "Name": "Separated"
      }
    ],
    "BloodGroups": [
      {
        "Id": "1",
        "Name": "A+"
      },
      {
        "Id": "2",
        "Name": "A-"
      },
      {
        "Id": "3",
        "Name": "B+"
      },
      {
        "Id": "4",
        "Name": "B-"
      },
      {
        "Id": "5",
        "Name": "AB+"
      },
      {
        "Id": "6",
        "Name": "AB-"
      },
      {
        "Id": "7",
        "Name": "O+"
      },
      {
        "Id": "8",
        "Name": "O-"
      }
    ],
    "EmploymentTypes": [
      {
        "Id": "1",
        "Name": "Full Time"
      },
      {
        "Id": "2",
        "Name": "Part Time"
      },
      {
        "Id": "3",
        "Name": "Contract"
      },
      {
        "Id": "4",
        "Name": "Intern"
      },
      {
        "Id": "5",
        "Name": "Consultant"
      },
      {
        "Id": "6",
        "Name": "Probation"
      }
    ],
    "EmploymentStatuses": [
      {
        "Id": "1",
        "Name": "Active"
      },
      {
        "Id": "2",
        "Name": "On Leave"
      },
      {
        "Id": "3",
        "Name": "Suspended"
      },
      {
        "Id": "4",
        "Name": "Resigned"
      },
      {
        "Id": "5",
        "Name": "Terminated"
      },
      {
        "Id": "6",
        "Name": "Retired"
      }
    ],
    "NextEmployeeCode": "EMP-0002"
  }
}

[2026-05-31 00:08:28.595] [Information] () <Serilog.AspNetCore.RequestLoggingMiddleware> HTTP "GET" "/api/v1/Employee/getEmployeeInitialData" responded 200 in 339.0394 ms
[2026-05-31 00:08:29.441] [Debug] () <Microsoft.AspNetCore.Authentication.JwtBearer.JwtBearerHandler> Successfully validated the token.
[2026-05-31 00:08:29.441] [Debug] () <Microsoft.AspNetCore.Authentication.JwtBearer.JwtBearerHandler> AuthenticationScheme: "Bearer" was successfully authenticated.
[2026-05-31 00:08:29.448] [Information] () <> GetEmployeeByIdAsync api method request: 
25f78cec-2242-402a-931f-afea2078ed10

[2026-05-31 00:08:29.665] [Information] () <Serilog.AspNetCore.RequestLoggingMiddleware> HTTP "GET" "/api/v1/Employee/getEmployeeById" responded 200 in 224.6553 ms
[2026-05-31 01:45:52.673] [Debug] () <Microsoft.AspNetCore.Authentication.JwtBearer.JwtBearerHandler> Successfully validated the token.
[2026-05-31 01:45:52.691] [Debug] () <Microsoft.AspNetCore.Authentication.JwtBearer.JwtBearerHandler> AuthenticationScheme: "Bearer" was successfully authenticated.
[2026-05-31 01:45:52.704] [Information] () <> GetAllEmployeesPagingWithSearchAsync api method request: 
{"SearchTerm":"","SortColumnName":"EmployeeCode","SortColumnDirection":"asc","PageNumber":1,"PageSize":10}

[2026-05-31 01:45:52.993] [Information] () <Serilog.AspNetCore.RequestLoggingMiddleware> HTTP "GET" "/api/v1/Employee/getAllEmployeesPagingWithSearch" responded 200 in 321.1807 ms
[2026-05-31 01:45:59.078] [Debug] () <Microsoft.AspNetCore.Authentication.JwtBearer.JwtBearerHandler> Successfully validated the token.
[2026-05-31 01:45:59.079] [Debug] () <Microsoft.AspNetCore.Authentication.JwtBearer.JwtBearerHandler> AuthenticationScheme: "Bearer" was successfully authenticated.
[2026-05-31 01:45:59.085] [Information] () <> GetEmployeeInitialDataAsync api method started.
[2026-05-31 01:45:59.095] [Debug] () <Microsoft.AspNetCore.Authentication.JwtBearer.JwtBearerHandler> Successfully validated the token.
[2026-05-31 01:45:59.095] [Debug] () <Microsoft.AspNetCore.Authentication.JwtBearer.JwtBearerHandler> AuthenticationScheme: "Bearer" was successfully authenticated.
[2026-05-31 01:45:59.096] [Information] () <> GetEmployeeByIdAsync api method request: 
25f78cec-2242-402a-931f-afea2078ed10

[2026-05-31 01:45:59.461] [Information] () <Serilog.AspNetCore.RequestLoggingMiddleware> HTTP "GET" "/api/v1/Employee/getEmployeeById" responded 200 in 367.0613 ms
[2026-05-31 01:45:59.524] [Information] () <> GetEmployeeInitialDataAsync api method response: 
{
  "Success": true,
  "Message": "Employee initial data fetched.",
  "MessageType": 1,
  "ResponseCode": 200,
  "Result": {
    "Departments": [
      {
        "Id": "28260DA1-0BB1-4842-A3EC-786F859DC5CA",
        "Name": "Administration"
      },
      {
        "Id": "1F8FD7EE-C9C4-484B-AEB9-3F81F2C04609",
        "Name": "Engineering"
      },
      {
        "Id": "729197EE-0A7E-4910-81A1-BE9060A51AE7",
        "Name": "Finance"
      },
      {
        "Id": "2B3C7610-F979-48F0-881C-44B9F3C93555",
        "Name": "Human Resources"
      },
      {
        "Id": "5232EA50-7B93-4559-8EB6-DC5F3BD78A09",
        "Name": "Operations"
      }
    ],
    "Designations": [
      {
        "Id": "82B5F6D0-5403-48D0-8D1C-8EF510762631",
        "Name": "Accountant"
      },
      {
        "Id": "4E2E6864-B92C-4224-8BEF-20F7E72DF648",
        "Name": "Chief Executive Officer"
      },
      {
        "Id": "60BBB9DB-3A9E-4560-BB0F-C93DBAF9C7DB",
        "Name": "HR Manager"
      },
      {
        "Id": "F2597DAE-B3C6-47BB-B2A1-5CAA5DCFD770",
        "Name": "Intern"
      },
      {
        "Id": "E619D48F-BD89-404F-A406-F466F1B62088",
        "Name": "Manager"
      },
      {
        "Id": "51DA7CD0-7D22-4C3B-A01E-21E1EAFD27E9",
        "Name": "Senior Engineer"
      },
      {
        "Id": "368C0E9B-E60D-40CF-912C-43744DB1B19F",
        "Name": "Software Engineer"
      },
      {
        "Id": "F46D487D-F446-4E3C-B06F-8263DC854C89",
        "Name": "Team Lead"
      }
    ],
    "ReportingManagers": [],
    "Genders": [
      {
        "Id": "1",
        "Name": "Male"
      },
      {
        "Id": "2",
        "Name": "Female"
      },
      {
        "Id": "3",
        "Name": "Other"
      }
    ],
    "MaritalStatuses": [
      {
        "Id": "1",
        "Name": "Single"
      },
      {
        "Id": "2",
        "Name": "Married"
      },
      {
        "Id": "3",
        "Name": "Divorced"
      },
      {
        "Id": "4",
        "Name": "Widowed"
      },
      {
        "Id": "5",
        "Name": "Separated"
      }
    ],
    "BloodGroups": [
      {
        "Id": "1",
        "Name": "A+"
      },
      {
        "Id": "2",
        "Name": "A-"
      },
      {
        "Id": "3",
        "Name": "B+"
      },
      {
        "Id": "4",
        "Name": "B-"
      },
      {
        "Id": "5",
        "Name": "AB+"
      },
      {
        "Id": "6",
        "Name": "AB-"
      },
      {
        "Id": "7",
        "Name": "O+"
      },
      {
        "Id": "8",
        "Name": "O-"
      }
    ],
    "EmploymentTypes": [
      {
        "Id": "1",
        "Name": "Full Time"
      },
      {
        "Id": "2",
        "Name": "Part Time"
      },
      {
        "Id": "3",
        "Name": "Contract"
      },
      {
        "Id": "4",
        "Name": "Intern"
      },
      {
        "Id": "5",
        "Name": "Consultant"
      },
      {
        "Id": "6",
        "Name": "Probation"
      }
    ],
    "EmploymentStatuses": [
      {
        "Id": "1",
        "Name": "Active"
      },
      {
        "Id": "2",
        "Name": "On Leave"
      },
      {
        "Id": "3",
        "Name": "Suspended"
      },
      {
        "Id": "4",
        "Name": "Resigned"
      },
      {
        "Id": "5",
        "Name": "Terminated"
      },
      {
        "Id": "6",
        "Name": "Retired"
      }
    ],
    "NextEmployeeCode": "EMP-0002"
  }
}

[2026-05-31 01:45:59.526] [Information] () <Serilog.AspNetCore.RequestLoggingMiddleware> HTTP "GET" "/api/v1/Employee/getEmployeeInitialData" responded 200 in 448.0266 ms
[2026-05-31 01:46:10.935] [Debug] () <Microsoft.AspNetCore.Authentication.JwtBearer.JwtBearerHandler> Successfully validated the token.
[2026-05-31 01:46:10.935] [Debug] () <Microsoft.AspNetCore.Authentication.JwtBearer.JwtBearerHandler> AuthenticationScheme: "Bearer" was successfully authenticated.
[2026-05-31 01:46:11.304] [Information] () <> UpdateEmployeeAsync api method request: 
{
  "ActionName": "Update",
  "Id": "25f78cec-2242-402a-931f-afea2078ed10",
  "EmployeeCode": "EMP-0001",
  "AppUserId": null,
  "FirstName": "Sreemonta",
  "MiddleName": null,
  "LastName": "Bhowmik",
  "OfficialEmail": "sreemonta.bhowmik@gmail.com",
  "PersonalEmail": "sreemonta.bhowmik@gmail.com",
  "DateOfBirth": "2000-01-03T00:00:00",
  "Gender": 1,
  "MaritalStatus": 2,
  "BloodGroup": 7,
  "Nationality": "Bangladesh",
  "Religion": null,
  "NationalId": "877639237434",
  "PassportNumber": "A09376",
  "PassportExpiryDate": null,
  "MobileNumber": "+971505518307",
  "AlternatePhoneNumber": "+971505518307",
  "DepartmentId": "1f8fd7ee-c9c4-484b-aeb9-3f81f2c04609",
  "DesignationId": "51da7cd0-7d22-4c3b-a01e-21e1eafd27e9",
  "ReportingManagerId": null,
  "DateOfJoining": "2026-05-14T00:00:00",
  "ProbationEndDate": "2026-05-31T00:00:00",
  "ConfirmationDate": "2026-07-03T00:00:00",
  "DateOfLeaving": null,
  "EmploymentType": 1,
  "EmploymentStatus": 2,
  "WorkLocation": "Dhaka",
  "BasicSalary": 20000.0,
  "SalaryCurrency": null,
  "PhotoUrl": null,
  "SignatureUrl": null,
  "CreateUpdateBy": "c047d662-9f0e-4358-b323-15ec3081312c",
  "IsActive": true,
  "Addresses": [
    {
      "Id": "ca29cace-2a79-434c-a078-c1720478879a",
      "AddressType": 1,
      "Line1": "Dhaka",
      "Line2": "BD",
      "City": "Dhaka",
      "State": "Dhaka",
      "Country": "Bangladesh",
      "PostalCode": "456543",
      "IsPrimary": null,
      "IsActive": true
    }
  ],
  "Educations": [
    {
      "Id": "05a08813-7ad2-4100-a617-04584dd74931",
      "Qualification": "B.Tech",
      "Institution": "SIT",
      "University": "WBUT",
      "Specialization": "CSE",
      "StartYear": 2004,
      "EndYear": 2008,
      "Grade": 7.52,
      "DocumentUrl": null,
      "IsActive": true
    }
  ],
  "Experiences": [
    {
      "Id": "47d77027-fb4b-4053-a79c-093d0de761b7",
      "CompanyName": "Lead Soft",
      "Designation": "Senior Architect",
      "StartDate": "2026-05-01T00:00:00",
      "EndDate": "2026-05-19T00:00:00",
      "Responsibilities": "eerff",
      "Location": null,
      "IsActive": true
    }
  ],
  "Skills": [
    {
      "Id": "bb5e0e78-7f82-47c7-8a30-7da29d2db896",
      "SkillName": "C#",
      "ProficiencyLevel": "Expert",
      "YearsOfExperience": 8,
      "IsActive": true
    }
  ],
  "Trainings": [
    {
      "Id": "55e9a4b8-1afd-46f0-8e38-b836f9e5cbfe",
      "TrainingName": "ASP.NET Training",
      "Provider": "BIBTM",
      "StartDate": "2026-05-01T00:00:00",
      "EndDate": "2026-05-20T00:00:00",
      "Outcome": null,
      "CertificateUrl": null,
      "IsActive": true
    }
  ],
  "Certifications": [],
  "Documents": [
    {
      "Id": "f8ea21af-cefb-42dc-b196-4c8af6fca433",
      "DocumentType": "A495784",
      "DocumentNumber": "34343434",
      "FileUrl": null,
      "IssueDate": "2026-01-01T00:00:00",
      "ExpiryDate": "2026-02-04T00:00:00",
      "Remark": null,
      "IsActive": true
    }
  ],
  "EmergencyContacts": [
    {
      "Id": "485349e2-ae81-4136-a657-902b2cc6cd65",
      "Name": "Anannya Rohine",
      "Relationship": "Spouse",
      "PrimaryPhone": "+97505518307",
      "AlternatePhone": null,
      "Email": "sreemonta.bhowmik@gmail.com",
      "Address": null,
      "IsPrimary": null,
      "IsActive": true
    }
  ],
  "BankInfo": {
    "Id": "6bf3ab05-54d0-465a-a880-1ee37939be7d",
    "BankName": "ICIC Bank",
    "BranchName": "Shyamoli",
    "AccountHolderName": "Sreemonta Bhowmik",
    "AccountNumber": "345675432",
    "IbanNumber": "IBN356543",
    "SwiftCode": "DBBL67363",
    "RoutingNumber": "",
    "Currency": "BDT",
    "IsActive": true
  }
}

[2026-05-31 01:46:12.857] [Warning] () <Microsoft.EntityFrameworkCore.Query> Compiling a query which loads related collections for more than one collection navigation, either via 'Include' or through projection, but no 'QuerySplittingBehavior' has been configured. By default, Entity Framework will use 'QuerySplittingBehavior.SingleQuery', which can potentially result in slow query performance. See https://go.microsoft.com/fwlink/?linkid=2134277 for more information. To identify the query that's triggering this warning call 'ConfigureWarnings(w => w.Throw(RelationalEventId.MultipleCollectionIncludeWarning))'.
[2026-05-31 01:46:13.378] [Information] () <Microsoft.EntityFrameworkCore.Database.Command> Executed DbCommand ("50"ms) [Parameters=["@id='?' (DbType = Guid)"], CommandType='Text', CommandTimeout='30']"
""SELECT [s].[Id], [s].[AlternatePhoneNumber], [s].[AppUserId], [s].[BasicSalary], [s].[BloodGroup], [s].[ConfirmationDate], [s].[CreatedBy], [s].[CreatedDate], [s].[DateOfBirth], [s].[DateOfJoining], [s].[DateOfLeaving], [s].[DepartmentId], [s].[DesignationId], [s].[EmployeeCode], [s].[EmploymentStatus], [s].[EmploymentType], [s].[FirstName], [s].[FullName], [s].[Gender], [s].[IsActive], [s].[LastName], [s].[MaritalStatus], [s].[MiddleName], [s].[MobileNumber], [s].[NationalId], [s].[Nationality], [s].[OfficialEmail], [s].[PassportExpiryDate], [s].[PassportNumber], [s].[PersonalEmail], [s].[PhotoUrl], [s].[ProbationEndDate], [s].[Religion], [s].[ReportingManagerId], [s].[SalaryCurrency], [s].[SignatureUrl], [s].[UpdatedBy], [s].[UpdatedDate], [s].[WorkLocation], [s].[Id0], [e1].[Id], [e1].[AddressType], [e1].[City], [e1].[Country], [e1].[CreatedBy], [e1].[CreatedDate], [e1].[EmployeeId], [e1].[IsActive], [e1].[IsPrimary], [e1].[Line1], [e1].[Line2], [e1].[PostalCode], [e1].[State], [e1].[UpdatedBy], [e1].[UpdatedDate], [e2].[Id], [e2].[CreatedBy], [e2].[CreatedDate], [e2].[DocumentUrl], [e2].[EmployeeId], [e2].[EndYear], [e2].[Grade], [e2].[Institution], [e2].[IsActive], [e2].[Qualification], [e2].[Specialization], [e2].[StartYear], [e2].[University], [e2].[UpdatedBy], [e2].[UpdatedDate], [e3].[Id], [e3].[CompanyName], [e3].[CreatedBy], [e3].[CreatedDate], [e3].[Designation], [e3].[EmployeeId], [e3].[EndDate], [e3].[IsActive], [e3].[Location], [e3].[Responsibilities], [e3].[StartDate], [e3].[UpdatedBy], [e3].[UpdatedDate], [e4].[Id], [e4].[CreatedBy], [e4].[CreatedDate], [e4].[EmployeeId], [e4].[IsActive], [e4].[ProficiencyLevel], [e4].[SkillName], [e4].[UpdatedBy], [e4].[UpdatedDate], [e4].[YearsOfExperience], [e5].[Id], [e5].[CertificateUrl], [e5].[CreatedBy], [e5].[CreatedDate], [e5].[EmployeeId], [e5].[EndDate], [e5].[IsActive], [e5].[Outcome], [e5].[Provider], [e5].[StartDate], [e5].[TrainingName], [e5].[UpdatedBy], [e5].[UpdatedDate], [e6].[Id], [e6].[CertificateUrl], [e6].[CertificationName], [e6].[CertificationNumber], [e6].[CreatedBy], [e6].[CreatedDate], [e6].[EmployeeId], [e6].[ExpiryDate], [e6].[IsActive], [e6].[IssueDate], [e6].[IssuingAuthority], [e6].[UpdatedBy], [e6].[UpdatedDate], [e7].[Id], [e7].[CreatedBy], [e7].[CreatedDate], [e7].[DocumentNumber], [e7].[DocumentType], [e7].[EmployeeId], [e7].[ExpiryDate], [e7].[FileUrl], [e7].[IsActive], [e7].[IssueDate], [e7].[Remark], [e7].[UpdatedBy], [e7].[UpdatedDate], [e8].[Id], [e8].[Address], [e8].[AlternatePhone], [e8].[CreatedBy], [e8].[CreatedDate], [e8].[Email], [e8].[EmployeeId], [e8].[IsActive], [e8].[IsPrimary], [e8].[Name], [e8].[PrimaryPhone], [e8].[Relationship], [e8].[UpdatedBy], [e8].[UpdatedDate], [s].[AccountHolderName], [s].[AccountNumber], [s].[BankName], [s].[BranchName], [s].[CreatedBy0], [s].[CreatedDate0], [s].[Currency], [s].[EmployeeId], [s].[IbanNumber], [s].[IsActive0], [s].[RoutingNumber], [s].[SwiftCode], [s].[UpdatedBy0], [s].[UpdatedDate0]
FROM (
    SELECT TOP(1) [e].[Id], [e].[AlternatePhoneNumber], [e].[AppUserId], [e].[BasicSalary], [e].[BloodGroup], [e].[ConfirmationDate], [e].[CreatedBy], [e].[CreatedDate], [e].[DateOfBirth], [e].[DateOfJoining], [e].[DateOfLeaving], [e].[DepartmentId], [e].[DesignationId], [e].[EmployeeCode], [e].[EmploymentStatus], [e].[EmploymentType], [e].[FirstName], [e].[FullName], [e].[Gender], [e].[IsActive], [e].[LastName], [e].[MaritalStatus], [e].[MiddleName], [e].[MobileNumber], [e].[NationalId], [e].[Nationality], [e].[OfficialEmail], [e].[PassportExpiryDate], [e].[PassportNumber], [e].[PersonalEmail], [e].[PhotoUrl], [e].[ProbationEndDate], [e].[Religion], [e].[ReportingManagerId], [e].[SalaryCurrency], [e].[SignatureUrl], [e].[UpdatedBy], [e].[UpdatedDate], [e].[WorkLocation], [e0].[Id] AS [Id0], [e0].[AccountHolderName], [e0].[AccountNumber], [e0].[BankName], [e0].[BranchName], [e0].[CreatedBy] AS [CreatedBy0], [e0].[CreatedDate] AS [CreatedDate0], [e0].[Currency], [e0].[EmployeeId], [e0].[IbanNumber], [e0].[IsActive] AS [IsActive0], [e0].[RoutingNumber], [e0].[SwiftCode], [e0].[UpdatedBy] AS [UpdatedBy0], [e0].[UpdatedDate] AS [UpdatedDate0]
    FROM [Employees] AS [e]
    LEFT JOIN [EmployeeBanks] AS [e0] ON [e].[Id] = [e0].[EmployeeId]
    WHERE [e].[Id] = @id
) AS [s]
LEFT JOIN [EmployeeAddresses] AS [e1] ON [s].[Id] = [e1].[EmployeeId]
LEFT JOIN [EmployeeEducations] AS [e2] ON [s].[Id] = [e2].[EmployeeId]
LEFT JOIN [EmployeeExperiences] AS [e3] ON [s].[Id] = [e3].[EmployeeId]
LEFT JOIN [EmployeeSkills] AS [e4] ON [s].[Id] = [e4].[EmployeeId]
LEFT JOIN [EmployeeTrainings] AS [e5] ON [s].[Id] = [e5].[EmployeeId]
LEFT JOIN [EmployeeCertifications] AS [e6] ON [s].[Id] = [e6].[EmployeeId]
LEFT JOIN [EmployeeDocuments] AS [e7] ON [s].[Id] = [e7].[EmployeeId]
LEFT JOIN [EmployeeEmergencyContacts] AS [e8] ON [s].[Id] = [e8].[EmployeeId]
ORDER BY [s].[Id], [s].[Id0], [e1].[Id], [e2].[Id], [e3].[Id], [e4].[Id], [e5].[Id], [e6].[Id], [e7].[Id]"
[2026-05-31 01:46:15.382] [Information] () <Microsoft.EntityFrameworkCore.Database.Command> Executed DbCommand ("245"ms) [Parameters=["@p0='?' (DbType = Guid), @p1='?' (DbType = Guid), @p2='?' (DbType = Guid), @p3='?' (DbType = Guid), @p4='?' (DbType = Guid), @p5='?' (DbType = Guid), @p6='?' (DbType = Guid), @p7='?' (DbType = Guid), @p10='?' (DbType = Guid), @p8='?' (DbType = DateTime), @p9='?' (DbType = DateTime)"], CommandType='Text', CommandTimeout='30']"
""SET NOCOUNT ON;
DELETE FROM [EmployeeAddresses]
OUTPUT 1
WHERE [Id] = @p0;
DELETE FROM [EmployeeBanks]
OUTPUT 1
WHERE [Id] = @p1;
DELETE FROM [EmployeeDocuments]
OUTPUT 1
WHERE [Id] = @p2;
DELETE FROM [EmployeeEducations]
OUTPUT 1
WHERE [Id] = @p3;
DELETE FROM [EmployeeEmergencyContacts]
OUTPUT 1
WHERE [Id] = @p4;
DELETE FROM [EmployeeExperiences]
OUTPUT 1
WHERE [Id] = @p5;
DELETE FROM [EmployeeSkills]
OUTPUT 1
WHERE [Id] = @p6;
DELETE FROM [EmployeeTrainings]
OUTPUT 1
WHERE [Id] = @p7;
UPDATE [Employees] SET [DateOfBirth] = @p8, [UpdatedDate] = @p9
WHERE [Id] = @p10;
SELECT @@ROWCOUNT;"
[2026-05-31 01:46:15.592] [Information] () <Microsoft.EntityFrameworkCore.Database.Command> Executed DbCommand ("59"ms) [Parameters=["@p0='?' (DbType = Guid), @p1='?' (DbType = Int32), @p2='?' (Size = 4000), @p3='?' (Size = 4000), @p4='?' (Size = 4000), @p5='?' (DbType = DateTime2), @p6='?' (DbType = Guid), @p7='?' (DbType = Boolean), @p8='?' (DbType = Boolean), @p9='?' (Size = 4000), @p10='?' (Size = 4000), @p11='?' (Size = 4000), @p12='?' (Size = 4000), @p13='?' (Size = 4000), @p14='?' (DbType = DateTime2), @p15='?' (DbType = Guid), @p16='?' (Size = 4000), @p17='?' (Size = 4000), @p18='?' (Size = 4000), @p19='?' (Size = 4000), @p20='?' (Size = 4000), @p21='?' (DbType = DateTime2), @p22='?' (Size = 4000), @p23='?' (DbType = Guid), @p24='?' (Size = 4000), @p25='?' (DbType = Boolean), @p26='?' (Size = 4000), @p27='?' (Size = 4000), @p28='?' (Size = 4000), @p29='?' (DbType = DateTime2), @p30='?' (DbType = Guid), @p31='?' (Size = 4000), @p32='?' (DbType = DateTime2), @p33='?' (Size = 4000), @p34='?' (Size = 4000), @p35='?' (DbType = Guid), @p36='?' (DbType = DateTime2), @p37='?' (Size = 4000), @p38='?' (DbType = Boolean), @p39='?' (DbType = DateTime2), @p40='?' (Size = 4000), @p41='?' (Size = 4000), @p42='?' (DbType = DateTime2), @p43='?' (DbType = Guid), @p44='?' (Size = 4000), @p45='?' (DbType = DateTime2), @p46='?' (Size = 4000), @p47='?' (DbType = Guid), @p48='?' (DbType = Int32), @p49='?' (Precision = 5) (Scale = 2) (DbType = Decimal), @p50='?' (Size = 4000), @p51='?' (DbType = Boolean), @p52='?' (Size = 4000), @p53='?' (Size = 4000), @p54='?' (DbType = Int32), @p55='?' (Size = 4000), @p56='?' (Size = 4000), @p57='?' (DbType = DateTime2), @p58='?' (DbType = Guid), @p59='?' (Size = 4000), @p60='?' (Size = 4000), @p61='?' (Size = 4000), @p62='?' (DbType = DateTime2), @p63='?' (Size = 4000), @p64='?' (DbType = Guid), @p65='?' (DbType = Boolean), @p66='?' (DbType = Boolean), @p67='?' (Size = 4000), @p68='?' (Size = 4000), @p69='?' (Size = 4000), @p70='?' (Size = 4000), @p71='?' (DbType = DateTime2), @p72='?' (DbType = Guid), @p73='?' (Size = 4000), @p74='?' (Size = 4000), @p75='?' (DbType = DateTime2), @p76='?' (Size = 4000), @p77='?' (DbType = Guid), @p78='?' (DbType = DateTime2), @p79='?' (DbType = Boolean), @p80='?' (Size = 4000), @p81='?' (Size = 4000), @p82='?' (DbType = DateTime2), @p83='?' (Size = 4000), @p84='?' (DbType = DateTime2), @p85='?' (DbType = Guid), @p86='?' (Size = 4000), @p87='?' (DbType = DateTime2), @p88='?' (DbType = Guid), @p89='?' (DbType = Boolean), @p90='?' (Size = 4000), @p91='?' (Size = 4000), @p92='?' (Size = 4000), @p93='?' (DbType = DateTime2), @p94='?' (DbType = Int32), @p95='?' (DbType = Guid), @p96='?' (Size = 4000), @p97='?' (Size = 4000), @p98='?' (DbType = DateTime2), @p99='?' (DbType = Guid), @p100='?' (DbType = DateTime2), @p101='?' (DbType = Boolean), @p102='?' (Size = 4000), @p103='?' (Size = 4000), @p104='?' (DbType = DateTime2), @p105='?' (Size = 4000), @p106='?' (Size = 4000), @p107='?' (DbType = DateTime2)"], CommandType='Text', CommandTimeout='30']"
""SET NOCOUNT ON;
INSERT INTO [EmployeeAddresses] ([Id], [AddressType], [City], [Country], [CreatedBy], [CreatedDate], [EmployeeId], [IsActive], [IsPrimary], [Line1], [Line2], [PostalCode], [State], [UpdatedBy], [UpdatedDate])
VALUES (@p0, @p1, @p2, @p3, @p4, @p5, @p6, @p7, @p8, @p9, @p10, @p11, @p12, @p13, @p14);
INSERT INTO [EmployeeBanks] ([Id], [AccountHolderName], [AccountNumber], [BankName], [BranchName], [CreatedBy], [CreatedDate], [Currency], [EmployeeId], [IbanNumber], [IsActive], [RoutingNumber], [SwiftCode], [UpdatedBy], [UpdatedDate])
VALUES (@p15, @p16, @p17, @p18, @p19, @p20, @p21, @p22, @p23, @p24, @p25, @p26, @p27, @p28, @p29);
INSERT INTO [EmployeeDocuments] ([Id], [CreatedBy], [CreatedDate], [DocumentNumber], [DocumentType], [EmployeeId], [ExpiryDate], [FileUrl], [IsActive], [IssueDate], [Remark], [UpdatedBy], [UpdatedDate])
VALUES (@p30, @p31, @p32, @p33, @p34, @p35, @p36, @p37, @p38, @p39, @p40, @p41, @p42);
INSERT INTO [EmployeeEducations] ([Id], [CreatedBy], [CreatedDate], [DocumentUrl], [EmployeeId], [EndYear], [Grade], [Institution], [IsActive], [Qualification], [Specialization], [StartYear], [University], [UpdatedBy], [UpdatedDate])
VALUES (@p43, @p44, @p45, @p46, @p47, @p48, @p49, @p50, @p51, @p52, @p53, @p54, @p55, @p56, @p57);
INSERT INTO [EmployeeEmergencyContacts] ([Id], [Address], [AlternatePhone], [CreatedBy], [CreatedDate], [Email], [EmployeeId], [IsActive], [IsPrimary], [Name], [PrimaryPhone], [Relationship], [UpdatedBy], [UpdatedDate])
VALUES (@p58, @p59, @p60, @p61, @p62, @p63, @p64, @p65, @p66, @p67, @p68, @p69, @p70, @p71);
INSERT INTO [EmployeeExperiences] ([Id], [CompanyName], [CreatedBy], [CreatedDate], [Designation], [EmployeeId], [EndDate], [IsActive], [Location], [Responsibilities], [StartDate], [UpdatedBy], [UpdatedDate])
VALUES (@p72, @p73, @p74, @p75, @p76, @p77, @p78, @p79, @p80, @p81, @p82, @p83, @p84);
INSERT INTO [EmployeeSkills] ([Id], [CreatedBy], [CreatedDate], [EmployeeId], [IsActive], [ProficiencyLevel], [SkillName], [UpdatedBy], [UpdatedDate], [YearsOfExperience])
VALUES (@p85, @p86, @p87, @p88, @p89, @p90, @p91, @p92, @p93, @p94);
INSERT INTO [EmployeeTrainings] ([Id], [CertificateUrl], [CreatedBy], [CreatedDate], [EmployeeId], [EndDate], [IsActive], [Outcome], [Provider], [StartDate], [TrainingName], [UpdatedBy], [UpdatedDate])
VALUES (@p95, @p96, @p97, @p98, @p99, @p100, @p101, @p102, @p103, @p104, @p105, @p106, @p107);"
[2026-05-31 01:46:15.620] [Information] () <Serilog.AspNetCore.RequestLoggingMiddleware> HTTP "PUT" "/api/v1/Employee/updateEmployee" responded 200 in 4685.6424 ms
[2026-05-31 01:46:15.728] [Debug] () <Microsoft.AspNetCore.Authentication.JwtBearer.JwtBearerHandler> Successfully validated the token.
[2026-05-31 01:46:15.729] [Debug] () <Microsoft.AspNetCore.Authentication.JwtBearer.JwtBearerHandler> AuthenticationScheme: "Bearer" was successfully authenticated.
[2026-05-31 01:46:15.731] [Information] () <> GetAllEmployeesPagingWithSearchAsync api method request: 
{"SearchTerm":"","SortColumnName":"EmployeeCode","SortColumnDirection":"asc","PageNumber":1,"PageSize":10}

[2026-05-31 01:46:15.776] [Information] () <Serilog.AspNetCore.RequestLoggingMiddleware> HTTP "GET" "/api/v1/Employee/getAllEmployeesPagingWithSearch" responded 200 in 48.3622 ms
[2026-05-31 01:46:20.998] [Debug] () <Microsoft.AspNetCore.Authentication.JwtBearer.JwtBearerHandler> Successfully validated the token.
[2026-05-31 01:46:20.998] [Debug] () <Microsoft.AspNetCore.Authentication.JwtBearer.JwtBearerHandler> AuthenticationScheme: "Bearer" was successfully authenticated.
[2026-05-31 01:46:21.000] [Information] () <> GetEmployeeInitialDataAsync api method started.
[2026-05-31 01:46:21.005] [Debug] () <Microsoft.AspNetCore.Authentication.JwtBearer.JwtBearerHandler> Successfully validated the token.
[2026-05-31 01:46:21.005] [Debug] () <Microsoft.AspNetCore.Authentication.JwtBearer.JwtBearerHandler> AuthenticationScheme: "Bearer" was successfully authenticated.
[2026-05-31 01:46:21.007] [Information] () <> GetEmployeeByIdAsync api method request: 
25f78cec-2242-402a-931f-afea2078ed10

[2026-05-31 01:46:21.053] [Information] () <Serilog.AspNetCore.RequestLoggingMiddleware> HTTP "GET" "/api/v1/Employee/getEmployeeById" responded 200 in 48.6838 ms
[2026-05-31 01:46:21.340] [Information] () <> GetEmployeeInitialDataAsync api method response: 
{
  "Success": true,
  "Message": "Employee initial data fetched.",
  "MessageType": 1,
  "ResponseCode": 200,
  "Result": {
    "Departments": [
      {
        "Id": "28260DA1-0BB1-4842-A3EC-786F859DC5CA",
        "Name": "Administration"
      },
      {
        "Id": "1F8FD7EE-C9C4-484B-AEB9-3F81F2C04609",
        "Name": "Engineering"
      },
      {
        "Id": "729197EE-0A7E-4910-81A1-BE9060A51AE7",
        "Name": "Finance"
      },
      {
        "Id": "2B3C7610-F979-48F0-881C-44B9F3C93555",
        "Name": "Human Resources"
      },
      {
        "Id": "5232EA50-7B93-4559-8EB6-DC5F3BD78A09",
        "Name": "Operations"
      }
    ],
    "Designations": [
      {
        "Id": "82B5F6D0-5403-48D0-8D1C-8EF510762631",
        "Name": "Accountant"
      },
      {
        "Id": "4E2E6864-B92C-4224-8BEF-20F7E72DF648",
        "Name": "Chief Executive Officer"
      },
      {
        "Id": "60BBB9DB-3A9E-4560-BB0F-C93DBAF9C7DB",
        "Name": "HR Manager"
      },
      {
        "Id": "F2597DAE-B3C6-47BB-B2A1-5CAA5DCFD770",
        "Name": "Intern"
      },
      {
        "Id": "E619D48F-BD89-404F-A406-F466F1B62088",
        "Name": "Manager"
      },
      {
        "Id": "51DA7CD0-7D22-4C3B-A01E-21E1EAFD27E9",
        "Name": "Senior Engineer"
      },
      {
        "Id": "368C0E9B-E60D-40CF-912C-43744DB1B19F",
        "Name": "Software Engineer"
      },
      {
        "Id": "F46D487D-F446-4E3C-B06F-8263DC854C89",
        "Name": "Team Lead"
      }
    ],
    "ReportingManagers": [],
    "Genders": [
      {
        "Id": "1",
        "Name": "Male"
      },
      {
        "Id": "2",
        "Name": "Female"
      },
      {
        "Id": "3",
        "Name": "Other"
      }
    ],
    "MaritalStatuses": [
      {
        "Id": "1",
        "Name": "Single"
      },
      {
        "Id": "2",
        "Name": "Married"
      },
      {
        "Id": "3",
        "Name": "Divorced"
      },
      {
        "Id": "4",
        "Name": "Widowed"
      },
      {
        "Id": "5",
        "Name": "Separated"
      }
    ],
    "BloodGroups": [
      {
        "Id": "1",
        "Name": "A+"
      },
      {
        "Id": "2",
        "Name": "A-"
      },
      {
        "Id": "3",
        "Name": "B+"
      },
      {
        "Id": "4",
        "Name": "B-"
      },
      {
        "Id": "5",
        "Name": "AB+"
      },
      {
        "Id": "6",
        "Name": "AB-"
      },
      {
        "Id": "7",
        "Name": "O+"
      },
      {
        "Id": "8",
        "Name": "O-"
      }
    ],
    "EmploymentTypes": [
      {
        "Id": "1",
        "Name": "Full Time"
      },
      {
        "Id": "2",
        "Name": "Part Time"
      },
      {
        "Id": "3",
        "Name": "Contract"
      },
      {
        "Id": "4",
        "Name": "Intern"
      },
      {
        "Id": "5",
        "Name": "Consultant"
      },
      {
        "Id": "6",
        "Name": "Probation"
      }
    ],
    "EmploymentStatuses": [
      {
        "Id": "1",
        "Name": "Active"
      },
      {
        "Id": "2",
        "Name": "On Leave"
      },
      {
        "Id": "3",
        "Name": "Suspended"
      },
      {
        "Id": "4",
        "Name": "Resigned"
      },
      {
        "Id": "5",
        "Name": "Terminated"
      },
      {
        "Id": "6",
        "Name": "Retired"
      }
    ],
    "NextEmployeeCode": "EMP-0002"
  }
}

[2026-05-31 01:46:21.347] [Information] () <Serilog.AspNetCore.RequestLoggingMiddleware> HTTP "GET" "/api/v1/Employee/getEmployeeInitialData" responded 200 in 349.7677 ms
